[0.039s] Invoking command in '/home/rohithvikram/C++learning/Turtlebot3-control-using-Ros2-and-Fiducial-marker/build/tb3_gazebo': CMAKE_PREFIX_PATH=${CMAKE_PREFIX_PATH}:/home/rohithvikram/voidwalking/ros2_ws/install/waypoints:/opt/ros/humble /usr/bin/cmake /home/rohithvikram/C++learning/Turtlebot3-control-using-Ros2-and-Fiducial-marker/Turtlebot3_control/tb3_gazebo -DCMAKE_INSTALL_PREFIX=/home/rohithvikram/C++learning/Turtlebot3-control-using-Ros2-and-Fiducial-marker/install/tb3_gazebo
[0.521s] [33mCMake Warning (dev) at /usr/share/cmake-3.22/Modules/FindPackageHandleStandardArgs.cmake:438 (message):
[0.521s]   The package name passed to `find_package_handle_standard_args` (PkgConfig)
[0.521s]   does not match the name of the calling package (gazebo).  This can lead to
[0.521s]   problems in calling code that expects `find_package` result variables
[0.521s]   (e.g., `_FOUND`) to follow a certain pattern.
[0.521s] Call Stack (most recent call first):
[0.521s]   /usr/share/cmake-3.22/Modules/FindPkgConfig.cmake:99 (find_package_handle_standard_args)
[0.521s]   /usr/lib/x86_64-linux-gnu/cmake/gazebo/gazebo-config.cmake:72 (include)
[0.521s]   CMakeLists.txt:23 (find_package)
[0.522s] This warning is for project developers.  Use -Wno-dev to suppress it.
[0.522s] [0m
[0.524s] -- The C compiler identification is GNU 11.4.0
[0.524s] -- The CXX compiler identification is GNU 11.4.0
[0.524s] -- Detecting C compiler ABI info
[0.524s] -- Detecting C compiler ABI info - done
[0.524s] -- Check for working C compiler: /usr/bin/cc - skipped
[0.524s] -- Detecting C compile features
[0.524s] -- Detecting C compile features - done
[0.524s] -- Detecting CXX compiler ABI info
[0.524s] -- Detecting CXX compiler ABI info - done
[0.524s] -- Check for working CXX compiler: /usr/bin/c++ - skipped
[0.524s] -- Detecting CXX compile features
[0.524s] -- Detecting CXX compile features - done
[0.524s] -- Found ament_cmake: 1.3.11 (/opt/ros/humble/share/ament_cmake/cmake)
[0.525s] -- Found Python3: /usr/bin/python3 (found version "3.10.12") found components: Interpreter 
[0.525s] -- Found PkgConfig: /usr/bin/pkg-config (found version "0.29.2") 
[0.525s] -- Checking for module 'bullet>=2.82'
[0.525s] --   Found bullet, version 3.05
[0.554s] -- Found fcl: /usr/include (found suitable version "0.7.0", minimum required is "0.5.0") 
[0.597s] -- Found assimp: /usr/include (found version "5.2.0") 
[0.617s] -- Found DART: /usr/include (Required is at least version "6.6") found components: dart 
[0.732s] -- Found Boost: /usr/lib/x86_64-linux-gnu/cmake/Boost-1.74.0/BoostConfig.cmake (found suitable version "1.74.0", minimum required is "1.40.0") found components: thread system filesystem program_options regex iostreams date_time 
[0.743s] -- Found Protobuf: /usr/lib/x86_64-linux-gnu/libprotobuf.so (found version "3.12.4") 
[0.748s] -- Looking for ignition-math6 -- found version 6.15.1
[0.753s] -- Searching for dependencies of ignition-math6
[0.754s] -- Looking for OGRE...
[0.754s] -- OGRE_PREFIX_WATCH changed.
[0.758s] -- Checking for module 'OGRE'
[0.770s] --   Found OGRE, version 1.9.0
[0.798s] -- Found Ogre Ghadamon (1.9.0)
[0.810s] -- Found OGRE: optimized;/usr/lib/x86_64-linux-gnu/libOgreMain.so;debug;/usr/lib/x86_64-linux-gnu/libOgreMain.so
[0.820s] -- Looking for OGRE_Paging...
[0.828s] -- Found OGRE_Paging: optimized;/usr/lib/x86_64-linux-gnu/libOgrePaging.so;debug;/usr/lib/x86_64-linux-gnu/libOgrePaging.so
[0.828s] -- Looking for OGRE_Terrain...
[0.835s] -- Found OGRE_Terrain: optimized;/usr/lib/x86_64-linux-gnu/libOgreTerrain.so;debug;/usr/lib/x86_64-linux-gnu/libOgreTerrain.so
[0.835s] -- Looking for OGRE_Property...
[0.841s] -- Found OGRE_Property: optimized;/usr/lib/x86_64-linux-gnu/libOgreProperty.so;debug;/usr/lib/x86_64-linux-gnu/libOgreProperty.so
[0.841s] -- Looking for OGRE_RTShaderSystem...
[0.849s] -- Found OGRE_RTShaderSystem: optimized;/usr/lib/x86_64-linux-gnu/libOgreRTShaderSystem.so;debug;/usr/lib/x86_64-linux-gnu/libOgreRTShaderSystem.so
[0.849s] -- Looking for OGRE_Volume...
[0.855s] -- Found OGRE_Volume: optimized;/usr/lib/x86_64-linux-gnu/libOgreVolume.so;debug;/usr/lib/x86_64-linux-gnu/libOgreVolume.so
[0.855s] -- Looking for OGRE_Overlay...
[0.859s] -- Found OGRE_Overlay: optimized;/usr/lib/x86_64-linux-gnu/libOgreOverlay.so;debug;/usr/lib/x86_64-linux-gnu/libOgreOverlay.so
[0.942s] -- Looking for ignition-math6 -- found version 6.15.1
[0.944s] -- Looking for ignition-transport8 -- found version 8.2.1
[0.945s] -- Searching for dependencies of ignition-transport8
[0.957s] -- Found Protobuf: /usr/lib/x86_64-linux-gnu/libprotobuf.so (found suitable version "3.12.4", minimum required is "3") 
[0.965s] -- Config-file not installed for ZeroMQ -- checking for pkg-config
[0.969s] -- Checking for module 'libzmq >= 4'
[0.976s] --   Found libzmq , version 4.3.4
[0.997s] -- Found ZeroMQ: TRUE (Required is at least version "4") 
[1.001s] -- Checking for module 'uuid'
[1.009s] --   Found uuid, version 2.37.2
[1.031s] -- Found UUID: TRUE  
[1.035s] -- Looking for ignition-msgs5 -- found version 5.8.1
[1.035s] -- Searching for dependencies of ignition-msgs5
[1.055s] -- Looking for ignition-math6 -- found version 6.15.1
[1.059s] -- Checking for module 'tinyxml2'
[1.071s] --   Found tinyxml2, version 9.0.0
[1.098s] -- Looking for ignition-msgs5 -- found version 5.8.1
[1.101s] -- Looking for ignition-common3 -- found version 3.14.0
[1.102s] -- Searching for dependencies of ignition-common3
[1.102s] -- Looking for dlfcn.h - found
[1.103s] -- Looking for libdl - found
[1.104s] -- Found DL: TRUE  
[1.116s] -- Found tinyobjloader: /usr/lib/x86_64-linux-gnu/cmake/tinyobjloader/tinyobjloader-config.cmake (found version "2.0.0") 
[1.116s] -- Searching for <ignition-common3> component [graphics]
[1.120s] -- Looking for ignition-common3-graphics -- found version 3.14.0
[1.121s] -- Searching for dependencies of ignition-common3-graphics
[1.121s] -- Looking for ignition-math6 -- found version 6.15.1
[1.125s] -- Looking for ignition-fuel_tools4 -- found version 4.4.0
[1.125s] -- Searching for dependencies of ignition-fuel_tools4
[1.196s] -- Found CURL: /usr/lib/x86_64-linux-gnu/libcurl.so (found version "7.81.0")  
[1.205s] -- Checking for module 'jsoncpp'
[1.217s] --   Found jsoncpp, version 1.9.5
[1.244s] -- Found JSONCPP: TRUE  
[1.252s] -- Checking for module 'libzip'
[1.263s] --   Found libzip, version 1.7.3
[1.284s] -- Found ZIP: TRUE  
[1.285s] -- Looking for ignition-common3 -- found version 3.14.0
[1.285s] -- Looking for ignition-math6 -- found version 6.15.1
[1.286s] -- Looking for ignition-msgs5 -- found version 5.8.1
[1.293s] -- Found gazebo_ros_pkgs: 3.7.0 (/opt/ros/humble/share/gazebo_ros_pkgs/cmake)
[1.296s] -- Found geometry_msgs: 4.2.4 (/opt/ros/humble/share/geometry_msgs/cmake)
[1.331s] -- Found rosidl_generator_c: 3.1.6 (/opt/ros/humble/share/rosidl_generator_c/cmake)
[1.335s] -- Found rosidl_adapter: 3.1.6 (/opt/ros/humble/share/rosidl_adapter/cmake)
[1.342s] -- Found rosidl_generator_cpp: 3.1.6 (/opt/ros/humble/share/rosidl_generator_cpp/cmake)
[1.351s] -- Using all available rosidl_typesupport_c: rosidl_typesupport_fastrtps_c;rosidl_typesupport_introspection_c
[1.363s] -- Using all available rosidl_typesupport_cpp: rosidl_typesupport_fastrtps_cpp;rosidl_typesupport_introspection_cpp
[1.390s] -- Found nav_msgs: 4.2.4 (/opt/ros/humble/share/nav_msgs/cmake)
[1.402s] -- Found rclcpp: 16.0.11 (/opt/ros/humble/share/rclcpp/cmake)
[1.430s] -- Found rmw_implementation_cmake: 6.1.2 (/opt/ros/humble/share/rmw_implementation_cmake/cmake)
[1.432s] -- Found rmw_fastrtps_cpp: 6.2.7 (/opt/ros/humble/share/rmw_fastrtps_cpp/cmake)
[1.507s] -- Found OpenSSL: /usr/lib/x86_64-linux-gnu/libcrypto.so (found version "3.0.2")  
[1.534s] -- Found FastRTPS: /opt/ros/humble/include  
[1.567s] -- Using RMW implementation 'rmw_fastrtps_cpp' as default
[1.574s] -- Found Threads: TRUE  
[1.601s] -- Found sensor_msgs: 4.2.4 (/opt/ros/humble/share/sensor_msgs/cmake)
[1.613s] -- Found tf2: 0.25.9 (/opt/ros/humble/share/tf2/cmake)
[1.669s] -- Configuring done
[1.676s] -- Generating done
[1.679s] -- Build files have been written to: /home/rohithvikram/C++learning/Turtlebot3-control-using-Ros2-and-Fiducial-marker/build/tb3_gazebo
[1.688s] Invoked command in '/home/rohithvikram/C++learning/Turtlebot3-control-using-Ros2-and-Fiducial-marker/build/tb3_gazebo' returned '0': CMAKE_PREFIX_PATH=${CMAKE_PREFIX_PATH}:/home/rohithvikram/voidwalking/ros2_ws/install/waypoints:/opt/ros/humble /usr/bin/cmake /home/rohithvikram/C++learning/Turtlebot3-control-using-Ros2-and-Fiducial-marker/Turtlebot3_control/tb3_gazebo -DCMAKE_INSTALL_PREFIX=/home/rohithvikram/C++learning/Turtlebot3-control-using-Ros2-and-Fiducial-marker/install/tb3_gazebo
[1.690s] Invoking command in '/home/rohithvikram/C++learning/Turtlebot3-control-using-Ros2-and-Fiducial-marker/build/tb3_gazebo': CMAKE_PREFIX_PATH=${CMAKE_PREFIX_PATH}:/home/rohithvikram/voidwalking/ros2_ws/install/waypoints:/opt/ros/humble /usr/bin/cmake --build /home/rohithvikram/C++learning/Turtlebot3-control-using-Ros2-and-Fiducial-marker/build/tb3_gazebo -- -j20 -l20
[1.728s] [ 50%] [32mBuilding CXX object CMakeFiles/turtlebot3_drive.dir/src/turtlebot3_drive.cpp.o[0m
[11.975s] [100%] [32m[1mLinking CXX executable turtlebot3_drive[0m
[12.387s] [100%] Built target turtlebot3_drive
[12.396s] Invoked command in '/home/rohithvikram/C++learning/Turtlebot3-control-using-Ros2-and-Fiducial-marker/build/tb3_gazebo' returned '0': CMAKE_PREFIX_PATH=${CMAKE_PREFIX_PATH}:/home/rohithvikram/voidwalking/ros2_ws/install/waypoints:/opt/ros/humble /usr/bin/cmake --build /home/rohithvikram/C++learning/Turtlebot3-control-using-Ros2-and-Fiducial-marker/build/tb3_gazebo -- -j20 -l20
[12.398s] Invoking command in '/home/rohithvikram/C++learning/Turtlebot3-control-using-Ros2-and-Fiducial-marker/build/tb3_gazebo': CMAKE_PREFIX_PATH=${CMAKE_PREFIX_PATH}:/home/rohithvikram/voidwalking/ros2_ws/install/waypoints:/opt/ros/humble /usr/bin/cmake --install /home/rohithvikram/C++learning/Turtlebot3-control-using-Ros2-and-Fiducial-marker/build/tb3_gazebo
[12.404s] -- Install configuration: ""
[12.404s] -- Installing: /home/rohithvikram/C++learning/Turtlebot3-control-using-Ros2-and-Fiducial-marker/install/tb3_gazebo/lib/tb3_gazebo/turtlebot3_drive
[12.408s] -- Set runtime path of "/home/rohithvikram/C++learning/Turtlebot3-control-using-Ros2-and-Fiducial-marker/install/tb3_gazebo/lib/tb3_gazebo/turtlebot3_drive" to ""
[12.408s] -- Installing: /home/rohithvikram/C++learning/Turtlebot3-control-using-Ros2-and-Fiducial-marker/install/tb3_gazebo/share/tb3_gazebo//launch
[12.408s] -- Installing: /home/rohithvikram/C++learning/Turtlebot3-control-using-Ros2-and-Fiducial-marker/install/tb3_gazebo/share/tb3_gazebo//launch/spawn_turtlebot3.launch.py
[12.408s] -- Installing: /home/rohithvikram/C++learning/Turtlebot3-control-using-Ros2-and-Fiducial-marker/install/tb3_gazebo/share/tb3_gazebo//launch/turtlebot3_dqn_stage3.launch.py
[12.408s] -- Installing: /home/rohithvikram/C++learning/Turtlebot3-control-using-Ros2-and-Fiducial-marker/install/tb3_gazebo/share/tb3_gazebo//launch/turtlebot3_dqn_stage1.launch.py
[12.408s] -- Installing: /home/rohithvikram/C++learning/Turtlebot3-control-using-Ros2-and-Fiducial-marker/install/tb3_gazebo/share/tb3_gazebo//launch/turtlebot3_house.launch.py
[12.408s] -- Installing: /home/rohithvikram/C++learning/Turtlebot3-control-using-Ros2-and-Fiducial-marker/install/tb3_gazebo/share/tb3_gazebo//launch/empty_world.launch.py
[12.408s] -- Installing: /home/rohithvikram/C++learning/Turtlebot3-control-using-Ros2-and-Fiducial-marker/install/tb3_gazebo/share/tb3_gazebo//launch/turtlebot3_dqn_stage2.launch.py
[12.409s] -- Installing: /home/rohithvikram/C++learning/Turtlebot3-control-using-Ros2-and-Fiducial-marker/install/tb3_gazebo/share/tb3_gazebo//launch/turtlebot3_world.launch.py
[12.409s] -- Installing: /home/rohithvikram/C++learning/Turtlebot3-control-using-Ros2-and-Fiducial-marker/install/tb3_gazebo/share/tb3_gazebo//launch/robot_state_publisher.launch.py
[12.409s] -- Installing: /home/rohithvikram/C++learning/Turtlebot3-control-using-Ros2-and-Fiducial-marker/install/tb3_gazebo/share/tb3_gazebo//launch/turtlebot3_dqn_stage4.launch.py
[12.409s] -- Installing: /home/rohithvikram/C++learning/Turtlebot3-control-using-Ros2-and-Fiducial-marker/install/tb3_gazebo/share/tb3_gazebo//models
[12.409s] -- Installing: /home/rohithvikram/C++learning/Turtlebot3-control-using-Ros2-and-Fiducial-marker/install/tb3_gazebo/share/tb3_gazebo//models/aruco_marker_1
[12.409s] -- Installing: /home/rohithvikram/C++learning/Turtlebot3-control-using-Ros2-and-Fiducial-marker/install/tb3_gazebo/share/tb3_gazebo//models/aruco_marker_1/model.config
[12.409s] -- Installing: /home/rohithvikram/C++learning/Turtlebot3-control-using-Ros2-and-Fiducial-marker/install/tb3_gazebo/share/tb3_gazebo//models/aruco_marker_1/materials
[12.409s] -- Installing: /home/rohithvikram/C++learning/Turtlebot3-control-using-Ros2-and-Fiducial-marker/install/tb3_gazebo/share/tb3_gazebo//models/aruco_marker_1/materials/scripts
[12.409s] -- Installing: /home/rohithvikram/C++learning/Turtlebot3-control-using-Ros2-and-Fiducial-marker/install/tb3_gazebo/share/tb3_gazebo//models/aruco_marker_1/materials/scripts/marker.material
[12.409s] -- Installing: /home/rohithvikram/C++learning/Turtlebot3-control-using-Ros2-and-Fiducial-marker/install/tb3_gazebo/share/tb3_gazebo//models/aruco_marker_1/materials/textures
[12.409s] -- Installing: /home/rohithvikram/C++learning/Turtlebot3-control-using-Ros2-and-Fiducial-marker/install/tb3_gazebo/share/tb3_gazebo//models/aruco_marker_1/materials/textures/marker_1.png
[12.409s] -- Installing: /home/rohithvikram/C++learning/Turtlebot3-control-using-Ros2-and-Fiducial-marker/install/tb3_gazebo/share/tb3_gazebo//models/aruco_marker_1/model.sdf
[12.410s] -- Installing: /home/rohithvikram/C++learning/Turtlebot3-control-using-Ros2-and-Fiducial-marker/install/tb3_gazebo/share/tb3_gazebo//models/final_project_world
[12.410s] -- Installing: /home/rohithvikram/C++learning/Turtlebot3-control-using-Ros2-and-Fiducial-marker/install/tb3_gazebo/share/tb3_gazebo//models/final_project_world/model.config
[12.410s] -- Installing: /home/rohithvikram/C++learning/Turtlebot3-control-using-Ros2-and-Fiducial-marker/install/tb3_gazebo/share/tb3_gazebo//models/final_project_world/model.sdf
[12.410s] -- Installing: /home/rohithvikram/C++learning/Turtlebot3-control-using-Ros2-and-Fiducial-marker/install/tb3_gazebo/share/tb3_gazebo//models/aruco_marker_3
[12.410s] -- Installing: /home/rohithvikram/C++learning/Turtlebot3-control-using-Ros2-and-Fiducial-marker/install/tb3_gazebo/share/tb3_gazebo//models/aruco_marker_3/model.config
[12.410s] -- Installing: /home/rohithvikram/C++learning/Turtlebot3-control-using-Ros2-and-Fiducial-marker/install/tb3_gazebo/share/tb3_gazebo//models/aruco_marker_3/materials
[12.410s] -- Installing: /home/rohithvikram/C++learning/Turtlebot3-control-using-Ros2-and-Fiducial-marker/install/tb3_gazebo/share/tb3_gazebo//models/aruco_marker_3/materials/scripts
[12.410s] -- Installing: /home/rohithvikram/C++learning/Turtlebot3-control-using-Ros2-and-Fiducial-marker/install/tb3_gazebo/share/tb3_gazebo//models/aruco_marker_3/materials/scripts/marker.material
[12.410s] -- Installing: /home/rohithvikram/C++learning/Turtlebot3-control-using-Ros2-and-Fiducial-marker/install/tb3_gazebo/share/tb3_gazebo//models/aruco_marker_3/materials/textures
[12.410s] -- Installing: /home/rohithvikram/C++learning/Turtlebot3-control-using-Ros2-and-Fiducial-marker/install/tb3_gazebo/share/tb3_gazebo//models/aruco_marker_3/materials/textures/marker_3.png
[12.410s] -- Installing: /home/rohithvikram/C++learning/Turtlebot3-control-using-Ros2-and-Fiducial-marker/install/tb3_gazebo/share/tb3_gazebo//models/aruco_marker_3/model.sdf
[12.410s] -- Installing: /home/rohithvikram/C++learning/Turtlebot3-control-using-Ros2-and-Fiducial-marker/install/tb3_gazebo/share/tb3_gazebo//models/turtlebot3_world
[12.410s] -- Installing: /home/rohithvikram/C++learning/Turtlebot3-control-using-Ros2-and-Fiducial-marker/install/tb3_gazebo/share/tb3_gazebo//models/turtlebot3_world/model.config
[12.410s] -- Installing: /home/rohithvikram/C++learning/Turtlebot3-control-using-Ros2-and-Fiducial-marker/install/tb3_gazebo/share/tb3_gazebo//models/turtlebot3_world/meshes
[12.411s] -- Installing: /home/rohithvikram/C++learning/Turtlebot3-control-using-Ros2-and-Fiducial-marker/install/tb3_gazebo/share/tb3_gazebo//models/turtlebot3_world/meshes/wall.dae
[12.411s] -- Installing: /home/rohithvikram/C++learning/Turtlebot3-control-using-Ros2-and-Fiducial-marker/install/tb3_gazebo/share/tb3_gazebo//models/turtlebot3_world/meshes/hexagon.dae
[12.411s] -- Installing: /home/rohithvikram/C++learning/Turtlebot3-control-using-Ros2-and-Fiducial-marker/install/tb3_gazebo/share/tb3_gazebo//models/turtlebot3_world/model.sdf
[12.411s] -- Installing: /home/rohithvikram/C++learning/Turtlebot3-control-using-Ros2-and-Fiducial-marker/install/tb3_gazebo/share/tb3_gazebo//models/turtlebot3_world/model-1_4.sdf
[12.411s] -- Installing: /home/rohithvikram/C++learning/Turtlebot3-control-using-Ros2-and-Fiducial-marker/install/tb3_gazebo/share/tb3_gazebo//models/one
[12.411s] -- Installing: /home/rohithvikram/C++learning/Turtlebot3-control-using-Ros2-and-Fiducial-marker/install/tb3_gazebo/share/tb3_gazebo//models/one/model.config
[12.411s] -- Installing: /home/rohithvikram/C++learning/Turtlebot3-control-using-Ros2-and-Fiducial-marker/install/tb3_gazebo/share/tb3_gazebo//models/one/materials
[12.411s] -- Installing: /home/rohithvikram/C++learning/Turtlebot3-control-using-Ros2-and-Fiducial-marker/install/tb3_gazebo/share/tb3_gazebo//models/one/materials/scripts
[12.411s] -- Installing: /home/rohithvikram/C++learning/Turtlebot3-control-using-Ros2-and-Fiducial-marker/install/tb3_gazebo/share/tb3_gazebo//models/one/materials/scripts/marker.material
[12.411s] -- Installing: /home/rohithvikram/C++learning/Turtlebot3-control-using-Ros2-and-Fiducial-marker/install/tb3_gazebo/share/tb3_gazebo//models/one/materials/textures
[12.411s] -- Installing: /home/rohithvikram/C++learning/Turtlebot3-control-using-Ros2-and-Fiducial-marker/install/tb3_gazebo/share/tb3_gazebo//models/one/materials/textures/1.jpeg
[12.411s] -- Installing: /home/rohithvikram/C++learning/Turtlebot3-control-using-Ros2-and-Fiducial-marker/install/tb3_gazebo/share/tb3_gazebo//models/one/materials/textures/1.png
[12.412s] -- Installing: /home/rohithvikram/C++learning/Turtlebot3-control-using-Ros2-and-Fiducial-marker/install/tb3_gazebo/share/tb3_gazebo//models/one/model.sdf
[12.412s] -- Installing: /home/rohithvikram/C++learning/Turtlebot3-control-using-Ros2-and-Fiducial-marker/install/tb3_gazebo/share/tb3_gazebo//models/aruco_marker_2
[12.412s] -- Installing: /home/rohithvikram/C++learning/Turtlebot3-control-using-Ros2-and-Fiducial-marker/install/tb3_gazebo/share/tb3_gazebo//models/aruco_marker_2/model.config
[12.412s] -- Installing: /home/rohithvikram/C++learning/Turtlebot3-control-using-Ros2-and-Fiducial-marker/install/tb3_gazebo/share/tb3_gazebo//models/aruco_marker_2/materials
[12.412s] -- Installing: /home/rohithvikram/C++learning/Turtlebot3-control-using-Ros2-and-Fiducial-marker/install/tb3_gazebo/share/tb3_gazebo//models/aruco_marker_2/materials/scripts
[12.412s] -- Installing: /home/rohithvikram/C++learning/Turtlebot3-control-using-Ros2-and-Fiducial-marker/install/tb3_gazebo/share/tb3_gazebo//models/aruco_marker_2/materials/scripts/marker.material
[12.412s] -- Installing: /home/rohithvikram/C++learning/Turtlebot3-control-using-Ros2-and-Fiducial-marker/install/tb3_gazebo/share/tb3_gazebo//models/aruco_marker_2/materials/textures
[12.412s] -- Installing: /home/rohithvikram/C++learning/Turtlebot3-control-using-Ros2-and-Fiducial-marker/install/tb3_gazebo/share/tb3_gazebo//models/aruco_marker_2/materials/textures/marker_2.png
[12.412s] -- Installing: /home/rohithvikram/C++learning/Turtlebot3-control-using-Ros2-and-Fiducial-marker/install/tb3_gazebo/share/tb3_gazebo//models/aruco_marker_2/model.sdf
[12.412s] -- Installing: /home/rohithvikram/C++learning/Turtlebot3-control-using-Ros2-and-Fiducial-marker/install/tb3_gazebo/share/tb3_gazebo//models/turtlebot3_waffle
[12.412s] -- Installing: /home/rohithvikram/C++learning/Turtlebot3-control-using-Ros2-and-Fiducial-marker/install/tb3_gazebo/share/tb3_gazebo//models/turtlebot3_waffle/model.config
[12.412s] -- Installing: /home/rohithvikram/C++learning/Turtlebot3-control-using-Ros2-and-Fiducial-marker/install/tb3_gazebo/share/tb3_gazebo//models/turtlebot3_waffle/model_robot1.sdf
[12.412s] -- Installing: /home/rohithvikram/C++learning/Turtlebot3-control-using-Ros2-and-Fiducial-marker/install/tb3_gazebo/share/tb3_gazebo//models/turtlebot3_waffle/model_robot2_aruco3.sdf
[12.413s] -- Installing: /home/rohithvikram/C++learning/Turtlebot3-control-using-Ros2-and-Fiducial-marker/install/tb3_gazebo/share/tb3_gazebo//models/turtlebot3_waffle/model_robot2_aruco1.sdf
[12.413s] -- Installing: /home/rohithvikram/C++learning/Turtlebot3-control-using-Ros2-and-Fiducial-marker/install/tb3_gazebo/share/tb3_gazebo//models/turtlebot3_waffle/model_robot3.sdf
[12.413s] -- Installing: /home/rohithvikram/C++learning/Turtlebot3-control-using-Ros2-and-Fiducial-marker/install/tb3_gazebo/share/tb3_gazebo//models/turtlebot3_waffle/model_robot2_aruco0.sdf
[12.413s] -- Installing: /home/rohithvikram/C++learning/Turtlebot3-control-using-Ros2-and-Fiducial-marker/install/tb3_gazebo/share/tb3_gazebo//models/turtlebot3_waffle/model_robot2_aruco2.sdf
[12.413s] -- Installing: /home/rohithvikram/C++learning/Turtlebot3-control-using-Ros2-and-Fiducial-marker/install/tb3_gazebo/share/tb3_gazebo//models/turtlebot3_waffle/model-1_4.sdf
[12.413s] -- Installing: /home/rohithvikram/C++learning/Turtlebot3-control-using-Ros2-and-Fiducial-marker/install/tb3_gazebo/share/tb3_gazebo//models/four
[12.413s] -- Installing: /home/rohithvikram/C++learning/Turtlebot3-control-using-Ros2-and-Fiducial-marker/install/tb3_gazebo/share/tb3_gazebo//models/four/model.config
[12.413s] -- Installing: /home/rohithvikram/C++learning/Turtlebot3-control-using-Ros2-and-Fiducial-marker/install/tb3_gazebo/share/tb3_gazebo//models/four/materials
[12.413s] -- Installing: /home/rohithvikram/C++learning/Turtlebot3-control-using-Ros2-and-Fiducial-marker/install/tb3_gazebo/share/tb3_gazebo//models/four/materials/scripts
[12.414s] -- Installing: /home/rohithvikram/C++learning/Turtlebot3-control-using-Ros2-and-Fiducial-marker/install/tb3_gazebo/share/tb3_gazebo//models/four/materials/scripts/marker.material
[12.414s] -- Installing: /home/rohithvikram/C++learning/Turtlebot3-control-using-Ros2-and-Fiducial-marker/install/tb3_gazebo/share/tb3_gazebo//models/four/materials/textures
[12.414s] -- Installing: /home/rohithvikram/C++learning/Turtlebot3-control-using-Ros2-and-Fiducial-marker/install/tb3_gazebo/share/tb3_gazebo//models/four/materials/textures/4.png
[12.414s] -- Installing: /home/rohithvikram/C++learning/Turtlebot3-control-using-Ros2-and-Fiducial-marker/install/tb3_gazebo/share/tb3_gazebo//models/four/model.sdf
[12.414s] -- Installing: /home/rohithvikram/C++learning/Turtlebot3-control-using-Ros2-and-Fiducial-marker/install/tb3_gazebo/share/tb3_gazebo//models/aruco_marker_0
[12.414s] -- Installing: /home/rohithvikram/C++learning/Turtlebot3-control-using-Ros2-and-Fiducial-marker/install/tb3_gazebo/share/tb3_gazebo//models/aruco_marker_0/model.config
[12.414s] -- Installing: /home/rohithvikram/C++learning/Turtlebot3-control-using-Ros2-and-Fiducial-marker/install/tb3_gazebo/share/tb3_gazebo//models/aruco_marker_0/materials
[12.414s] -- Installing: /home/rohithvikram/C++learning/Turtlebot3-control-using-Ros2-and-Fiducial-marker/install/tb3_gazebo/share/tb3_gazebo//models/aruco_marker_0/materials/scripts
[12.414s] -- Installing: /home/rohithvikram/C++learning/Turtlebot3-control-using-Ros2-and-Fiducial-marker/install/tb3_gazebo/share/tb3_gazebo//models/aruco_marker_0/materials/scripts/marker.material
[12.414s] -- Installing: /home/rohithvikram/C++learning/Turtlebot3-control-using-Ros2-and-Fiducial-marker/install/tb3_gazebo/share/tb3_gazebo//models/aruco_marker_0/materials/textures
[12.414s] -- Installing: /home/rohithvikram/C++learning/Turtlebot3-control-using-Ros2-and-Fiducial-marker/install/tb3_gazebo/share/tb3_gazebo//models/aruco_marker_0/materials/textures/marker_0.png
[12.415s] -- Installing: /home/rohithvikram/C++learning/Turtlebot3-control-using-Ros2-and-Fiducial-marker/install/tb3_gazebo/share/tb3_gazebo//models/aruco_marker_0/model.sdf
[12.415s] -- Installing: /home/rohithvikram/C++learning/Turtlebot3-control-using-Ros2-and-Fiducial-marker/install/tb3_gazebo/share/tb3_gazebo//models/three
[12.415s] -- Installing: /home/rohithvikram/C++learning/Turtlebot3-control-using-Ros2-and-Fiducial-marker/install/tb3_gazebo/share/tb3_gazebo//models/three/model.config
[12.415s] -- Installing: /home/rohithvikram/C++learning/Turtlebot3-control-using-Ros2-and-Fiducial-marker/install/tb3_gazebo/share/tb3_gazebo//models/three/materials
[12.415s] -- Installing: /home/rohithvikram/C++learning/Turtlebot3-control-using-Ros2-and-Fiducial-marker/install/tb3_gazebo/share/tb3_gazebo//models/three/materials/scripts
[12.415s] -- Installing: /home/rohithvikram/C++learning/Turtlebot3-control-using-Ros2-and-Fiducial-marker/install/tb3_gazebo/share/tb3_gazebo//models/three/materials/scripts/marker.material
[12.415s] -- Installing: /home/rohithvikram/C++learning/Turtlebot3-control-using-Ros2-and-Fiducial-marker/install/tb3_gazebo/share/tb3_gazebo//models/three/materials/textures
[12.415s] -- Installing: /home/rohithvikram/C++learning/Turtlebot3-control-using-Ros2-and-Fiducial-marker/install/tb3_gazebo/share/tb3_gazebo//models/three/materials/textures/3.png
[12.415s] -- Installing: /home/rohithvikram/C++learning/Turtlebot3-control-using-Ros2-and-Fiducial-marker/install/tb3_gazebo/share/tb3_gazebo//models/three/model.sdf
[12.415s] -- Installing: /home/rohithvikram/C++learning/Turtlebot3-control-using-Ros2-and-Fiducial-marker/install/tb3_gazebo/share/tb3_gazebo//models/ground_plane
[12.415s] -- Installing: /home/rohithvikram/C++learning/Turtlebot3-control-using-Ros2-and-Fiducial-marker/install/tb3_gazebo/share/tb3_gazebo//models/ground_plane/model.config
[12.415s] -- Installing: /home/rohithvikram/C++learning/Turtlebot3-control-using-Ros2-and-Fiducial-marker/install/tb3_gazebo/share/tb3_gazebo//models/ground_plane/model-1_3.sdf
[12.415s] -- Installing: /home/rohithvikram/C++learning/Turtlebot3-control-using-Ros2-and-Fiducial-marker/install/tb3_gazebo/share/tb3_gazebo//models/ground_plane/model-1_2.sdf
[12.416s] -- Installing: /home/rohithvikram/C++learning/Turtlebot3-control-using-Ros2-and-Fiducial-marker/install/tb3_gazebo/share/tb3_gazebo//models/ground_plane/model.sdf
[12.416s] -- Installing: /home/rohithvikram/C++learning/Turtlebot3-control-using-Ros2-and-Fiducial-marker/install/tb3_gazebo/share/tb3_gazebo//models/ground_plane/model-1_4.sdf
[12.416s] -- Installing: /home/rohithvikram/C++learning/Turtlebot3-control-using-Ros2-and-Fiducial-marker/install/tb3_gazebo/share/tb3_gazebo//models/two
[12.416s] -- Installing: /home/rohithvikram/C++learning/Turtlebot3-control-using-Ros2-and-Fiducial-marker/install/tb3_gazebo/share/tb3_gazebo//models/two/model.config
[12.416s] -- Installing: /home/rohithvikram/C++learning/Turtlebot3-control-using-Ros2-and-Fiducial-marker/install/tb3_gazebo/share/tb3_gazebo//models/two/materials
[12.416s] -- Installing: /home/rohithvikram/C++learning/Turtlebot3-control-using-Ros2-and-Fiducial-marker/install/tb3_gazebo/share/tb3_gazebo//models/two/materials/scripts
[12.416s] -- Installing: /home/rohithvikram/C++learning/Turtlebot3-control-using-Ros2-and-Fiducial-marker/install/tb3_gazebo/share/tb3_gazebo//models/two/materials/scripts/marker.material
[12.416s] -- Installing: /home/rohithvikram/C++learning/Turtlebot3-control-using-Ros2-and-Fiducial-marker/install/tb3_gazebo/share/tb3_gazebo//models/two/materials/textures
[12.416s] -- Installing: /home/rohithvikram/C++learning/Turtlebot3-control-using-Ros2-and-Fiducial-marker/install/tb3_gazebo/share/tb3_gazebo//models/two/materials/textures/2.png
[12.416s] -- Installing: /home/rohithvikram/C++learning/Turtlebot3-control-using-Ros2-and-Fiducial-marker/install/tb3_gazebo/share/tb3_gazebo//models/two/model.sdf
[12.416s] -- Installing: /home/rohithvikram/C++learning/Turtlebot3-control-using-Ros2-and-Fiducial-marker/install/tb3_gazebo/share/tb3_gazebo//models/turtlebot3_common
[12.416s] -- Installing: /home/rohithvikram/C++learning/Turtlebot3-control-using-Ros2-and-Fiducial-marker/install/tb3_gazebo/share/tb3_gazebo//models/turtlebot3_common/model.config
[12.417s] -- Installing: /home/rohithvikram/C++learning/Turtlebot3-control-using-Ros2-and-Fiducial-marker/install/tb3_gazebo/share/tb3_gazebo//models/turtlebot3_common/meshes
[12.417s] -- Installing: /home/rohithvikram/C++learning/Turtlebot3-control-using-Ros2-and-Fiducial-marker/install/tb3_gazebo/share/tb3_gazebo//models/turtlebot3_common/meshes/r200.dae
[12.417s] -- Installing: /home/rohithvikram/C++learning/Turtlebot3-control-using-Ros2-and-Fiducial-marker/install/tb3_gazebo/share/tb3_gazebo//models/turtlebot3_common/meshes/marker_3
[12.417s] -- Installing: /home/rohithvikram/C++learning/Turtlebot3-control-using-Ros2-and-Fiducial-marker/install/tb3_gazebo/share/tb3_gazebo//models/turtlebot3_common/meshes/marker_3/marker_3.dae
[12.418s] -- Installing: /home/rohithvikram/C++learning/Turtlebot3-control-using-Ros2-and-Fiducial-marker/install/tb3_gazebo/share/tb3_gazebo//models/turtlebot3_common/meshes/lds.dae
[12.419s] -- Installing: /home/rohithvikram/C++learning/Turtlebot3-control-using-Ros2-and-Fiducial-marker/install/tb3_gazebo/share/tb3_gazebo//models/turtlebot3_common/meshes/marker_2
[12.419s] -- Installing: /home/rohithvikram/C++learning/Turtlebot3-control-using-Ros2-and-Fiducial-marker/install/tb3_gazebo/share/tb3_gazebo//models/turtlebot3_common/meshes/marker_2/marker_2.dae
[12.420s] -- Installing: /home/rohithvikram/C++learning/Turtlebot3-control-using-Ros2-and-Fiducial-marker/install/tb3_gazebo/share/tb3_gazebo//models/turtlebot3_common/meshes/waffle_base.dae
[12.420s] -- Installing: /home/rohithvikram/C++learning/Turtlebot3-control-using-Ros2-and-Fiducial-marker/install/tb3_gazebo/share/tb3_gazebo//models/turtlebot3_common/meshes/marker_1
[12.420s] -- Installing: /home/rohithvikram/C++learning/Turtlebot3-control-using-Ros2-and-Fiducial-marker/install/tb3_gazebo/share/tb3_gazebo//models/turtlebot3_common/meshes/marker_1/FabConvert.com_marker_1.dae
[12.423s] -- Installing: /home/rohithvikram/C++learning/Turtlebot3-control-using-Ros2-and-Fiducial-marker/install/tb3_gazebo/share/tb3_gazebo//models/turtlebot3_common/meshes/marker_0
[12.423s] -- Installing: /home/rohithvikram/C++learning/Turtlebot3-control-using-Ros2-and-Fiducial-marker/install/tb3_gazebo/share/tb3_gazebo//models/turtlebot3_common/meshes/marker_0/marker_0.png
[12.423s] -- Installing: /home/rohithvikram/C++learning/Turtlebot3-control-using-Ros2-and-Fiducial-marker/install/tb3_gazebo/share/tb3_gazebo//models/turtlebot3_common/meshes/marker_0/marker_0.dae
[12.425s] -- Installing: /home/rohithvikram/C++learning/Turtlebot3-control-using-Ros2-and-Fiducial-marker/install/tb3_gazebo/share/tb3_gazebo//models/turtlebot3_common/meshes/tire.dae
[12.425s] -- Installing: /home/rohithvikram/C++learning/Turtlebot3-control-using-Ros2-and-Fiducial-marker/install/tb3_gazebo/share/tb3_gazebo//models/turtlebot3_common/meshes/burger_base.dae
[12.425s] -- Installing: /home/rohithvikram/C++learning/Turtlebot3-control-using-Ros2-and-Fiducial-marker/install/tb3_gazebo/share/tb3_gazebo//models/turtlebot3_common/meshes/waffle_pi_base.dae
[12.425s] -- Installing: /home/rohithvikram/C++learning/Turtlebot3-control-using-Ros2-and-Fiducial-marker/install/tb3_gazebo/share/tb3_gazebo//rviz
[12.425s] -- Installing: /home/rohithvikram/C++learning/Turtlebot3-control-using-Ros2-and-Fiducial-marker/install/tb3_gazebo/share/tb3_gazebo//rviz/tb3_gazebo.rviz
[12.425s] -- Installing: /home/rohithvikram/C++learning/Turtlebot3-control-using-Ros2-and-Fiducial-marker/install/tb3_gazebo/share/tb3_gazebo//urdf
[12.425s] -- Installing: /home/rohithvikram/C++learning/Turtlebot3-control-using-Ros2-and-Fiducial-marker/install/tb3_gazebo/share/tb3_gazebo//urdf/common_properties.urdf
[12.425s] -- Installing: /home/rohithvikram/C++learning/Turtlebot3-control-using-Ros2-and-Fiducial-marker/install/tb3_gazebo/share/tb3_gazebo//urdf/turtlebot3_waffle_pi.urdf
[12.426s] -- Installing: /home/rohithvikram/C++learning/Turtlebot3-control-using-Ros2-and-Fiducial-marker/install/tb3_gazebo/share/tb3_gazebo//urdf/turtlebot3_burger.urdf
[12.426s] -- Installing: /home/rohithvikram/C++learning/Turtlebot3-control-using-Ros2-and-Fiducial-marker/install/tb3_gazebo/share/tb3_gazebo//urdf/turtlebot3_waffle.urdf
[12.426s] -- Installing: /home/rohithvikram/C++learning/Turtlebot3-control-using-Ros2-and-Fiducial-marker/install/tb3_gazebo/share/tb3_gazebo//worlds
[12.426s] -- Installing: /home/rohithvikram/C++learning/Turtlebot3-control-using-Ros2-and-Fiducial-marker/install/tb3_gazebo/share/tb3_gazebo//worlds/turtlebot3_dqn_stage4.world
[12.426s] -- Installing: /home/rohithvikram/C++learning/Turtlebot3-control-using-Ros2-and-Fiducial-marker/install/tb3_gazebo/share/tb3_gazebo//worlds/turtlebot3_house.world
[12.426s] -- Installing: /home/rohithvikram/C++learning/Turtlebot3-control-using-Ros2-and-Fiducial-marker/install/tb3_gazebo/share/tb3_gazebo//worlds/turtlebot3_dqn_stage3.world
[12.427s] -- Installing: /home/rohithvikram/C++learning/Turtlebot3-control-using-Ros2-and-Fiducial-marker/install/tb3_gazebo/share/tb3_gazebo//worlds/empty_world.world
[12.427s] -- Installing: /home/rohithvikram/C++learning/Turtlebot3-control-using-Ros2-and-Fiducial-marker/install/tb3_gazebo/share/tb3_gazebo//worlds/turtlebot3_dqn_stage1.world
[12.427s] -- Installing: /home/rohithvikram/C++learning/Turtlebot3-control-using-Ros2-and-Fiducial-marker/install/tb3_gazebo/share/tb3_gazebo//worlds/turtlebot3_dqn_stage2.world
[12.427s] -- Installing: /home/rohithvikram/C++learning/Turtlebot3-control-using-Ros2-and-Fiducial-marker/install/tb3_gazebo/share/tb3_gazebo//worlds/turtlebot3_world.world
[12.427s] -- Installing: /home/rohithvikram/C++learning/Turtlebot3-control-using-Ros2-and-Fiducial-marker/install/tb3_gazebo/include/
[12.427s] -- Installing: /home/rohithvikram/C++learning/Turtlebot3-control-using-Ros2-and-Fiducial-marker/install/tb3_gazebo/include//turtlebot3_gazebo
[12.427s] -- Installing: /home/rohithvikram/C++learning/Turtlebot3-control-using-Ros2-and-Fiducial-marker/install/tb3_gazebo/include//turtlebot3_gazebo/turtlebot3_drive.hpp
[12.427s] -- Installing: /home/rohithvikram/C++learning/Turtlebot3-control-using-Ros2-and-Fiducial-marker/install/tb3_gazebo/share/ament_index/resource_index/package_run_dependencies/tb3_gazebo
[12.427s] -- Installing: /home/rohithvikram/C++learning/Turtlebot3-control-using-Ros2-and-Fiducial-marker/install/tb3_gazebo/share/ament_index/resource_index/parent_prefix_path/tb3_gazebo
[12.427s] -- Installing: /home/rohithvikram/C++learning/Turtlebot3-control-using-Ros2-and-Fiducial-marker/install/tb3_gazebo/share/tb3_gazebo/environment/ament_prefix_path.sh
[12.428s] -- Installing: /home/rohithvikram/C++learning/Turtlebot3-control-using-Ros2-and-Fiducial-marker/install/tb3_gazebo/share/tb3_gazebo/environment/ament_prefix_path.dsv
[12.428s] -- Installing: /home/rohithvikram/C++learning/Turtlebot3-control-using-Ros2-and-Fiducial-marker/install/tb3_gazebo/share/tb3_gazebo/environment/path.sh
[12.428s] -- Installing: /home/rohithvikram/C++learning/Turtlebot3-control-using-Ros2-and-Fiducial-marker/install/tb3_gazebo/share/tb3_gazebo/environment/path.dsv
[12.428s] -- Installing: /home/rohithvikram/C++learning/Turtlebot3-control-using-Ros2-and-Fiducial-marker/install/tb3_gazebo/share/tb3_gazebo/local_setup.bash
[12.428s] -- Installing: /home/rohithvikram/C++learning/Turtlebot3-control-using-Ros2-and-Fiducial-marker/install/tb3_gazebo/share/tb3_gazebo/local_setup.sh
[12.428s] -- Installing: /home/rohithvikram/C++learning/Turtlebot3-control-using-Ros2-and-Fiducial-marker/install/tb3_gazebo/share/tb3_gazebo/local_setup.zsh
[12.428s] -- Installing: /home/rohithvikram/C++learning/Turtlebot3-control-using-Ros2-and-Fiducial-marker/install/tb3_gazebo/share/tb3_gazebo/local_setup.dsv
[12.428s] -- Installing: /home/rohithvikram/C++learning/Turtlebot3-control-using-Ros2-and-Fiducial-marker/install/tb3_gazebo/share/tb3_gazebo/package.dsv
[12.428s] -- Installing: /home/rohithvikram/C++learning/Turtlebot3-control-using-Ros2-and-Fiducial-marker/install/tb3_gazebo/share/ament_index/resource_index/packages/tb3_gazebo
[12.429s] -- Installing: /home/rohithvikram/C++learning/Turtlebot3-control-using-Ros2-and-Fiducial-marker/install/tb3_gazebo/share/tb3_gazebo/cmake/ament_cmake_export_include_directories-extras.cmake
[12.429s] -- Installing: /home/rohithvikram/C++learning/Turtlebot3-control-using-Ros2-and-Fiducial-marker/install/tb3_gazebo/share/tb3_gazebo/cmake/ament_cmake_export_dependencies-extras.cmake
[12.429s] -- Installing: /home/rohithvikram/C++learning/Turtlebot3-control-using-Ros2-and-Fiducial-marker/install/tb3_gazebo/share/tb3_gazebo/cmake/tb3_gazeboConfig.cmake
[12.429s] -- Installing: /home/rohithvikram/C++learning/Turtlebot3-control-using-Ros2-and-Fiducial-marker/install/tb3_gazebo/share/tb3_gazebo/cmake/tb3_gazeboConfig-version.cmake
[12.429s] -- Installing: /home/rohithvikram/C++learning/Turtlebot3-control-using-Ros2-and-Fiducial-marker/install/tb3_gazebo/share/tb3_gazebo/package.xml
[12.431s] Invoked command in '/home/rohithvikram/C++learning/Turtlebot3-control-using-Ros2-and-Fiducial-marker/build/tb3_gazebo' returned '0': CMAKE_PREFIX_PATH=${CMAKE_PREFIX_PATH}:/home/rohithvikram/voidwalking/ros2_ws/install/waypoints:/opt/ros/humble /usr/bin/cmake --install /home/rohithvikram/C++learning/Turtlebot3-control-using-Ros2-and-Fiducial-marker/build/tb3_gazebo
