-- The C compiler identification is GNU 11.4.0
-- The CXX compiler identification is GNU 11.4.0
-- Detecting C compiler ABI info
-- Detecting C compiler ABI info - done
-- Check for working C compiler: /usr/bin/cc - skipped
-- Detecting C compile features
-- Detecting C compile features - done
-- Detecting CXX compiler ABI info
-- Detecting CXX compiler ABI info - done
-- Check for working CXX compiler: /usr/bin/c++ - skipped
-- Detecting CXX compile features
-- Detecting CXX compile features - done
-- Found ament_cmake: 1.3.11 (/opt/ros/humble/share/ament_cmake/cmake)
-- Found Python3: /usr/bin/python3 (found version "3.10.12") found components: Interpreter 
-- Found rclcpp: 16.0.11 (/opt/ros/humble/share/rclcpp/cmake)
-- Found rosidl_generator_c: 3.1.6 (/opt/ros/humble/share/rosidl_generator_c/cmake)
-- Found rosidl_adapter: 3.1.6 (/opt/ros/humble/share/rosidl_adapter/cmake)
-- Found rosidl_generator_cpp: 3.1.6 (/opt/ros/humble/share/rosidl_generator_cpp/cmake)
-- Using all available rosidl_typesupport_c: rosidl_typesupport_fastrtps_c;rosidl_typesupport_introspection_c
-- Using all available rosidl_typesupport_cpp: rosidl_typesupport_fastrtps_cpp;rosidl_typesupport_introspection_cpp
-- Found rmw_implementation_cmake: 6.1.2 (/opt/ros/humble/share/rmw_implementation_cmake/cmake)
-- Found rmw_fastrtps_cpp: 6.2.7 (/opt/ros/humble/share/rmw_fastrtps_cpp/cmake)
-- Found OpenSSL: /usr/lib/x86_64-linux-gnu/libcrypto.so (found version "3.0.2")  
-- Found FastRTPS: /opt/ros/humble/include  
-- Using RMW implementation 'rmw_fastrtps_cpp' as default
-- Looking for pthread.h
-- Looking for pthread.h - found
-- Performing Test CMAKE_HAVE_LIBC_PTHREAD
-- Performing Test CMAKE_HAVE_LIBC_PTHREAD - Success
-- Found Threads: TRUE  
-- Found geometry_msgs: 4.2.4 (/opt/ros/humble/share/geometry_msgs/cmake)
-- Found bot_controller: 0.0.0 (/home/rohithvikram/C++learning/Turtlebot3-control-using-Ros2-and-Fiducial-marker/install/bot_controller/share/bot_controller/cmake)
-- Found ros2_aruco_interfaces: 0.1.0 (/home/rohithvikram/C++learning/Turtlebot3-control-using-Ros2-and-Fiducial-marker/install/ros2_aruco_interfaces/share/ros2_aruco_interfaces/cmake)
-- Configuring done
-- Generating done
-- Build files have been written to: /home/rohithvikram/C++learning/Turtlebot3-control-using-Ros2-and-Fiducial-marker/build/target_reacher
[ 66%] [32mBuilding CXX object CMakeFiles/target_reacher.dir/src/main.cpp.o[0m
[ 66%] [32mBuilding CXX object CMakeFiles/target_reacher.dir/src/target_reacher.cpp.o[0m
[100%] [32m[1mLinking CXX executable target_reacher[0m
[100%] Built target target_reacher
-- Install configuration: ""
-- Installing: /home/rohithvikram/C++learning/Turtlebot3-control-using-Ros2-and-Fiducial-marker/install/target_reacher/include/target_reacher
-- Installing: /home/rohithvikram/C++learning/Turtlebot3-control-using-Ros2-and-Fiducial-marker/install/target_reacher/include/target_reacher/target_reacher.h
-- Installing: /home/rohithvikram/C++learning/Turtlebot3-control-using-Ros2-and-Fiducial-marker/install/target_reacher/share/target_reacher/params
-- Installing: /home/rohithvikram/C++learning/Turtlebot3-control-using-Ros2-and-Fiducial-marker/install/target_reacher/share/target_reacher/params/final_params.yaml
-- Installing: /home/rohithvikram/C++learning/Turtlebot3-control-using-Ros2-and-Fiducial-marker/install/target_reacher/lib/target_reacher/target_reacher
-- Set runtime path of "/home/rohithvikram/C++learning/Turtlebot3-control-using-Ros2-and-Fiducial-marker/install/target_reacher/lib/target_reacher/target_reacher" to ""
-- Installing: /home/rohithvikram/C++learning/Turtlebot3-control-using-Ros2-and-Fiducial-marker/install/target_reacher/share/ament_index/resource_index/package_run_dependencies/target_reacher
-- Installing: /home/rohithvikram/C++learning/Turtlebot3-control-using-Ros2-and-Fiducial-marker/install/target_reacher/share/ament_index/resource_index/parent_prefix_path/target_reacher
-- Installing: /home/rohithvikram/C++learning/Turtlebot3-control-using-Ros2-and-Fiducial-marker/install/target_reacher/share/target_reacher/environment/ament_prefix_path.sh
-- Installing: /home/rohithvikram/C++learning/Turtlebot3-control-using-Ros2-and-Fiducial-marker/install/target_reacher/share/target_reacher/environment/ament_prefix_path.dsv
-- Installing: /home/rohithvikram/C++learning/Turtlebot3-control-using-Ros2-and-Fiducial-marker/install/target_reacher/share/target_reacher/environment/path.sh
-- Installing: /home/rohithvikram/C++learning/Turtlebot3-control-using-Ros2-and-Fiducial-marker/install/target_reacher/share/target_reacher/environment/path.dsv
-- Installing: /home/rohithvikram/C++learning/Turtlebot3-control-using-Ros2-and-Fiducial-marker/install/target_reacher/share/target_reacher/local_setup.bash
-- Installing: /home/rohithvikram/C++learning/Turtlebot3-control-using-Ros2-and-Fiducial-marker/install/target_reacher/share/target_reacher/local_setup.sh
-- Installing: /home/rohithvikram/C++learning/Turtlebot3-control-using-Ros2-and-Fiducial-marker/install/target_reacher/share/target_reacher/local_setup.zsh
-- Installing: /home/rohithvikram/C++learning/Turtlebot3-control-using-Ros2-and-Fiducial-marker/install/target_reacher/share/target_reacher/local_setup.dsv
-- Installing: /home/rohithvikram/C++learning/Turtlebot3-control-using-Ros2-and-Fiducial-marker/install/target_reacher/share/target_reacher/package.dsv
-- Installing: /home/rohithvikram/C++learning/Turtlebot3-control-using-Ros2-and-Fiducial-marker/install/target_reacher/share/ament_index/resource_index/packages/target_reacher
-- Installing: /home/rohithvikram/C++learning/Turtlebot3-control-using-Ros2-and-Fiducial-marker/install/target_reacher/share/target_reacher/cmake/target_reacherConfig.cmake
-- Installing: /home/rohithvikram/C++learning/Turtlebot3-control-using-Ros2-and-Fiducial-marker/install/target_reacher/share/target_reacher/cmake/target_reacherConfig-version.cmake
-- Installing: /home/rohithvikram/C++learning/Turtlebot3-control-using-Ros2-and-Fiducial-marker/install/target_reacher/share/target_reacher/package.xml
