[0.013s] Invoking command in '/home/rohithvikram/C++learning/Turtlebot3-control-using-Ros2-and-Fiducial-marker/build/target_reacher': AMENT_PREFIX_PATH=/home/rohithvikram/C++learning/Turtlebot3-control-using-Ros2-and-Fiducial-marker/install/ros2_aruco_interfaces:/home/rohithvikram/C++learning/Turtlebot3-control-using-Ros2-and-Fiducial-marker/install/bot_controller:${AMENT_PREFIX_PATH} CMAKE_PREFIX_PATH=/home/rohithvikram/C++learning/Turtlebot3-control-using-Ros2-and-Fiducial-marker/install/ros2_aruco_interfaces:/home/rohithvikram/C++learning/Turtlebot3-control-using-Ros2-and-Fiducial-marker/install/bot_controller:/home/rohithvikram/voidwalking/ros2_ws/install/turtlebot3_tests:/home/rohithvikram/voidwalking/ros2_ws/install/tracking:/home/rohithvikram/voidwalking/ros2_ws/install/tf2_plugins:/home/rohithvikram/voidwalking/ros2_ws/install/spatio_temporal_voxel_layer:/home/rohithvikram/voidwalking/ros2_ws/install/main:/home/rohithvikram/voidwalking/ros2_ws/install/simulation:/home/rohithvikram/voidwalking/ros2_ws/install/rviz_satellite:/home/rohithvikram/voidwalking/ros2_ws/install/obstacle_avoidance:/home/rohithvikram/voidwalking/ros2_ws/install/nav2_turtlebot3:/home/rohithvikram/voidwalking/ros2_ws/install/custom_rover_tests:/home/rohithvikram/voidwalking/ros2_ws/install/mapping:/home/microros_ws/install/micro_ros_setup:/home/microros_ws/install/micro_ros_agent:/home/microros_ws/install/micro_ros_msgs:/home/rohithvikram/voidwalking/ros2_ws/install/waypoints:/opt/ros/humble LD_LIBRARY_PATH=/home/rohithvikram/C++learning/Turtlebot3-control-using-Ros2-and-Fiducial-marker/install/ros2_aruco_interfaces/lib:/home/rohithvikram/C++learning/Turtlebot3-control-using-Ros2-and-Fiducial-marker/install/bot_controller/lib:${LD_LIBRARY_PATH} PYTHONPATH=/home/rohithvikram/C++learning/Turtlebot3-control-using-Ros2-and-Fiducial-marker/install/ros2_aruco_interfaces/local/lib/python3.10/dist-packages:${PYTHONPATH} /usr/bin/cmake /home/rohithvikram/C++learning/Turtlebot3-control-using-Ros2-and-Fiducial-marker/Turtlebot3_control/target_reacher -DCMAKE_INSTALL_PREFIX=/home/rohithvikram/C++learning/Turtlebot3-control-using-Ros2-and-Fiducial-marker/install/target_reacher
[0.066s] -- The C compiler identification is GNU 11.4.0
[0.119s] -- The CXX compiler identification is GNU 11.4.0
[0.126s] -- Detecting C compiler ABI info
[0.185s] -- Detecting C compiler ABI info - done
[0.193s] -- Check for working C compiler: /usr/bin/cc - skipped
[0.193s] -- Detecting C compile features
[0.193s] -- Detecting C compile features - done
[0.196s] -- Detecting CXX compiler ABI info
[0.264s] -- Detecting CXX compiler ABI info - done
[0.271s] -- Check for working CXX compiler: /usr/bin/c++ - skipped
[0.271s] -- Detecting CXX compile features
[0.272s] -- Detecting CXX compile features - done
[0.275s] -- Found ament_cmake: 1.3.11 (/opt/ros/humble/share/ament_cmake/cmake)
[0.417s] -- Found Python3: /usr/bin/python3 (found version "3.10.12") found components: Interpreter 
[0.519s] -- Found rclcpp: 16.0.11 (/opt/ros/humble/share/rclcpp/cmake)
[0.556s] -- Found rosidl_generator_c: 3.1.6 (/opt/ros/humble/share/rosidl_generator_c/cmake)
[0.560s] -- Found rosidl_adapter: 3.1.6 (/opt/ros/humble/share/rosidl_adapter/cmake)
[0.566s] -- Found rosidl_generator_cpp: 3.1.6 (/opt/ros/humble/share/rosidl_generator_cpp/cmake)
[0.575s] -- Using all available rosidl_typesupport_c: rosidl_typesupport_fastrtps_c;rosidl_typesupport_introspection_c
[0.587s] -- Using all available rosidl_typesupport_cpp: rosidl_typesupport_fastrtps_cpp;rosidl_typesupport_introspection_cpp
[0.619s] -- Found rmw_implementation_cmake: 6.1.2 (/opt/ros/humble/share/rmw_implementation_cmake/cmake)
[0.622s] -- Found rmw_fastrtps_cpp: 6.2.7 (/opt/ros/humble/share/rmw_fastrtps_cpp/cmake)
[0.693s] -- Found OpenSSL: /usr/lib/x86_64-linux-gnu/libcrypto.so (found version "3.0.2")  
[0.719s] -- Found FastRTPS: /opt/ros/humble/include  
[0.756s] -- Using RMW implementation 'rmw_fastrtps_cpp' as default
[0.768s] -- Looking for pthread.h
[0.827s] -- Looking for pthread.h - found
[0.828s] -- Performing Test CMAKE_HAVE_LIBC_PTHREAD
[0.889s] -- Performing Test CMAKE_HAVE_LIBC_PTHREAD - Success
[0.890s] -- Found Threads: TRUE  
[0.943s] -- Found geometry_msgs: 4.2.4 (/opt/ros/humble/share/geometry_msgs/cmake)
[0.955s] -- Found bot_controller: 0.0.0 (/home/rohithvikram/C++learning/Turtlebot3-control-using-Ros2-and-Fiducial-marker/install/bot_controller/share/bot_controller/cmake)
[1.085s] -- Found ros2_aruco_interfaces: 0.1.0 (/home/rohithvikram/C++learning/Turtlebot3-control-using-Ros2-and-Fiducial-marker/install/ros2_aruco_interfaces/share/ros2_aruco_interfaces/cmake)
[1.158s] -- Configuring done
[1.169s] -- Generating done
[1.173s] -- Build files have been written to: /home/rohithvikram/C++learning/Turtlebot3-control-using-Ros2-and-Fiducial-marker/build/target_reacher
[1.181s] Invoked command in '/home/rohithvikram/C++learning/Turtlebot3-control-using-Ros2-and-Fiducial-marker/build/target_reacher' returned '0': AMENT_PREFIX_PATH=/home/rohithvikram/C++learning/Turtlebot3-control-using-Ros2-and-Fiducial-marker/install/ros2_aruco_interfaces:/home/rohithvikram/C++learning/Turtlebot3-control-using-Ros2-and-Fiducial-marker/install/bot_controller:${AMENT_PREFIX_PATH} CMAKE_PREFIX_PATH=/home/rohithvikram/C++learning/Turtlebot3-control-using-Ros2-and-Fiducial-marker/install/ros2_aruco_interfaces:/home/rohithvikram/C++learning/Turtlebot3-control-using-Ros2-and-Fiducial-marker/install/bot_controller:/home/rohithvikram/voidwalking/ros2_ws/install/turtlebot3_tests:/home/rohithvikram/voidwalking/ros2_ws/install/tracking:/home/rohithvikram/voidwalking/ros2_ws/install/tf2_plugins:/home/rohithvikram/voidwalking/ros2_ws/install/spatio_temporal_voxel_layer:/home/rohithvikram/voidwalking/ros2_ws/install/main:/home/rohithvikram/voidwalking/ros2_ws/install/simulation:/home/rohithvikram/voidwalking/ros2_ws/install/rviz_satellite:/home/rohithvikram/voidwalking/ros2_ws/install/obstacle_avoidance:/home/rohithvikram/voidwalking/ros2_ws/install/nav2_turtlebot3:/home/rohithvikram/voidwalking/ros2_ws/install/custom_rover_tests:/home/rohithvikram/voidwalking/ros2_ws/install/mapping:/home/microros_ws/install/micro_ros_setup:/home/microros_ws/install/micro_ros_agent:/home/microros_ws/install/micro_ros_msgs:/home/rohithvikram/voidwalking/ros2_ws/install/waypoints:/opt/ros/humble LD_LIBRARY_PATH=/home/rohithvikram/C++learning/Turtlebot3-control-using-Ros2-and-Fiducial-marker/install/ros2_aruco_interfaces/lib:/home/rohithvikram/C++learning/Turtlebot3-control-using-Ros2-and-Fiducial-marker/install/bot_controller/lib:${LD_LIBRARY_PATH} PYTHONPATH=/home/rohithvikram/C++learning/Turtlebot3-control-using-Ros2-and-Fiducial-marker/install/ros2_aruco_interfaces/local/lib/python3.10/dist-packages:${PYTHONPATH} /usr/bin/cmake /home/rohithvikram/C++learning/Turtlebot3-control-using-Ros2-and-Fiducial-marker/Turtlebot3_control/target_reacher -DCMAKE_INSTALL_PREFIX=/home/rohithvikram/C++learning/Turtlebot3-control-using-Ros2-and-Fiducial-marker/install/target_reacher
[1.182s] Invoking command in '/home/rohithvikram/C++learning/Turtlebot3-control-using-Ros2-and-Fiducial-marker/build/target_reacher': AMENT_PREFIX_PATH=/home/rohithvikram/C++learning/Turtlebot3-control-using-Ros2-and-Fiducial-marker/install/ros2_aruco_interfaces:/home/rohithvikram/C++learning/Turtlebot3-control-using-Ros2-and-Fiducial-marker/install/bot_controller:${AMENT_PREFIX_PATH} CMAKE_PREFIX_PATH=/home/rohithvikram/C++learning/Turtlebot3-control-using-Ros2-and-Fiducial-marker/install/ros2_aruco_interfaces:/home/rohithvikram/C++learning/Turtlebot3-control-using-Ros2-and-Fiducial-marker/install/bot_controller:/home/rohithvikram/voidwalking/ros2_ws/install/turtlebot3_tests:/home/rohithvikram/voidwalking/ros2_ws/install/tracking:/home/rohithvikram/voidwalking/ros2_ws/install/tf2_plugins:/home/rohithvikram/voidwalking/ros2_ws/install/spatio_temporal_voxel_layer:/home/rohithvikram/voidwalking/ros2_ws/install/main:/home/rohithvikram/voidwalking/ros2_ws/install/simulation:/home/rohithvikram/voidwalking/ros2_ws/install/rviz_satellite:/home/rohithvikram/voidwalking/ros2_ws/install/obstacle_avoidance:/home/rohithvikram/voidwalking/ros2_ws/install/nav2_turtlebot3:/home/rohithvikram/voidwalking/ros2_ws/install/custom_rover_tests:/home/rohithvikram/voidwalking/ros2_ws/install/mapping:/home/microros_ws/install/micro_ros_setup:/home/microros_ws/install/micro_ros_agent:/home/microros_ws/install/micro_ros_msgs:/home/rohithvikram/voidwalking/ros2_ws/install/waypoints:/opt/ros/humble LD_LIBRARY_PATH=/home/rohithvikram/C++learning/Turtlebot3-control-using-Ros2-and-Fiducial-marker/install/ros2_aruco_interfaces/lib:/home/rohithvikram/C++learning/Turtlebot3-control-using-Ros2-and-Fiducial-marker/install/bot_controller/lib:${LD_LIBRARY_PATH} PYTHONPATH=/home/rohithvikram/C++learning/Turtlebot3-control-using-Ros2-and-Fiducial-marker/install/ros2_aruco_interfaces/local/lib/python3.10/dist-packages:${PYTHONPATH} /usr/bin/cmake --build /home/rohithvikram/C++learning/Turtlebot3-control-using-Ros2-and-Fiducial-marker/build/target_reacher -- -j20 -l20
[1.224s] [ 66%] [32mBuilding CXX object CMakeFiles/target_reacher.dir/src/main.cpp.o[0m
[1.224s] [ 66%] [32mBuilding CXX object CMakeFiles/target_reacher.dir/src/target_reacher.cpp.o[0m
[8.163s] [100%] [32m[1mLinking CXX executable target_reacher[0m
[8.755s] [100%] Built target target_reacher
[8.764s] Invoked command in '/home/rohithvikram/C++learning/Turtlebot3-control-using-Ros2-and-Fiducial-marker/build/target_reacher' returned '0': AMENT_PREFIX_PATH=/home/rohithvikram/C++learning/Turtlebot3-control-using-Ros2-and-Fiducial-marker/install/ros2_aruco_interfaces:/home/rohithvikram/C++learning/Turtlebot3-control-using-Ros2-and-Fiducial-marker/install/bot_controller:${AMENT_PREFIX_PATH} CMAKE_PREFIX_PATH=/home/rohithvikram/C++learning/Turtlebot3-control-using-Ros2-and-Fiducial-marker/install/ros2_aruco_interfaces:/home/rohithvikram/C++learning/Turtlebot3-control-using-Ros2-and-Fiducial-marker/install/bot_controller:/home/rohithvikram/voidwalking/ros2_ws/install/turtlebot3_tests:/home/rohithvikram/voidwalking/ros2_ws/install/tracking:/home/rohithvikram/voidwalking/ros2_ws/install/tf2_plugins:/home/rohithvikram/voidwalking/ros2_ws/install/spatio_temporal_voxel_layer:/home/rohithvikram/voidwalking/ros2_ws/install/main:/home/rohithvikram/voidwalking/ros2_ws/install/simulation:/home/rohithvikram/voidwalking/ros2_ws/install/rviz_satellite:/home/rohithvikram/voidwalking/ros2_ws/install/obstacle_avoidance:/home/rohithvikram/voidwalking/ros2_ws/install/nav2_turtlebot3:/home/rohithvikram/voidwalking/ros2_ws/install/custom_rover_tests:/home/rohithvikram/voidwalking/ros2_ws/install/mapping:/home/microros_ws/install/micro_ros_setup:/home/microros_ws/install/micro_ros_agent:/home/microros_ws/install/micro_ros_msgs:/home/rohithvikram/voidwalking/ros2_ws/install/waypoints:/opt/ros/humble LD_LIBRARY_PATH=/home/rohithvikram/C++learning/Turtlebot3-control-using-Ros2-and-Fiducial-marker/install/ros2_aruco_interfaces/lib:/home/rohithvikram/C++learning/Turtlebot3-control-using-Ros2-and-Fiducial-marker/install/bot_controller/lib:${LD_LIBRARY_PATH} PYTHONPATH=/home/rohithvikram/C++learning/Turtlebot3-control-using-Ros2-and-Fiducial-marker/install/ros2_aruco_interfaces/local/lib/python3.10/dist-packages:${PYTHONPATH} /usr/bin/cmake --build /home/rohithvikram/C++learning/Turtlebot3-control-using-Ros2-and-Fiducial-marker/build/target_reacher -- -j20 -l20
[8.766s] Invoking command in '/home/rohithvikram/C++learning/Turtlebot3-control-using-Ros2-and-Fiducial-marker/build/target_reacher': AMENT_PREFIX_PATH=/home/rohithvikram/C++learning/Turtlebot3-control-using-Ros2-and-Fiducial-marker/install/ros2_aruco_interfaces:/home/rohithvikram/C++learning/Turtlebot3-control-using-Ros2-and-Fiducial-marker/install/bot_controller:${AMENT_PREFIX_PATH} CMAKE_PREFIX_PATH=/home/rohithvikram/C++learning/Turtlebot3-control-using-Ros2-and-Fiducial-marker/install/ros2_aruco_interfaces:/home/rohithvikram/C++learning/Turtlebot3-control-using-Ros2-and-Fiducial-marker/install/bot_controller:/home/rohithvikram/voidwalking/ros2_ws/install/turtlebot3_tests:/home/rohithvikram/voidwalking/ros2_ws/install/tracking:/home/rohithvikram/voidwalking/ros2_ws/install/tf2_plugins:/home/rohithvikram/voidwalking/ros2_ws/install/spatio_temporal_voxel_layer:/home/rohithvikram/voidwalking/ros2_ws/install/main:/home/rohithvikram/voidwalking/ros2_ws/install/simulation:/home/rohithvikram/voidwalking/ros2_ws/install/rviz_satellite:/home/rohithvikram/voidwalking/ros2_ws/install/obstacle_avoidance:/home/rohithvikram/voidwalking/ros2_ws/install/nav2_turtlebot3:/home/rohithvikram/voidwalking/ros2_ws/install/custom_rover_tests:/home/rohithvikram/voidwalking/ros2_ws/install/mapping:/home/microros_ws/install/micro_ros_setup:/home/microros_ws/install/micro_ros_agent:/home/microros_ws/install/micro_ros_msgs:/home/rohithvikram/voidwalking/ros2_ws/install/waypoints:/opt/ros/humble LD_LIBRARY_PATH=/home/rohithvikram/C++learning/Turtlebot3-control-using-Ros2-and-Fiducial-marker/install/ros2_aruco_interfaces/lib:/home/rohithvikram/C++learning/Turtlebot3-control-using-Ros2-and-Fiducial-marker/install/bot_controller/lib:${LD_LIBRARY_PATH} PYTHONPATH=/home/rohithvikram/C++learning/Turtlebot3-control-using-Ros2-and-Fiducial-marker/install/ros2_aruco_interfaces/local/lib/python3.10/dist-packages:${PYTHONPATH} /usr/bin/cmake --install /home/rohithvikram/C++learning/Turtlebot3-control-using-Ros2-and-Fiducial-marker/build/target_reacher
[8.772s] -- Install configuration: ""
[8.772s] -- Installing: /home/rohithvikram/C++learning/Turtlebot3-control-using-Ros2-and-Fiducial-marker/install/target_reacher/include/target_reacher
[8.772s] -- Installing: /home/rohithvikram/C++learning/Turtlebot3-control-using-Ros2-and-Fiducial-marker/install/target_reacher/include/target_reacher/target_reacher.h
[8.772s] -- Installing: /home/rohithvikram/C++learning/Turtlebot3-control-using-Ros2-and-Fiducial-marker/install/target_reacher/share/target_reacher/params
[8.772s] -- Installing: /home/rohithvikram/C++learning/Turtlebot3-control-using-Ros2-and-Fiducial-marker/install/target_reacher/share/target_reacher/params/final_params.yaml
[8.772s] -- Installing: /home/rohithvikram/C++learning/Turtlebot3-control-using-Ros2-and-Fiducial-marker/install/target_reacher/lib/target_reacher/target_reacher
[8.775s] -- Set runtime path of "/home/rohithvikram/C++learning/Turtlebot3-control-using-Ros2-and-Fiducial-marker/install/target_reacher/lib/target_reacher/target_reacher" to ""
[8.775s] -- Installing: /home/rohithvikram/C++learning/Turtlebot3-control-using-Ros2-and-Fiducial-marker/install/target_reacher/share/ament_index/resource_index/package_run_dependencies/target_reacher
[8.775s] -- Installing: /home/rohithvikram/C++learning/Turtlebot3-control-using-Ros2-and-Fiducial-marker/install/target_reacher/share/ament_index/resource_index/parent_prefix_path/target_reacher
[8.775s] -- Installing: /home/rohithvikram/C++learning/Turtlebot3-control-using-Ros2-and-Fiducial-marker/install/target_reacher/share/target_reacher/environment/ament_prefix_path.sh
[8.775s] -- Installing: /home/rohithvikram/C++learning/Turtlebot3-control-using-Ros2-and-Fiducial-marker/install/target_reacher/share/target_reacher/environment/ament_prefix_path.dsv
[8.775s] -- Installing: /home/rohithvikram/C++learning/Turtlebot3-control-using-Ros2-and-Fiducial-marker/install/target_reacher/share/target_reacher/environment/path.sh
[8.775s] -- Installing: /home/rohithvikram/C++learning/Turtlebot3-control-using-Ros2-and-Fiducial-marker/install/target_reacher/share/target_reacher/environment/path.dsv
[8.775s] -- Installing: /home/rohithvikram/C++learning/Turtlebot3-control-using-Ros2-and-Fiducial-marker/install/target_reacher/share/target_reacher/local_setup.bash
[8.775s] -- Installing: /home/rohithvikram/C++learning/Turtlebot3-control-using-Ros2-and-Fiducial-marker/install/target_reacher/share/target_reacher/local_setup.sh
[8.775s] -- Installing: /home/rohithvikram/C++learning/Turtlebot3-control-using-Ros2-and-Fiducial-marker/install/target_reacher/share/target_reacher/local_setup.zsh
[8.775s] -- Installing: /home/rohithvikram/C++learning/Turtlebot3-control-using-Ros2-and-Fiducial-marker/install/target_reacher/share/target_reacher/local_setup.dsv
[8.775s] -- Installing: /home/rohithvikram/C++learning/Turtlebot3-control-using-Ros2-and-Fiducial-marker/install/target_reacher/share/target_reacher/package.dsv
[8.775s] -- Installing: /home/rohithvikram/C++learning/Turtlebot3-control-using-Ros2-and-Fiducial-marker/install/target_reacher/share/ament_index/resource_index/packages/target_reacher
[8.775s] -- Installing: /home/rohithvikram/C++learning/Turtlebot3-control-using-Ros2-and-Fiducial-marker/install/target_reacher/share/target_reacher/cmake/target_reacherConfig.cmake
[8.776s] -- Installing: /home/rohithvikram/C++learning/Turtlebot3-control-using-Ros2-and-Fiducial-marker/install/target_reacher/share/target_reacher/cmake/target_reacherConfig-version.cmake
[8.776s] -- Installing: /home/rohithvikram/C++learning/Turtlebot3-control-using-Ros2-and-Fiducial-marker/install/target_reacher/share/target_reacher/package.xml
[8.777s] Invoked command in '/home/rohithvikram/C++learning/Turtlebot3-control-using-Ros2-and-Fiducial-marker/build/target_reacher' returned '0': AMENT_PREFIX_PATH=/home/rohithvikram/C++learning/Turtlebot3-control-using-Ros2-and-Fiducial-marker/install/ros2_aruco_interfaces:/home/rohithvikram/C++learning/Turtlebot3-control-using-Ros2-and-Fiducial-marker/install/bot_controller:${AMENT_PREFIX_PATH} CMAKE_PREFIX_PATH=/home/rohithvikram/C++learning/Turtlebot3-control-using-Ros2-and-Fiducial-marker/install/ros2_aruco_interfaces:/home/rohithvikram/C++learning/Turtlebot3-control-using-Ros2-and-Fiducial-marker/install/bot_controller:/home/rohithvikram/voidwalking/ros2_ws/install/turtlebot3_tests:/home/rohithvikram/voidwalking/ros2_ws/install/tracking:/home/rohithvikram/voidwalking/ros2_ws/install/tf2_plugins:/home/rohithvikram/voidwalking/ros2_ws/install/spatio_temporal_voxel_layer:/home/rohithvikram/voidwalking/ros2_ws/install/main:/home/rohithvikram/voidwalking/ros2_ws/install/simulation:/home/rohithvikram/voidwalking/ros2_ws/install/rviz_satellite:/home/rohithvikram/voidwalking/ros2_ws/install/obstacle_avoidance:/home/rohithvikram/voidwalking/ros2_ws/install/nav2_turtlebot3:/home/rohithvikram/voidwalking/ros2_ws/install/custom_rover_tests:/home/rohithvikram/voidwalking/ros2_ws/install/mapping:/home/microros_ws/install/micro_ros_setup:/home/microros_ws/install/micro_ros_agent:/home/microros_ws/install/micro_ros_msgs:/home/rohithvikram/voidwalking/ros2_ws/install/waypoints:/opt/ros/humble LD_LIBRARY_PATH=/home/rohithvikram/C++learning/Turtlebot3-control-using-Ros2-and-Fiducial-marker/install/ros2_aruco_interfaces/lib:/home/rohithvikram/C++learning/Turtlebot3-control-using-Ros2-and-Fiducial-marker/install/bot_controller/lib:${LD_LIBRARY_PATH} PYTHONPATH=/home/rohithvikram/C++learning/Turtlebot3-control-using-Ros2-and-Fiducial-marker/install/ros2_aruco_interfaces/local/lib/python3.10/dist-packages:${PYTHONPATH} /usr/bin/cmake --install /home/rohithvikram/C++learning/Turtlebot3-control-using-Ros2-and-Fiducial-marker/build/target_reacher
