/home/rohithvikram/.local/lib/python3.10/site-packages/setuptools/dist.py:717: UserWarning: Usage of dash-separated 'script-dir' will not be supported in future versions. Please use the underscore name 'script_dir' instead
  warnings.warn(
running egg_info
writing ../../../build/tb3_gazebo_spawner/tb3_gazebo_spawner.egg-info/PKG-INFO
writing dependency_links to ../../../build/tb3_gazebo_spawner/tb3_gazebo_spawner.egg-info/dependency_links.txt
writing entry points to ../../../build/tb3_gazebo_spawner/tb3_gazebo_spawner.egg-info/entry_points.txt
writing requirements to ../../../build/tb3_gazebo_spawner/tb3_gazebo_spawner.egg-info/requires.txt
writing top-level names to ../../../build/tb3_gazebo_spawner/tb3_gazebo_spawner.egg-info/top_level.txt
reading manifest file '../../../build/tb3_gazebo_spawner/tb3_gazebo_spawner.egg-info/SOURCES.txt'
writing manifest file '../../../build/tb3_gazebo_spawner/tb3_gazebo_spawner.egg-info/SOURCES.txt'
running build
running build_py
running install
running install_lib
running install_data
running install_egg_info
removing '/home/rohithvikram/C++learning/Turtlebot3-control-using-Ros2-and-Fiducial-marker/install/tb3_gazebo_spawner/lib/python3.10/site-packages/tb3_gazebo_spawner-0.3.0-py3.10.egg-info' (and everything under it)
Copying ../../../build/tb3_gazebo_spawner/tb3_gazebo_spawner.egg-info to /home/rohithvikram/C++learning/Turtlebot3-control-using-Ros2-and-Fiducial-marker/install/tb3_gazebo_spawner/lib/python3.10/site-packages/tb3_gazebo_spawner-0.3.0-py3.10.egg-info
running install_scripts
Installing tb3_gazebo_spawner script to /home/rohithvikram/C++learning/Turtlebot3-control-using-Ros2-and-Fiducial-marker/install/tb3_gazebo_spawner/lib/tb3_gazebo_spawner
writing list of installed files to '/home/rohithvikram/C++learning/Turtlebot3-control-using-Ros2-and-Fiducial-marker/build/tb3_gazebo_spawner/install.log'
