[0.046s] Invoking command in '/home/rohithvikram/C++learning/Turtlebot3-control-using-Ros2-and-Fiducial-marker/build/tb3_gazebo': CMAKE_PREFIX_PATH=${CMAKE_PREFIX_PATH}:/home/rohithvikram/C++learning/Turtlebot3-control-using-Ros2-and-Fiducial-marker/install/tb3_gazebo_spawner:/home/rohithvikram/C++learning/Turtlebot3-control-using-Ros2-and-Fiducial-marker/install/ros2_aruco:/home/rohithvikram/voidwalking/ros2_ws/install/waypoints:/opt/ros/humble /usr/bin/cmake --build /home/rohithvikram/C++learning/Turtlebot3-control-using-Ros2-and-Fiducial-marker/build/tb3_gazebo -- -j20 -l20
[0.528s] [35m[1mConsolidate compiler generated dependencies of target turtlebot3_drive[0m
[0.528s] [100%] Built target turtlebot3_drive
[0.541s] Invoked command in '/home/rohithvikram/C++learning/Turtlebot3-control-using-Ros2-and-Fiducial-marker/build/tb3_gazebo' returned '0': CMAKE_PREFIX_PATH=${CMAKE_PREFIX_PATH}:/home/rohithvikram/C++learning/Turtlebot3-control-using-Ros2-and-Fiducial-marker/install/tb3_gazebo_spawner:/home/rohithvikram/C++learning/Turtlebot3-control-using-Ros2-and-Fiducial-marker/install/ros2_aruco:/home/rohithvikram/voidwalking/ros2_ws/install/waypoints:/opt/ros/humble /usr/bin/cmake --build /home/rohithvikram/C++learning/Turtlebot3-control-using-Ros2-and-Fiducial-marker/build/tb3_gazebo -- -j20 -l20
[0.543s] Invoking command in '/home/rohithvikram/C++learning/Turtlebot3-control-using-Ros2-and-Fiducial-marker/build/tb3_gazebo': CMAKE_PREFIX_PATH=${CMAKE_PREFIX_PATH}:/home/rohithvikram/C++learning/Turtlebot3-control-using-Ros2-and-Fiducial-marker/install/tb3_gazebo_spawner:/home/rohithvikram/C++learning/Turtlebot3-control-using-Ros2-and-Fiducial-marker/install/ros2_aruco:/home/rohithvikram/voidwalking/ros2_ws/install/waypoints:/opt/ros/humble /usr/bin/cmake --install /home/rohithvikram/C++learning/Turtlebot3-control-using-Ros2-and-Fiducial-marker/build/tb3_gazebo
[0.558s] -- Install configuration: ""
[0.558s] -- Up-to-date: /home/rohithvikram/C++learning/Turtlebot3-control-using-Ros2-and-Fiducial-marker/install/tb3_gazebo/lib/tb3_gazebo/turtlebot3_drive
[0.558s] -- Up-to-date: /home/rohithvikram/C++learning/Turtlebot3-control-using-Ros2-and-Fiducial-marker/install/tb3_gazebo/share/tb3_gazebo//launch
[0.558s] -- Up-to-date: /home/rohithvikram/C++learning/Turtlebot3-control-using-Ros2-and-Fiducial-marker/install/tb3_gazebo/share/tb3_gazebo//launch/spawn_turtlebot3.launch.py
[0.558s] -- Up-to-date: /home/rohithvikram/C++learning/Turtlebot3-control-using-Ros2-and-Fiducial-marker/install/tb3_gazebo/share/tb3_gazebo//launch/turtlebot3_dqn_stage3.launch.py
[0.558s] -- Up-to-date: /home/rohithvikram/C++learning/Turtlebot3-control-using-Ros2-and-Fiducial-marker/install/tb3_gazebo/share/tb3_gazebo//launch/turtlebot3_dqn_stage1.launch.py
[0.558s] -- Up-to-date: /home/rohithvikram/C++learning/Turtlebot3-control-using-Ros2-and-Fiducial-marker/install/tb3_gazebo/share/tb3_gazebo//launch/turtlebot3_house.launch.py
[0.559s] -- Up-to-date: /home/rohithvikram/C++learning/Turtlebot3-control-using-Ros2-and-Fiducial-marker/install/tb3_gazebo/share/tb3_gazebo//launch/empty_world.launch.py
[0.559s] -- Up-to-date: /home/rohithvikram/C++learning/Turtlebot3-control-using-Ros2-and-Fiducial-marker/install/tb3_gazebo/share/tb3_gazebo//launch/turtlebot3_dqn_stage2.launch.py
[0.559s] -- Up-to-date: /home/rohithvikram/C++learning/Turtlebot3-control-using-Ros2-and-Fiducial-marker/install/tb3_gazebo/share/tb3_gazebo//launch/turtlebot3_world.launch.py
[0.559s] -- Up-to-date: /home/rohithvikram/C++learning/Turtlebot3-control-using-Ros2-and-Fiducial-marker/install/tb3_gazebo/share/tb3_gazebo//launch/robot_state_publisher.launch.py
[0.559s] -- Up-to-date: /home/rohithvikram/C++learning/Turtlebot3-control-using-Ros2-and-Fiducial-marker/install/tb3_gazebo/share/tb3_gazebo//launch/turtlebot3_dqn_stage4.launch.py
[0.559s] -- Up-to-date: /home/rohithvikram/C++learning/Turtlebot3-control-using-Ros2-and-Fiducial-marker/install/tb3_gazebo/share/tb3_gazebo//models
[0.560s] -- Up-to-date: /home/rohithvikram/C++learning/Turtlebot3-control-using-Ros2-and-Fiducial-marker/install/tb3_gazebo/share/tb3_gazebo//models/aruco_marker_1
[0.560s] -- Up-to-date: /home/rohithvikram/C++learning/Turtlebot3-control-using-Ros2-and-Fiducial-marker/install/tb3_gazebo/share/tb3_gazebo//models/aruco_marker_1/model.config
[0.560s] -- Up-to-date: /home/rohithvikram/C++learning/Turtlebot3-control-using-Ros2-and-Fiducial-marker/install/tb3_gazebo/share/tb3_gazebo//models/aruco_marker_1/materials
[0.560s] -- Up-to-date: /home/rohithvikram/C++learning/Turtlebot3-control-using-Ros2-and-Fiducial-marker/install/tb3_gazebo/share/tb3_gazebo//models/aruco_marker_1/materials/scripts
[0.560s] -- Up-to-date: /home/rohithvikram/C++learning/Turtlebot3-control-using-Ros2-and-Fiducial-marker/install/tb3_gazebo/share/tb3_gazebo//models/aruco_marker_1/materials/scripts/marker.material
[0.561s] -- Up-to-date: /home/rohithvikram/C++learning/Turtlebot3-control-using-Ros2-and-Fiducial-marker/install/tb3_gazebo/share/tb3_gazebo//models/aruco_marker_1/materials/textures
[0.561s] -- Up-to-date: /home/rohithvikram/C++learning/Turtlebot3-control-using-Ros2-and-Fiducial-marker/install/tb3_gazebo/share/tb3_gazebo//models/aruco_marker_1/materials/textures/marker_1.png
[0.561s] -- Up-to-date: /home/rohithvikram/C++learning/Turtlebot3-control-using-Ros2-and-Fiducial-marker/install/tb3_gazebo/share/tb3_gazebo//models/aruco_marker_1/model.sdf
[0.561s] -- Up-to-date: /home/rohithvikram/C++learning/Turtlebot3-control-using-Ros2-and-Fiducial-marker/install/tb3_gazebo/share/tb3_gazebo//models/final_project_world
[0.561s] -- Up-to-date: /home/rohithvikram/C++learning/Turtlebot3-control-using-Ros2-and-Fiducial-marker/install/tb3_gazebo/share/tb3_gazebo//models/final_project_world/model.config
[0.561s] -- Up-to-date: /home/rohithvikram/C++learning/Turtlebot3-control-using-Ros2-and-Fiducial-marker/install/tb3_gazebo/share/tb3_gazebo//models/final_project_world/model.sdf
[0.565s] -- Up-to-date: /home/rohithvikram/C++learning/Turtlebot3-control-using-Ros2-and-Fiducial-marker/install/tb3_gazebo/share/tb3_gazebo//models/aruco_marker_3
[0.565s] -- Up-to-date: /home/rohithvikram/C++learning/Turtlebot3-control-using-Ros2-and-Fiducial-marker/install/tb3_gazebo/share/tb3_gazebo//models/aruco_marker_3/model.config
[0.565s] -- Up-to-date: /home/rohithvikram/C++learning/Turtlebot3-control-using-Ros2-and-Fiducial-marker/install/tb3_gazebo/share/tb3_gazebo//models/aruco_marker_3/materials
[0.565s] -- Up-to-date: /home/rohithvikram/C++learning/Turtlebot3-control-using-Ros2-and-Fiducial-marker/install/tb3_gazebo/share/tb3_gazebo//models/aruco_marker_3/materials/scripts
[0.565s] -- Up-to-date: /home/rohithvikram/C++learning/Turtlebot3-control-using-Ros2-and-Fiducial-marker/install/tb3_gazebo/share/tb3_gazebo//models/aruco_marker_3/materials/scripts/marker.material
[0.565s] -- Up-to-date: /home/rohithvikram/C++learning/Turtlebot3-control-using-Ros2-and-Fiducial-marker/install/tb3_gazebo/share/tb3_gazebo//models/aruco_marker_3/materials/textures
[0.565s] -- Up-to-date: /home/rohithvikram/C++learning/Turtlebot3-control-using-Ros2-and-Fiducial-marker/install/tb3_gazebo/share/tb3_gazebo//models/aruco_marker_3/materials/textures/marker_3.png
[0.565s] -- Up-to-date: /home/rohithvikram/C++learning/Turtlebot3-control-using-Ros2-and-Fiducial-marker/install/tb3_gazebo/share/tb3_gazebo//models/aruco_marker_3/model.sdf
[0.565s] -- Up-to-date: /home/rohithvikram/C++learning/Turtlebot3-control-using-Ros2-and-Fiducial-marker/install/tb3_gazebo/share/tb3_gazebo//models/turtlebot3_world
[0.565s] -- Up-to-date: /home/rohithvikram/C++learning/Turtlebot3-control-using-Ros2-and-Fiducial-marker/install/tb3_gazebo/share/tb3_gazebo//models/turtlebot3_world/model.config
[0.565s] -- Up-to-date: /home/rohithvikram/C++learning/Turtlebot3-control-using-Ros2-and-Fiducial-marker/install/tb3_gazebo/share/tb3_gazebo//models/turtlebot3_world/meshes
[0.565s] -- Up-to-date: /home/rohithvikram/C++learning/Turtlebot3-control-using-Ros2-and-Fiducial-marker/install/tb3_gazebo/share/tb3_gazebo//models/turtlebot3_world/meshes/wall.dae
[0.566s] -- Up-to-date: /home/rohithvikram/C++learning/Turtlebot3-control-using-Ros2-and-Fiducial-marker/install/tb3_gazebo/share/tb3_gazebo//models/turtlebot3_world/meshes/hexagon.dae
[0.566s] -- Up-to-date: /home/rohithvikram/C++learning/Turtlebot3-control-using-Ros2-and-Fiducial-marker/install/tb3_gazebo/share/tb3_gazebo//models/turtlebot3_world/model.sdf
[0.566s] -- Up-to-date: /home/rohithvikram/C++learning/Turtlebot3-control-using-Ros2-and-Fiducial-marker/install/tb3_gazebo/share/tb3_gazebo//models/turtlebot3_world/model-1_4.sdf
[0.566s] -- Up-to-date: /home/rohithvikram/C++learning/Turtlebot3-control-using-Ros2-and-Fiducial-marker/install/tb3_gazebo/share/tb3_gazebo//models/one
[0.566s] -- Up-to-date: /home/rohithvikram/C++learning/Turtlebot3-control-using-Ros2-and-Fiducial-marker/install/tb3_gazebo/share/tb3_gazebo//models/one/model.config
[0.566s] -- Up-to-date: /home/rohithvikram/C++learning/Turtlebot3-control-using-Ros2-and-Fiducial-marker/install/tb3_gazebo/share/tb3_gazebo//models/one/materials
[0.566s] -- Up-to-date: /home/rohithvikram/C++learning/Turtlebot3-control-using-Ros2-and-Fiducial-marker/install/tb3_gazebo/share/tb3_gazebo//models/one/materials/scripts
[0.566s] -- Up-to-date: /home/rohithvikram/C++learning/Turtlebot3-control-using-Ros2-and-Fiducial-marker/install/tb3_gazebo/share/tb3_gazebo//models/one/materials/scripts/marker.material
[0.566s] -- Up-to-date: /home/rohithvikram/C++learning/Turtlebot3-control-using-Ros2-and-Fiducial-marker/install/tb3_gazebo/share/tb3_gazebo//models/one/materials/textures
[0.566s] -- Up-to-date: /home/rohithvikram/C++learning/Turtlebot3-control-using-Ros2-and-Fiducial-marker/install/tb3_gazebo/share/tb3_gazebo//models/one/materials/textures/1.jpeg
[0.566s] -- Up-to-date: /home/rohithvikram/C++learning/Turtlebot3-control-using-Ros2-and-Fiducial-marker/install/tb3_gazebo/share/tb3_gazebo//models/one/materials/textures/1.png
[0.567s] -- Up-to-date: /home/rohithvikram/C++learning/Turtlebot3-control-using-Ros2-and-Fiducial-marker/install/tb3_gazebo/share/tb3_gazebo//models/one/model.sdf
[0.567s] -- Up-to-date: /home/rohithvikram/C++learning/Turtlebot3-control-using-Ros2-and-Fiducial-marker/install/tb3_gazebo/share/tb3_gazebo//models/aruco_marker_2
[0.567s] -- Up-to-date: /home/rohithvikram/C++learning/Turtlebot3-control-using-Ros2-and-Fiducial-marker/install/tb3_gazebo/share/tb3_gazebo//models/aruco_marker_2/model.config
[0.567s] -- Up-to-date: /home/rohithvikram/C++learning/Turtlebot3-control-using-Ros2-and-Fiducial-marker/install/tb3_gazebo/share/tb3_gazebo//models/aruco_marker_2/materials
[0.567s] -- Up-to-date: /home/rohithvikram/C++learning/Turtlebot3-control-using-Ros2-and-Fiducial-marker/install/tb3_gazebo/share/tb3_gazebo//models/aruco_marker_2/materials/scripts
[0.567s] -- Up-to-date: /home/rohithvikram/C++learning/Turtlebot3-control-using-Ros2-and-Fiducial-marker/install/tb3_gazebo/share/tb3_gazebo//models/aruco_marker_2/materials/scripts/marker.material
[0.567s] -- Up-to-date: /home/rohithvikram/C++learning/Turtlebot3-control-using-Ros2-and-Fiducial-marker/install/tb3_gazebo/share/tb3_gazebo//models/aruco_marker_2/materials/textures
[0.567s] -- Up-to-date: /home/rohithvikram/C++learning/Turtlebot3-control-using-Ros2-and-Fiducial-marker/install/tb3_gazebo/share/tb3_gazebo//models/aruco_marker_2/materials/textures/marker_2.png
[0.567s] -- Up-to-date: /home/rohithvikram/C++learning/Turtlebot3-control-using-Ros2-and-Fiducial-marker/install/tb3_gazebo/share/tb3_gazebo//models/aruco_marker_2/model.sdf
[0.568s] -- Up-to-date: /home/rohithvikram/C++learning/Turtlebot3-control-using-Ros2-and-Fiducial-marker/install/tb3_gazebo/share/tb3_gazebo//models/turtlebot3_waffle
[0.568s] -- Up-to-date: /home/rohithvikram/C++learning/Turtlebot3-control-using-Ros2-and-Fiducial-marker/install/tb3_gazebo/share/tb3_gazebo//models/turtlebot3_waffle/model.config
[0.568s] -- Up-to-date: /home/rohithvikram/C++learning/Turtlebot3-control-using-Ros2-and-Fiducial-marker/install/tb3_gazebo/share/tb3_gazebo//models/turtlebot3_waffle/model_robot1.sdf
[0.568s] -- Up-to-date: /home/rohithvikram/C++learning/Turtlebot3-control-using-Ros2-and-Fiducial-marker/install/tb3_gazebo/share/tb3_gazebo//models/turtlebot3_waffle/model_robot2_aruco3.sdf
[0.568s] -- Up-to-date: /home/rohithvikram/C++learning/Turtlebot3-control-using-Ros2-and-Fiducial-marker/install/tb3_gazebo/share/tb3_gazebo//models/turtlebot3_waffle/model_robot2_aruco1.sdf
[0.568s] -- Up-to-date: /home/rohithvikram/C++learning/Turtlebot3-control-using-Ros2-and-Fiducial-marker/install/tb3_gazebo/share/tb3_gazebo//models/turtlebot3_waffle/model_robot3.sdf
[0.568s] -- Up-to-date: /home/rohithvikram/C++learning/Turtlebot3-control-using-Ros2-and-Fiducial-marker/install/tb3_gazebo/share/tb3_gazebo//models/turtlebot3_waffle/model_robot2_aruco0.sdf
[0.568s] -- Up-to-date: /home/rohithvikram/C++learning/Turtlebot3-control-using-Ros2-and-Fiducial-marker/install/tb3_gazebo/share/tb3_gazebo//models/turtlebot3_waffle/model_robot2_aruco2.sdf
[0.569s] -- Up-to-date: /home/rohithvikram/C++learning/Turtlebot3-control-using-Ros2-and-Fiducial-marker/install/tb3_gazebo/share/tb3_gazebo//models/turtlebot3_waffle/model-1_4.sdf
[0.569s] -- Up-to-date: /home/rohithvikram/C++learning/Turtlebot3-control-using-Ros2-and-Fiducial-marker/install/tb3_gazebo/share/tb3_gazebo//models/four
[0.569s] -- Up-to-date: /home/rohithvikram/C++learning/Turtlebot3-control-using-Ros2-and-Fiducial-marker/install/tb3_gazebo/share/tb3_gazebo//models/four/model.config
[0.569s] -- Up-to-date: /home/rohithvikram/C++learning/Turtlebot3-control-using-Ros2-and-Fiducial-marker/install/tb3_gazebo/share/tb3_gazebo//models/four/materials
[0.569s] -- Up-to-date: /home/rohithvikram/C++learning/Turtlebot3-control-using-Ros2-and-Fiducial-marker/install/tb3_gazebo/share/tb3_gazebo//models/four/materials/scripts
[0.569s] -- Up-to-date: /home/rohithvikram/C++learning/Turtlebot3-control-using-Ros2-and-Fiducial-marker/install/tb3_gazebo/share/tb3_gazebo//models/four/materials/scripts/marker.material
[0.569s] -- Up-to-date: /home/rohithvikram/C++learning/Turtlebot3-control-using-Ros2-and-Fiducial-marker/install/tb3_gazebo/share/tb3_gazebo//models/four/materials/textures
[0.569s] -- Up-to-date: /home/rohithvikram/C++learning/Turtlebot3-control-using-Ros2-and-Fiducial-marker/install/tb3_gazebo/share/tb3_gazebo//models/four/materials/textures/4.png
[0.570s] -- Up-to-date: /home/rohithvikram/C++learning/Turtlebot3-control-using-Ros2-and-Fiducial-marker/install/tb3_gazebo/share/tb3_gazebo//models/four/model.sdf
[0.570s] -- Up-to-date: /home/rohithvikram/C++learning/Turtlebot3-control-using-Ros2-and-Fiducial-marker/install/tb3_gazebo/share/tb3_gazebo//models/aruco_marker_0
[0.570s] -- Up-to-date: /home/rohithvikram/C++learning/Turtlebot3-control-using-Ros2-and-Fiducial-marker/install/tb3_gazebo/share/tb3_gazebo//models/aruco_marker_0/model.config
[0.570s] -- Up-to-date: /home/rohithvikram/C++learning/Turtlebot3-control-using-Ros2-and-Fiducial-marker/install/tb3_gazebo/share/tb3_gazebo//models/aruco_marker_0/materials
[0.570s] -- Up-to-date: /home/rohithvikram/C++learning/Turtlebot3-control-using-Ros2-and-Fiducial-marker/install/tb3_gazebo/share/tb3_gazebo//models/aruco_marker_0/materials/scripts
[0.570s] -- Up-to-date: /home/rohithvikram/C++learning/Turtlebot3-control-using-Ros2-and-Fiducial-marker/install/tb3_gazebo/share/tb3_gazebo//models/aruco_marker_0/materials/scripts/marker.material
[0.571s] -- Up-to-date: /home/rohithvikram/C++learning/Turtlebot3-control-using-Ros2-and-Fiducial-marker/install/tb3_gazebo/share/tb3_gazebo//models/aruco_marker_0/materials/textures
[0.571s] -- Up-to-date: /home/rohithvikram/C++learning/Turtlebot3-control-using-Ros2-and-Fiducial-marker/install/tb3_gazebo/share/tb3_gazebo//models/aruco_marker_0/materials/textures/marker_0.png
[0.571s] -- Up-to-date: /home/rohithvikram/C++learning/Turtlebot3-control-using-Ros2-and-Fiducial-marker/install/tb3_gazebo/share/tb3_gazebo//models/aruco_marker_0/model.sdf
[0.571s] -- Up-to-date: /home/rohithvikram/C++learning/Turtlebot3-control-using-Ros2-and-Fiducial-marker/install/tb3_gazebo/share/tb3_gazebo//models/three
[0.572s] -- Up-to-date: /home/rohithvikram/C++learning/Turtlebot3-control-using-Ros2-and-Fiducial-marker/install/tb3_gazebo/share/tb3_gazebo//models/three/model.config
[0.572s] -- Up-to-date: /home/rohithvikram/C++learning/Turtlebot3-control-using-Ros2-and-Fiducial-marker/install/tb3_gazebo/share/tb3_gazebo//models/three/materials
[0.572s] -- Up-to-date: /home/rohithvikram/C++learning/Turtlebot3-control-using-Ros2-and-Fiducial-marker/install/tb3_gazebo/share/tb3_gazebo//models/three/materials/scripts
[0.572s] -- Up-to-date: /home/rohithvikram/C++learning/Turtlebot3-control-using-Ros2-and-Fiducial-marker/install/tb3_gazebo/share/tb3_gazebo//models/three/materials/scripts/marker.material
[0.572s] -- Up-to-date: /home/rohithvikram/C++learning/Turtlebot3-control-using-Ros2-and-Fiducial-marker/install/tb3_gazebo/share/tb3_gazebo//models/three/materials/textures
[0.572s] -- Up-to-date: /home/rohithvikram/C++learning/Turtlebot3-control-using-Ros2-and-Fiducial-marker/install/tb3_gazebo/share/tb3_gazebo//models/three/materials/textures/3.png
[0.572s] -- Up-to-date: /home/rohithvikram/C++learning/Turtlebot3-control-using-Ros2-and-Fiducial-marker/install/tb3_gazebo/share/tb3_gazebo//models/three/model.sdf
[0.572s] -- Up-to-date: /home/rohithvikram/C++learning/Turtlebot3-control-using-Ros2-and-Fiducial-marker/install/tb3_gazebo/share/tb3_gazebo//models/ground_plane
[0.573s] -- Up-to-date: /home/rohithvikram/C++learning/Turtlebot3-control-using-Ros2-and-Fiducial-marker/install/tb3_gazebo/share/tb3_gazebo//models/ground_plane/model.config
[0.573s] -- Up-to-date: /home/rohithvikram/C++learning/Turtlebot3-control-using-Ros2-and-Fiducial-marker/install/tb3_gazebo/share/tb3_gazebo//models/ground_plane/model-1_3.sdf
[0.573s] -- Up-to-date: /home/rohithvikram/C++learning/Turtlebot3-control-using-Ros2-and-Fiducial-marker/install/tb3_gazebo/share/tb3_gazebo//models/ground_plane/model-1_2.sdf
[0.574s] -- Up-to-date: /home/rohithvikram/C++learning/Turtlebot3-control-using-Ros2-and-Fiducial-marker/install/tb3_gazebo/share/tb3_gazebo//models/ground_plane/model.sdf
[0.574s] -- Up-to-date: /home/rohithvikram/C++learning/Turtlebot3-control-using-Ros2-and-Fiducial-marker/install/tb3_gazebo/share/tb3_gazebo//models/ground_plane/model-1_4.sdf
[0.574s] -- Up-to-date: /home/rohithvikram/C++learning/Turtlebot3-control-using-Ros2-and-Fiducial-marker/install/tb3_gazebo/share/tb3_gazebo//models/two
[0.574s] -- Up-to-date: /home/rohithvikram/C++learning/Turtlebot3-control-using-Ros2-and-Fiducial-marker/install/tb3_gazebo/share/tb3_gazebo//models/two/model.config
[0.574s] -- Up-to-date: /home/rohithvikram/C++learning/Turtlebot3-control-using-Ros2-and-Fiducial-marker/install/tb3_gazebo/share/tb3_gazebo//models/two/materials
[0.575s] -- Up-to-date: /home/rohithvikram/C++learning/Turtlebot3-control-using-Ros2-and-Fiducial-marker/install/tb3_gazebo/share/tb3_gazebo//models/two/materials/scripts
[0.575s] -- Up-to-date: /home/rohithvikram/C++learning/Turtlebot3-control-using-Ros2-and-Fiducial-marker/install/tb3_gazebo/share/tb3_gazebo//models/two/materials/scripts/marker.material
[0.575s] -- Up-to-date: /home/rohithvikram/C++learning/Turtlebot3-control-using-Ros2-and-Fiducial-marker/install/tb3_gazebo/share/tb3_gazebo//models/two/materials/textures
[0.575s] -- Up-to-date: /home/rohithvikram/C++learning/Turtlebot3-control-using-Ros2-and-Fiducial-marker/install/tb3_gazebo/share/tb3_gazebo//models/two/materials/textures/2.png
[0.575s] -- Up-to-date: /home/rohithvikram/C++learning/Turtlebot3-control-using-Ros2-and-Fiducial-marker/install/tb3_gazebo/share/tb3_gazebo//models/two/model.sdf
[0.575s] -- Up-to-date: /home/rohithvikram/C++learning/Turtlebot3-control-using-Ros2-and-Fiducial-marker/install/tb3_gazebo/share/tb3_gazebo//models/turtlebot3_common
[0.575s] -- Up-to-date: /home/rohithvikram/C++learning/Turtlebot3-control-using-Ros2-and-Fiducial-marker/install/tb3_gazebo/share/tb3_gazebo//models/turtlebot3_common/model.config
[0.575s] -- Up-to-date: /home/rohithvikram/C++learning/Turtlebot3-control-using-Ros2-and-Fiducial-marker/install/tb3_gazebo/share/tb3_gazebo//models/turtlebot3_common/meshes
[0.575s] -- Up-to-date: /home/rohithvikram/C++learning/Turtlebot3-control-using-Ros2-and-Fiducial-marker/install/tb3_gazebo/share/tb3_gazebo//models/turtlebot3_common/meshes/r200.dae
[0.575s] -- Up-to-date: /home/rohithvikram/C++learning/Turtlebot3-control-using-Ros2-and-Fiducial-marker/install/tb3_gazebo/share/tb3_gazebo//models/turtlebot3_common/meshes/marker_3
[0.575s] -- Up-to-date: /home/rohithvikram/C++learning/Turtlebot3-control-using-Ros2-and-Fiducial-marker/install/tb3_gazebo/share/tb3_gazebo//models/turtlebot3_common/meshes/marker_3/marker_3.dae
[0.575s] -- Up-to-date: /home/rohithvikram/C++learning/Turtlebot3-control-using-Ros2-and-Fiducial-marker/install/tb3_gazebo/share/tb3_gazebo//models/turtlebot3_common/meshes/lds.dae
[0.576s] -- Up-to-date: /home/rohithvikram/C++learning/Turtlebot3-control-using-Ros2-and-Fiducial-marker/install/tb3_gazebo/share/tb3_gazebo//models/turtlebot3_common/meshes/marker_2
[0.576s] -- Up-to-date: /home/rohithvikram/C++learning/Turtlebot3-control-using-Ros2-and-Fiducial-marker/install/tb3_gazebo/share/tb3_gazebo//models/turtlebot3_common/meshes/marker_2/marker_2.dae
[0.576s] -- Up-to-date: /home/rohithvikram/C++learning/Turtlebot3-control-using-Ros2-and-Fiducial-marker/install/tb3_gazebo/share/tb3_gazebo//models/turtlebot3_common/meshes/waffle_base.dae
[0.576s] -- Up-to-date: /home/rohithvikram/C++learning/Turtlebot3-control-using-Ros2-and-Fiducial-marker/install/tb3_gazebo/share/tb3_gazebo//models/turtlebot3_common/meshes/marker_1
[0.576s] -- Up-to-date: /home/rohithvikram/C++learning/Turtlebot3-control-using-Ros2-and-Fiducial-marker/install/tb3_gazebo/share/tb3_gazebo//models/turtlebot3_common/meshes/marker_1/FabConvert.com_marker_1.dae
[0.576s] -- Up-to-date: /home/rohithvikram/C++learning/Turtlebot3-control-using-Ros2-and-Fiducial-marker/install/tb3_gazebo/share/tb3_gazebo//models/turtlebot3_common/meshes/marker_0
[0.576s] -- Up-to-date: /home/rohithvikram/C++learning/Turtlebot3-control-using-Ros2-and-Fiducial-marker/install/tb3_gazebo/share/tb3_gazebo//models/turtlebot3_common/meshes/marker_0/marker_0.png
[0.576s] -- Up-to-date: /home/rohithvikram/C++learning/Turtlebot3-control-using-Ros2-and-Fiducial-marker/install/tb3_gazebo/share/tb3_gazebo//models/turtlebot3_common/meshes/marker_0/marker_0.dae
[0.577s] -- Up-to-date: /home/rohithvikram/C++learning/Turtlebot3-control-using-Ros2-and-Fiducial-marker/install/tb3_gazebo/share/tb3_gazebo//models/turtlebot3_common/meshes/tire.dae
[0.577s] -- Up-to-date: /home/rohithvikram/C++learning/Turtlebot3-control-using-Ros2-and-Fiducial-marker/install/tb3_gazebo/share/tb3_gazebo//models/turtlebot3_common/meshes/burger_base.dae
[0.577s] -- Up-to-date: /home/rohithvikram/C++learning/Turtlebot3-control-using-Ros2-and-Fiducial-marker/install/tb3_gazebo/share/tb3_gazebo//models/turtlebot3_common/meshes/waffle_pi_base.dae
[0.577s] -- Up-to-date: /home/rohithvikram/C++learning/Turtlebot3-control-using-Ros2-and-Fiducial-marker/install/tb3_gazebo/share/tb3_gazebo//rviz
[0.577s] -- Up-to-date: /home/rohithvikram/C++learning/Turtlebot3-control-using-Ros2-and-Fiducial-marker/install/tb3_gazebo/share/tb3_gazebo//rviz/tb3_gazebo.rviz
[0.577s] -- Up-to-date: /home/rohithvikram/C++learning/Turtlebot3-control-using-Ros2-and-Fiducial-marker/install/tb3_gazebo/share/tb3_gazebo//urdf
[0.577s] -- Up-to-date: /home/rohithvikram/C++learning/Turtlebot3-control-using-Ros2-and-Fiducial-marker/install/tb3_gazebo/share/tb3_gazebo//urdf/common_properties.urdf
[0.578s] -- Up-to-date: /home/rohithvikram/C++learning/Turtlebot3-control-using-Ros2-and-Fiducial-marker/install/tb3_gazebo/share/tb3_gazebo//urdf/turtlebot3_waffle_pi.urdf
[0.578s] -- Up-to-date: /home/rohithvikram/C++learning/Turtlebot3-control-using-Ros2-and-Fiducial-marker/install/tb3_gazebo/share/tb3_gazebo//urdf/turtlebot3_burger.urdf
[0.578s] -- Up-to-date: /home/rohithvikram/C++learning/Turtlebot3-control-using-Ros2-and-Fiducial-marker/install/tb3_gazebo/share/tb3_gazebo//urdf/turtlebot3_waffle.urdf
[0.578s] -- Up-to-date: /home/rohithvikram/C++learning/Turtlebot3-control-using-Ros2-and-Fiducial-marker/install/tb3_gazebo/share/tb3_gazebo//worlds
[0.578s] -- Up-to-date: /home/rohithvikram/C++learning/Turtlebot3-control-using-Ros2-and-Fiducial-marker/install/tb3_gazebo/share/tb3_gazebo//worlds/turtlebot3_dqn_stage4.world
[0.578s] -- Up-to-date: /home/rohithvikram/C++learning/Turtlebot3-control-using-Ros2-and-Fiducial-marker/install/tb3_gazebo/share/tb3_gazebo//worlds/turtlebot3_house.world
[0.578s] -- Up-to-date: /home/rohithvikram/C++learning/Turtlebot3-control-using-Ros2-and-Fiducial-marker/install/tb3_gazebo/share/tb3_gazebo//worlds/turtlebot3_dqn_stage3.world
[0.578s] -- Up-to-date: /home/rohithvikram/C++learning/Turtlebot3-control-using-Ros2-and-Fiducial-marker/install/tb3_gazebo/share/tb3_gazebo//worlds/empty_world.world
[0.578s] -- Up-to-date: /home/rohithvikram/C++learning/Turtlebot3-control-using-Ros2-and-Fiducial-marker/install/tb3_gazebo/share/tb3_gazebo//worlds/turtlebot3_dqn_stage1.world
[0.578s] -- Up-to-date: /home/rohithvikram/C++learning/Turtlebot3-control-using-Ros2-and-Fiducial-marker/install/tb3_gazebo/share/tb3_gazebo//worlds/turtlebot3_dqn_stage2.world
[0.578s] -- Up-to-date: /home/rohithvikram/C++learning/Turtlebot3-control-using-Ros2-and-Fiducial-marker/install/tb3_gazebo/share/tb3_gazebo//worlds/turtlebot3_world.world
[0.579s] -- Up-to-date: /home/rohithvikram/C++learning/Turtlebot3-control-using-Ros2-and-Fiducial-marker/install/tb3_gazebo/include/
[0.579s] -- Up-to-date: /home/rohithvikram/C++learning/Turtlebot3-control-using-Ros2-and-Fiducial-marker/install/tb3_gazebo/include//turtlebot3_gazebo
[0.579s] -- Up-to-date: /home/rohithvikram/C++learning/Turtlebot3-control-using-Ros2-and-Fiducial-marker/install/tb3_gazebo/include//turtlebot3_gazebo/turtlebot3_drive.hpp
[0.579s] -- Up-to-date: /home/rohithvikram/C++learning/Turtlebot3-control-using-Ros2-and-Fiducial-marker/install/tb3_gazebo/share/ament_index/resource_index/package_run_dependencies/tb3_gazebo
[0.579s] -- Up-to-date: /home/rohithvikram/C++learning/Turtlebot3-control-using-Ros2-and-Fiducial-marker/install/tb3_gazebo/share/ament_index/resource_index/parent_prefix_path/tb3_gazebo
[0.579s] -- Up-to-date: /home/rohithvikram/C++learning/Turtlebot3-control-using-Ros2-and-Fiducial-marker/install/tb3_gazebo/share/tb3_gazebo/environment/ament_prefix_path.sh
[0.579s] -- Up-to-date: /home/rohithvikram/C++learning/Turtlebot3-control-using-Ros2-and-Fiducial-marker/install/tb3_gazebo/share/tb3_gazebo/environment/ament_prefix_path.dsv
[0.579s] -- Up-to-date: /home/rohithvikram/C++learning/Turtlebot3-control-using-Ros2-and-Fiducial-marker/install/tb3_gazebo/share/tb3_gazebo/environment/path.sh
[0.579s] -- Up-to-date: /home/rohithvikram/C++learning/Turtlebot3-control-using-Ros2-and-Fiducial-marker/install/tb3_gazebo/share/tb3_gazebo/environment/path.dsv
[0.580s] -- Up-to-date: /home/rohithvikram/C++learning/Turtlebot3-control-using-Ros2-and-Fiducial-marker/install/tb3_gazebo/share/tb3_gazebo/local_setup.bash
[0.580s] -- Up-to-date: /home/rohithvikram/C++learning/Turtlebot3-control-using-Ros2-and-Fiducial-marker/install/tb3_gazebo/share/tb3_gazebo/local_setup.sh
[0.580s] -- Up-to-date: /home/rohithvikram/C++learning/Turtlebot3-control-using-Ros2-and-Fiducial-marker/install/tb3_gazebo/share/tb3_gazebo/local_setup.zsh
[0.580s] -- Up-to-date: /home/rohithvikram/C++learning/Turtlebot3-control-using-Ros2-and-Fiducial-marker/install/tb3_gazebo/share/tb3_gazebo/local_setup.dsv
[0.580s] -- Installing: /home/rohithvikram/C++learning/Turtlebot3-control-using-Ros2-and-Fiducial-marker/install/tb3_gazebo/share/tb3_gazebo/package.dsv
[0.580s] -- Up-to-date: /home/rohithvikram/C++learning/Turtlebot3-control-using-Ros2-and-Fiducial-marker/install/tb3_gazebo/share/ament_index/resource_index/packages/tb3_gazebo
[0.580s] -- Up-to-date: /home/rohithvikram/C++learning/Turtlebot3-control-using-Ros2-and-Fiducial-marker/install/tb3_gazebo/share/tb3_gazebo/cmake/ament_cmake_export_include_directories-extras.cmake
[0.580s] -- Up-to-date: /home/rohithvikram/C++learning/Turtlebot3-control-using-Ros2-and-Fiducial-marker/install/tb3_gazebo/share/tb3_gazebo/cmake/ament_cmake_export_dependencies-extras.cmake
[0.580s] -- Up-to-date: /home/rohithvikram/C++learning/Turtlebot3-control-using-Ros2-and-Fiducial-marker/install/tb3_gazebo/share/tb3_gazebo/cmake/tb3_gazeboConfig.cmake
[0.581s] -- Up-to-date: /home/rohithvikram/C++learning/Turtlebot3-control-using-Ros2-and-Fiducial-marker/install/tb3_gazebo/share/tb3_gazebo/cmake/tb3_gazeboConfig-version.cmake
[0.581s] -- Up-to-date: /home/rohithvikram/C++learning/Turtlebot3-control-using-Ros2-and-Fiducial-marker/install/tb3_gazebo/share/tb3_gazebo/package.xml
[0.628s] Invoked command in '/home/rohithvikram/C++learning/Turtlebot3-control-using-Ros2-and-Fiducial-marker/build/tb3_gazebo' returned '0': CMAKE_PREFIX_PATH=${CMAKE_PREFIX_PATH}:/home/rohithvikram/C++learning/Turtlebot3-control-using-Ros2-and-Fiducial-marker/install/tb3_gazebo_spawner:/home/rohithvikram/C++learning/Turtlebot3-control-using-Ros2-and-Fiducial-marker/install/ros2_aruco:/home/rohithvikram/voidwalking/ros2_ws/install/waypoints:/opt/ros/humble /usr/bin/cmake --install /home/rohithvikram/C++learning/Turtlebot3-control-using-Ros2-and-Fiducial-marker/build/tb3_gazebo
