[0.729s] Invoking command in '/home/rohithvikram/C++learning/Turtlebot3-control-using-Ros2-and-Fiducial-marker/Turtlebot3_control/ros2_aruco/ros2_aruco': PYTHONPATH=/home/rohithvikram/C++learning/Turtlebot3-control-using-Ros2-and-Fiducial-marker/build/ros2_aruco/prefix_override:/usr/lib/python3/dist-packages/colcon_core/task/python/colcon_distutils_commands:/home/rohithvikram/C++learning/Turtlebot3-control-using-Ros2-and-Fiducial-marker/install/ros2_aruco/lib/python3.10/site-packages:${PYTHONPATH} /usr/bin/python3 -W ignore:setup.py install is deprecated -W ignore:easy_install command is deprecated setup.py egg_info --egg-base ../../../build/ros2_aruco build --build-base /home/rohithvikram/C++learning/Turtlebot3-control-using-Ros2-and-Fiducial-marker/build/ros2_aruco/build install --record /home/rohithvikram/C++learning/Turtlebot3-control-using-Ros2-and-Fiducial-marker/build/ros2_aruco/install.log --single-version-externally-managed install_data
[0.978s] running egg_info
[0.978s] writing ../../../build/ros2_aruco/ros2_aruco.egg-info/PKG-INFO
[0.978s] writing dependency_links to ../../../build/ros2_aruco/ros2_aruco.egg-info/dependency_links.txt
[0.979s] writing entry points to ../../../build/ros2_aruco/ros2_aruco.egg-info/entry_points.txt
[0.979s] writing requirements to ../../../build/ros2_aruco/ros2_aruco.egg-info/requires.txt
[0.979s] writing top-level names to ../../../build/ros2_aruco/ros2_aruco.egg-info/top_level.txt
[0.980s] reading manifest file '../../../build/ros2_aruco/ros2_aruco.egg-info/SOURCES.txt'
[0.981s] writing manifest file '../../../build/ros2_aruco/ros2_aruco.egg-info/SOURCES.txt'
[0.981s] running build
[0.981s] running build_py
[0.981s] running install
[0.982s] running install_lib
[0.983s] running install_data
[0.983s] running install_egg_info
[0.984s] removing '/home/rohithvikram/C++learning/Turtlebot3-control-using-Ros2-and-Fiducial-marker/install/ros2_aruco/lib/python3.10/site-packages/ros2_aruco-0.1.0-py3.10.egg-info' (and everything under it)
[0.985s] Copying ../../../build/ros2_aruco/ros2_aruco.egg-info to /home/rohithvikram/C++learning/Turtlebot3-control-using-Ros2-and-Fiducial-marker/install/ros2_aruco/lib/python3.10/site-packages/ros2_aruco-0.1.0-py3.10.egg-info
[0.985s] running install_scripts
[1.003s] Installing aruco_generate_marker script to /home/rohithvikram/C++learning/Turtlebot3-control-using-Ros2-and-Fiducial-marker/install/ros2_aruco/lib/ros2_aruco
[1.003s] Installing aruco_node script to /home/rohithvikram/C++learning/Turtlebot3-control-using-Ros2-and-Fiducial-marker/install/ros2_aruco/lib/ros2_aruco
[1.004s] writing list of installed files to '/home/rohithvikram/C++learning/Turtlebot3-control-using-Ros2-and-Fiducial-marker/build/ros2_aruco/install.log'
[1.023s] Invoked command in '/home/rohithvikram/C++learning/Turtlebot3-control-using-Ros2-and-Fiducial-marker/Turtlebot3_control/ros2_aruco/ros2_aruco' returned '0': PYTHONPATH=/home/rohithvikram/C++learning/Turtlebot3-control-using-Ros2-and-Fiducial-marker/build/ros2_aruco/prefix_override:/usr/lib/python3/dist-packages/colcon_core/task/python/colcon_distutils_commands:/home/rohithvikram/C++learning/Turtlebot3-control-using-Ros2-and-Fiducial-marker/install/ros2_aruco/lib/python3.10/site-packages:${PYTHONPATH} /usr/bin/python3 -W ignore:setup.py install is deprecated -W ignore:easy_install command is deprecated setup.py egg_info --egg-base ../../../build/ros2_aruco build --build-base /home/rohithvikram/C++learning/Turtlebot3-control-using-Ros2-and-Fiducial-marker/build/ros2_aruco/build install --record /home/rohithvikram/C++learning/Turtlebot3-control-using-Ros2-and-Fiducial-marker/build/ros2_aruco/install.log --single-version-externally-managed install_data
