[0.500s] Invoking command in '/home/rohithvikram/C++learning/Turtlebot3-control-using-Ros2-and-Fiducial-marker/build/world_odom_broadcaster': CMAKE_PREFIX_PATH=${CMAKE_PREFIX_PATH}:/home/rohithvikram/C++learning/Turtlebot3-control-using-Ros2-and-Fiducial-marker/install/tb3_gazebo_spawner:/home/rohithvikram/C++learning/Turtlebot3-control-using-Ros2-and-Fiducial-marker/install/ros2_aruco:/home/rohithvikram/voidwalking/ros2_ws/install/waypoints:/opt/ros/humble /usr/bin/cmake --build /home/rohithvikram/C++learning/Turtlebot3-control-using-Ros2-and-Fiducial-marker/build/world_odom_broadcaster -- -j20 -l20
[0.560s] [35m[1mConsolidate compiler generated dependencies of target world_odom_broadcaster[0m
[0.563s] [100%] Built target world_odom_broadcaster
[0.639s] Invoked command in '/home/rohithvikram/C++learning/Turtlebot3-control-using-Ros2-and-Fiducial-marker/build/world_odom_broadcaster' returned '0': CMAKE_PREFIX_PATH=${CMAKE_PREFIX_PATH}:/home/rohithvikram/C++learning/Turtlebot3-control-using-Ros2-and-Fiducial-marker/install/tb3_gazebo_spawner:/home/rohithvikram/C++learning/Turtlebot3-control-using-Ros2-and-Fiducial-marker/install/ros2_aruco:/home/rohithvikram/voidwalking/ros2_ws/install/waypoints:/opt/ros/humble /usr/bin/cmake --build /home/rohithvikram/C++learning/Turtlebot3-control-using-Ros2-and-Fiducial-marker/build/world_odom_broadcaster -- -j20 -l20
[0.640s] Invoking command in '/home/rohithvikram/C++learning/Turtlebot3-control-using-Ros2-and-Fiducial-marker/build/world_odom_broadcaster': CMAKE_PREFIX_PATH=${CMAKE_PREFIX_PATH}:/home/rohithvikram/C++learning/Turtlebot3-control-using-Ros2-and-Fiducial-marker/install/tb3_gazebo_spawner:/home/rohithvikram/C++learning/Turtlebot3-control-using-Ros2-and-Fiducial-marker/install/ros2_aruco:/home/rohithvikram/voidwalking/ros2_ws/install/waypoints:/opt/ros/humble /usr/bin/cmake --install /home/rohithvikram/C++learning/Turtlebot3-control-using-Ros2-and-Fiducial-marker/build/world_odom_broadcaster
[0.648s] -- Install configuration: ""
[0.648s] -- Up-to-date: /home/rohithvikram/C++learning/Turtlebot3-control-using-Ros2-and-Fiducial-marker/install/world_odom_broadcaster/lib/world_odom_broadcaster/world_odom_broadcaster
[0.649s] -- Up-to-date: /home/rohithvikram/C++learning/Turtlebot3-control-using-Ros2-and-Fiducial-marker/install/world_odom_broadcaster/share/ament_index/resource_index/package_run_dependencies/world_odom_broadcaster
[0.649s] -- Up-to-date: /home/rohithvikram/C++learning/Turtlebot3-control-using-Ros2-and-Fiducial-marker/install/world_odom_broadcaster/share/ament_index/resource_index/parent_prefix_path/world_odom_broadcaster
[0.649s] -- Up-to-date: /home/rohithvikram/C++learning/Turtlebot3-control-using-Ros2-and-Fiducial-marker/install/world_odom_broadcaster/share/world_odom_broadcaster/environment/ament_prefix_path.sh
[0.649s] -- Up-to-date: /home/rohithvikram/C++learning/Turtlebot3-control-using-Ros2-and-Fiducial-marker/install/world_odom_broadcaster/share/world_odom_broadcaster/environment/ament_prefix_path.dsv
[0.649s] -- Up-to-date: /home/rohithvikram/C++learning/Turtlebot3-control-using-Ros2-and-Fiducial-marker/install/world_odom_broadcaster/share/world_odom_broadcaster/environment/path.sh
[0.649s] -- Up-to-date: /home/rohithvikram/C++learning/Turtlebot3-control-using-Ros2-and-Fiducial-marker/install/world_odom_broadcaster/share/world_odom_broadcaster/environment/path.dsv
[0.649s] -- Up-to-date: /home/rohithvikram/C++learning/Turtlebot3-control-using-Ros2-and-Fiducial-marker/install/world_odom_broadcaster/share/world_odom_broadcaster/local_setup.bash
[0.649s] -- Up-to-date: /home/rohithvikram/C++learning/Turtlebot3-control-using-Ros2-and-Fiducial-marker/install/world_odom_broadcaster/share/world_odom_broadcaster/local_setup.sh
[0.649s] -- Up-to-date: /home/rohithvikram/C++learning/Turtlebot3-control-using-Ros2-and-Fiducial-marker/install/world_odom_broadcaster/share/world_odom_broadcaster/local_setup.zsh
[0.649s] -- Up-to-date: /home/rohithvikram/C++learning/Turtlebot3-control-using-Ros2-and-Fiducial-marker/install/world_odom_broadcaster/share/world_odom_broadcaster/local_setup.dsv
[0.649s] -- Installing: /home/rohithvikram/C++learning/Turtlebot3-control-using-Ros2-and-Fiducial-marker/install/world_odom_broadcaster/share/world_odom_broadcaster/package.dsv
[0.649s] -- Up-to-date: /home/rohithvikram/C++learning/Turtlebot3-control-using-Ros2-and-Fiducial-marker/install/world_odom_broadcaster/share/ament_index/resource_index/packages/world_odom_broadcaster
[0.649s] -- Up-to-date: /home/rohithvikram/C++learning/Turtlebot3-control-using-Ros2-and-Fiducial-marker/install/world_odom_broadcaster/share/world_odom_broadcaster/cmake/world_odom_broadcasterConfig.cmake
[0.649s] -- Up-to-date: /home/rohithvikram/C++learning/Turtlebot3-control-using-Ros2-and-Fiducial-marker/install/world_odom_broadcaster/share/world_odom_broadcaster/cmake/world_odom_broadcasterConfig-version.cmake
[0.649s] -- Up-to-date: /home/rohithvikram/C++learning/Turtlebot3-control-using-Ros2-and-Fiducial-marker/install/world_odom_broadcaster/share/world_odom_broadcaster/package.xml
[0.651s] Invoked command in '/home/rohithvikram/C++learning/Turtlebot3-control-using-Ros2-and-Fiducial-marker/build/world_odom_broadcaster' returned '0': CMAKE_PREFIX_PATH=${CMAKE_PREFIX_PATH}:/home/rohithvikram/C++learning/Turtlebot3-control-using-Ros2-and-Fiducial-marker/install/tb3_gazebo_spawner:/home/rohithvikram/C++learning/Turtlebot3-control-using-Ros2-and-Fiducial-marker/install/ros2_aruco:/home/rohithvikram/voidwalking/ros2_ws/install/waypoints:/opt/ros/humble /usr/bin/cmake --install /home/rohithvikram/C++learning/Turtlebot3-control-using-Ros2-and-Fiducial-marker/build/world_odom_broadcaster
