[0.055s] Invoking command in '/home/rohithvikram/C++learning/Turtlebot3-control-using-Ros2-and-Fiducial-marker/build/bot_controller': CMAKE_PREFIX_PATH=${CMAKE_PREFIX_PATH}:/home/rohithvikram/C++learning/Turtlebot3-control-using-Ros2-and-Fiducial-marker/install/tb3_gazebo_spawner:/home/rohithvikram/C++learning/Turtlebot3-control-using-Ros2-and-Fiducial-marker/install/ros2_aruco:/home/rohithvikram/voidwalking/ros2_ws/install/waypoints:/opt/ros/humble /usr/bin/cmake --build /home/rohithvikram/C++learning/Turtlebot3-control-using-Ros2-and-Fiducial-marker/build/bot_controller -- -j20 -l20
[0.506s] [100%] Built target bot_controller
[0.521s] Invoked command in '/home/rohithvikram/C++learning/Turtlebot3-control-using-Ros2-and-Fiducial-marker/build/bot_controller' returned '0': CMAKE_PREFIX_PATH=${CMAKE_PREFIX_PATH}:/home/rohithvikram/C++learning/Turtlebot3-control-using-Ros2-and-Fiducial-marker/install/tb3_gazebo_spawner:/home/rohithvikram/C++learning/Turtlebot3-control-using-Ros2-and-Fiducial-marker/install/ros2_aruco:/home/rohithvikram/voidwalking/ros2_ws/install/waypoints:/opt/ros/humble /usr/bin/cmake --build /home/rohithvikram/C++learning/Turtlebot3-control-using-Ros2-and-Fiducial-marker/build/bot_controller -- -j20 -l20
[0.523s] Invoking command in '/home/rohithvikram/C++learning/Turtlebot3-control-using-Ros2-and-Fiducial-marker/build/bot_controller': CMAKE_PREFIX_PATH=${CMAKE_PREFIX_PATH}:/home/rohithvikram/C++learning/Turtlebot3-control-using-Ros2-and-Fiducial-marker/install/tb3_gazebo_spawner:/home/rohithvikram/C++learning/Turtlebot3-control-using-Ros2-and-Fiducial-marker/install/ros2_aruco:/home/rohithvikram/voidwalking/ros2_ws/install/waypoints:/opt/ros/humble /usr/bin/cmake --install /home/rohithvikram/C++learning/Turtlebot3-control-using-Ros2-and-Fiducial-marker/build/bot_controller
[0.527s] -- Install configuration: ""
[0.527s] -- Up-to-date: /home/rohithvikram/C++learning/Turtlebot3-control-using-Ros2-and-Fiducial-marker/install/bot_controller/include/bot_controller
[0.527s] -- Up-to-date: /home/rohithvikram/C++learning/Turtlebot3-control-using-Ros2-and-Fiducial-marker/install/bot_controller/include/bot_controller/bot_controller.h
[0.527s] -- Up-to-date: /home/rohithvikram/C++learning/Turtlebot3-control-using-Ros2-and-Fiducial-marker/install/bot_controller/lib/libbot_controller.a
[0.527s] -- Up-to-date: /home/rohithvikram/C++learning/Turtlebot3-control-using-Ros2-and-Fiducial-marker/install/bot_controller/share/bot_controller/environment/library_path.sh
[0.527s] -- Up-to-date: /home/rohithvikram/C++learning/Turtlebot3-control-using-Ros2-and-Fiducial-marker/install/bot_controller/share/bot_controller/environment/library_path.dsv
[0.528s] -- Up-to-date: /home/rohithvikram/C++learning/Turtlebot3-control-using-Ros2-and-Fiducial-marker/install/bot_controller/share/ament_index/resource_index/package_run_dependencies/bot_controller
[0.528s] -- Up-to-date: /home/rohithvikram/C++learning/Turtlebot3-control-using-Ros2-and-Fiducial-marker/install/bot_controller/share/ament_index/resource_index/parent_prefix_path/bot_controller
[0.528s] -- Up-to-date: /home/rohithvikram/C++learning/Turtlebot3-control-using-Ros2-and-Fiducial-marker/install/bot_controller/share/bot_controller/environment/ament_prefix_path.sh
[0.528s] -- Up-to-date: /home/rohithvikram/C++learning/Turtlebot3-control-using-Ros2-and-Fiducial-marker/install/bot_controller/share/bot_controller/environment/ament_prefix_path.dsv
[0.528s] -- Up-to-date: /home/rohithvikram/C++learning/Turtlebot3-control-using-Ros2-and-Fiducial-marker/install/bot_controller/share/bot_controller/environment/path.sh
[0.528s] -- Up-to-date: /home/rohithvikram/C++learning/Turtlebot3-control-using-Ros2-and-Fiducial-marker/install/bot_controller/share/bot_controller/environment/path.dsv
[0.528s] -- Up-to-date: /home/rohithvikram/C++learning/Turtlebot3-control-using-Ros2-and-Fiducial-marker/install/bot_controller/share/bot_controller/local_setup.bash
[0.528s] -- Up-to-date: /home/rohithvikram/C++learning/Turtlebot3-control-using-Ros2-and-Fiducial-marker/install/bot_controller/share/bot_controller/local_setup.sh
[0.528s] -- Up-to-date: /home/rohithvikram/C++learning/Turtlebot3-control-using-Ros2-and-Fiducial-marker/install/bot_controller/share/bot_controller/local_setup.zsh
[0.528s] -- Up-to-date: /home/rohithvikram/C++learning/Turtlebot3-control-using-Ros2-and-Fiducial-marker/install/bot_controller/share/bot_controller/local_setup.dsv
[0.528s] -- Installing: /home/rohithvikram/C++learning/Turtlebot3-control-using-Ros2-and-Fiducial-marker/install/bot_controller/share/bot_controller/package.dsv
[0.528s] -- Up-to-date: /home/rohithvikram/C++learning/Turtlebot3-control-using-Ros2-and-Fiducial-marker/install/bot_controller/share/ament_index/resource_index/packages/bot_controller
[0.528s] -- Up-to-date: /home/rohithvikram/C++learning/Turtlebot3-control-using-Ros2-and-Fiducial-marker/install/bot_controller/share/bot_controller/cmake/export_bot_controllerExport.cmake
[0.528s] -- Up-to-date: /home/rohithvikram/C++learning/Turtlebot3-control-using-Ros2-and-Fiducial-marker/install/bot_controller/share/bot_controller/cmake/export_bot_controllerExport-noconfig.cmake
[0.528s] -- Up-to-date: /home/rohithvikram/C++learning/Turtlebot3-control-using-Ros2-and-Fiducial-marker/install/bot_controller/share/bot_controller/cmake/ament_cmake_export_libraries-extras.cmake
[0.528s] -- Up-to-date: /home/rohithvikram/C++learning/Turtlebot3-control-using-Ros2-and-Fiducial-marker/install/bot_controller/share/bot_controller/cmake/ament_cmake_export_targets-extras.cmake
[0.528s] -- Up-to-date: /home/rohithvikram/C++learning/Turtlebot3-control-using-Ros2-and-Fiducial-marker/install/bot_controller/share/bot_controller/cmake/ament_cmake_export_dependencies-extras.cmake
[0.528s] -- Up-to-date: /home/rohithvikram/C++learning/Turtlebot3-control-using-Ros2-and-Fiducial-marker/install/bot_controller/share/bot_controller/cmake/ament_cmake_export_include_directories-extras.cmake
[0.528s] -- Up-to-date: /home/rohithvikram/C++learning/Turtlebot3-control-using-Ros2-and-Fiducial-marker/install/bot_controller/share/bot_controller/cmake/bot_controllerConfig.cmake
[0.529s] -- Up-to-date: /home/rohithvikram/C++learning/Turtlebot3-control-using-Ros2-and-Fiducial-marker/install/bot_controller/share/bot_controller/cmake/bot_controllerConfig-version.cmake
[0.530s] -- Up-to-date: /home/rohithvikram/C++learning/Turtlebot3-control-using-Ros2-and-Fiducial-marker/install/bot_controller/share/bot_controller/package.xml
[0.551s] Invoked command in '/home/rohithvikram/C++learning/Turtlebot3-control-using-Ros2-and-Fiducial-marker/build/bot_controller' returned '0': CMAKE_PREFIX_PATH=${CMAKE_PREFIX_PATH}:/home/rohithvikram/C++learning/Turtlebot3-control-using-Ros2-and-Fiducial-marker/install/tb3_gazebo_spawner:/home/rohithvikram/C++learning/Turtlebot3-control-using-Ros2-and-Fiducial-marker/install/ros2_aruco:/home/rohithvikram/voidwalking/ros2_ws/install/waypoints:/opt/ros/humble /usr/bin/cmake --install /home/rohithvikram/C++learning/Turtlebot3-control-using-Ros2-and-Fiducial-marker/build/bot_controller
