[0.751s] Invoking command in '/home/rohithvikram/C++learning/Turtlebot3-control-using-Ros2-and-Fiducial-marker/Turtlebot3_control/ros2_aruco/ros2_aruco': PYTHONPATH=/home/rohithvikram/C++learning/Turtlebot3-control-using-Ros2-and-Fiducial-marker/build/ros2_aruco/prefix_override:/usr/lib/python3/dist-packages/colcon_core/task/python/colcon_distutils_commands:/home/rohithvikram/C++learning/Turtlebot3-control-using-Ros2-and-Fiducial-marker/install/ros2_aruco/lib/python3.10/site-packages:${PYTHONPATH} /usr/bin/python3 -W ignore:setup.py install is deprecated -W ignore:easy_install command is deprecated setup.py egg_info --egg-base ../../../build/ros2_aruco build --build-base /home/rohithvikram/C++learning/Turtlebot3-control-using-Ros2-and-Fiducial-marker/build/ros2_aruco/build install --record /home/rohithvikram/C++learning/Turtlebot3-control-using-Ros2-and-Fiducial-marker/build/ros2_aruco/install.log --single-version-externally-managed install_data
[0.907s] running egg_info
[0.907s] creating ../../../build/ros2_aruco/ros2_aruco.egg-info
[0.907s] writing ../../../build/ros2_aruco/ros2_aruco.egg-info/PKG-INFO
[0.907s] writing dependency_links to ../../../build/ros2_aruco/ros2_aruco.egg-info/dependency_links.txt
[0.907s] writing entry points to ../../../build/ros2_aruco/ros2_aruco.egg-info/entry_points.txt
[0.907s] writing requirements to ../../../build/ros2_aruco/ros2_aruco.egg-info/requires.txt
[0.907s] writing top-level names to ../../../build/ros2_aruco/ros2_aruco.egg-info/top_level.txt
[0.908s] writing manifest file '../../../build/ros2_aruco/ros2_aruco.egg-info/SOURCES.txt'
[0.908s] reading manifest file '../../../build/ros2_aruco/ros2_aruco.egg-info/SOURCES.txt'
[0.909s] writing manifest file '../../../build/ros2_aruco/ros2_aruco.egg-info/SOURCES.txt'
[0.909s] running build
[0.909s] running build_py
[0.909s] creating /home/rohithvikram/C++learning/Turtlebot3-control-using-Ros2-and-Fiducial-marker/build/ros2_aruco/build
[0.909s] creating /home/rohithvikram/C++learning/Turtlebot3-control-using-Ros2-and-Fiducial-marker/build/ros2_aruco/build/lib
[0.909s] creating /home/rohithvikram/C++learning/Turtlebot3-control-using-Ros2-and-Fiducial-marker/build/ros2_aruco/build/lib/ros2_aruco
[0.909s] copying ros2_aruco/transformations.py -> /home/rohithvikram/C++learning/Turtlebot3-control-using-Ros2-and-Fiducial-marker/build/ros2_aruco/build/lib/ros2_aruco
[0.910s] copying ros2_aruco/aruco_generate_marker.py -> /home/rohithvikram/C++learning/Turtlebot3-control-using-Ros2-and-Fiducial-marker/build/ros2_aruco/build/lib/ros2_aruco
[0.910s] copying ros2_aruco/aruco_node.py -> /home/rohithvikram/C++learning/Turtlebot3-control-using-Ros2-and-Fiducial-marker/build/ros2_aruco/build/lib/ros2_aruco
[0.910s] copying ros2_aruco/__init__.py -> /home/rohithvikram/C++learning/Turtlebot3-control-using-Ros2-and-Fiducial-marker/build/ros2_aruco/build/lib/ros2_aruco
[0.910s] running install
[0.910s] running install_lib
[0.911s] creating /home/rohithvikram/C++learning/Turtlebot3-control-using-Ros2-and-Fiducial-marker/install/ros2_aruco/lib/python3.10/site-packages/ros2_aruco
[0.911s] copying /home/rohithvikram/C++learning/Turtlebot3-control-using-Ros2-and-Fiducial-marker/build/ros2_aruco/build/lib/ros2_aruco/transformations.py -> /home/rohithvikram/C++learning/Turtlebot3-control-using-Ros2-and-Fiducial-marker/install/ros2_aruco/lib/python3.10/site-packages/ros2_aruco
[0.911s] copying /home/rohithvikram/C++learning/Turtlebot3-control-using-Ros2-and-Fiducial-marker/build/ros2_aruco/build/lib/ros2_aruco/aruco_generate_marker.py -> /home/rohithvikram/C++learning/Turtlebot3-control-using-Ros2-and-Fiducial-marker/install/ros2_aruco/lib/python3.10/site-packages/ros2_aruco
[0.911s] copying /home/rohithvikram/C++learning/Turtlebot3-control-using-Ros2-and-Fiducial-marker/build/ros2_aruco/build/lib/ros2_aruco/aruco_node.py -> /home/rohithvikram/C++learning/Turtlebot3-control-using-Ros2-and-Fiducial-marker/install/ros2_aruco/lib/python3.10/site-packages/ros2_aruco
[0.911s] copying /home/rohithvikram/C++learning/Turtlebot3-control-using-Ros2-and-Fiducial-marker/build/ros2_aruco/build/lib/ros2_aruco/__init__.py -> /home/rohithvikram/C++learning/Turtlebot3-control-using-Ros2-and-Fiducial-marker/install/ros2_aruco/lib/python3.10/site-packages/ros2_aruco
[0.911s] byte-compiling /home/rohithvikram/C++learning/Turtlebot3-control-using-Ros2-and-Fiducial-marker/install/ros2_aruco/lib/python3.10/site-packages/ros2_aruco/transformations.py to transformations.cpython-310.pyc
[0.917s] byte-compiling /home/rohithvikram/C++learning/Turtlebot3-control-using-Ros2-and-Fiducial-marker/install/ros2_aruco/lib/python3.10/site-packages/ros2_aruco/aruco_generate_marker.py to aruco_generate_marker.cpython-310.pyc
[0.917s] byte-compiling /home/rohithvikram/C++learning/Turtlebot3-control-using-Ros2-and-Fiducial-marker/install/ros2_aruco/lib/python3.10/site-packages/ros2_aruco/aruco_node.py to aruco_node.cpython-310.pyc
[0.918s] byte-compiling /home/rohithvikram/C++learning/Turtlebot3-control-using-Ros2-and-Fiducial-marker/install/ros2_aruco/lib/python3.10/site-packages/ros2_aruco/__init__.py to __init__.cpython-310.pyc
[0.918s] running install_data
[0.918s] creating /home/rohithvikram/C++learning/Turtlebot3-control-using-Ros2-and-Fiducial-marker/install/ros2_aruco/share/ament_index
[0.918s] creating /home/rohithvikram/C++learning/Turtlebot3-control-using-Ros2-and-Fiducial-marker/install/ros2_aruco/share/ament_index/resource_index
[0.919s] creating /home/rohithvikram/C++learning/Turtlebot3-control-using-Ros2-and-Fiducial-marker/install/ros2_aruco/share/ament_index/resource_index/packages
[0.919s] copying resource/ros2_aruco -> /home/rohithvikram/C++learning/Turtlebot3-control-using-Ros2-and-Fiducial-marker/install/ros2_aruco/share/ament_index/resource_index/packages
[0.919s] copying package.xml -> /home/rohithvikram/C++learning/Turtlebot3-control-using-Ros2-and-Fiducial-marker/install/ros2_aruco/share/ros2_aruco
[0.919s] running install_egg_info
[0.920s] Copying ../../../build/ros2_aruco/ros2_aruco.egg-info to /home/rohithvikram/C++learning/Turtlebot3-control-using-Ros2-and-Fiducial-marker/install/ros2_aruco/lib/python3.10/site-packages/ros2_aruco-0.1.0-py3.10.egg-info
[0.920s] running install_scripts
[0.933s] Installing aruco_generate_marker script to /home/rohithvikram/C++learning/Turtlebot3-control-using-Ros2-and-Fiducial-marker/install/ros2_aruco/lib/ros2_aruco
[0.933s] Installing aruco_node script to /home/rohithvikram/C++learning/Turtlebot3-control-using-Ros2-and-Fiducial-marker/install/ros2_aruco/lib/ros2_aruco
[0.933s] writing list of installed files to '/home/rohithvikram/C++learning/Turtlebot3-control-using-Ros2-and-Fiducial-marker/build/ros2_aruco/install.log'
[0.951s] Invoked command in '/home/rohithvikram/C++learning/Turtlebot3-control-using-Ros2-and-Fiducial-marker/Turtlebot3_control/ros2_aruco/ros2_aruco' returned '0': PYTHONPATH=/home/rohithvikram/C++learning/Turtlebot3-control-using-Ros2-and-Fiducial-marker/build/ros2_aruco/prefix_override:/usr/lib/python3/dist-packages/colcon_core/task/python/colcon_distutils_commands:/home/rohithvikram/C++learning/Turtlebot3-control-using-Ros2-and-Fiducial-marker/install/ros2_aruco/lib/python3.10/site-packages:${PYTHONPATH} /usr/bin/python3 -W ignore:setup.py install is deprecated -W ignore:easy_install command is deprecated setup.py egg_info --egg-base ../../../build/ros2_aruco build --build-base /home/rohithvikram/C++learning/Turtlebot3-control-using-Ros2-and-Fiducial-marker/build/ros2_aruco/build install --record /home/rohithvikram/C++learning/Turtlebot3-control-using-Ros2-and-Fiducial-marker/build/ros2_aruco/install.log --single-version-externally-managed install_data
