[100%] Built target target_reacher
-- Install configuration: ""
-- Up-to-date: /home/rohithvikram/C++learning/Turtlebot3-control-using-Ros2-and-Fiducial-marker/install/target_reacher/include/target_reacher
-- Up-to-date: /home/rohithvikram/C++learning/Turtlebot3-control-using-Ros2-and-Fiducial-marker/install/target_reacher/include/target_reacher/target_reacher.h
-- Up-to-date: /home/rohithvikram/C++learning/Turtlebot3-control-using-Ros2-and-Fiducial-marker/install/target_reacher/share/target_reacher/params
-- Up-to-date: /home/rohithvikram/C++learning/Turtlebot3-control-using-Ros2-and-Fiducial-marker/install/target_reacher/share/target_reacher/params/final_params.yaml
-- Up-to-date: /home/rohithvikram/C++learning/Turtlebot3-control-using-Ros2-and-Fiducial-marker/install/target_reacher/lib/target_reacher/target_reacher
-- Up-to-date: /home/rohithvikram/C++learning/Turtlebot3-control-using-Ros2-and-Fiducial-marker/install/target_reacher/share/ament_index/resource_index/package_run_dependencies/target_reacher
-- Up-to-date: /home/rohithvikram/C++learning/Turtlebot3-control-using-Ros2-and-Fiducial-marker/install/target_reacher/share/ament_index/resource_index/parent_prefix_path/target_reacher
-- Up-to-date: /home/rohithvikram/C++learning/Turtlebot3-control-using-Ros2-and-Fiducial-marker/install/target_reacher/share/target_reacher/environment/ament_prefix_path.sh
-- Up-to-date: /home/rohithvikram/C++learning/Turtlebot3-control-using-Ros2-and-Fiducial-marker/install/target_reacher/share/target_reacher/environment/ament_prefix_path.dsv
-- Up-to-date: /home/rohithvikram/C++learning/Turtlebot3-control-using-Ros2-and-Fiducial-marker/install/target_reacher/share/target_reacher/environment/path.sh
-- Up-to-date: /home/rohithvikram/C++learning/Turtlebot3-control-using-Ros2-and-Fiducial-marker/install/target_reacher/share/target_reacher/environment/path.dsv
-- Up-to-date: /home/rohithvikram/C++learning/Turtlebot3-control-using-Ros2-and-Fiducial-marker/install/target_reacher/share/target_reacher/local_setup.bash
-- Up-to-date: /home/rohithvikram/C++learning/Turtlebot3-control-using-Ros2-and-Fiducial-marker/install/target_reacher/share/target_reacher/local_setup.sh
-- Up-to-date: /home/rohithvikram/C++learning/Turtlebot3-control-using-Ros2-and-Fiducial-marker/install/target_reacher/share/target_reacher/local_setup.zsh
-- Up-to-date: /home/rohithvikram/C++learning/Turtlebot3-control-using-Ros2-and-Fiducial-marker/install/target_reacher/share/target_reacher/local_setup.dsv
-- Installing: /home/rohithvikram/C++learning/Turtlebot3-control-using-Ros2-and-Fiducial-marker/install/target_reacher/share/target_reacher/package.dsv
-- Up-to-date: /home/rohithvikram/C++learning/Turtlebot3-control-using-Ros2-and-Fiducial-marker/install/target_reacher/share/ament_index/resource_index/packages/target_reacher
-- Up-to-date: /home/rohithvikram/C++learning/Turtlebot3-control-using-Ros2-and-Fiducial-marker/install/target_reacher/share/target_reacher/cmake/target_reacherConfig.cmake
-- Up-to-date: /home/rohithvikram/C++learning/Turtlebot3-control-using-Ros2-and-Fiducial-marker/install/target_reacher/share/target_reacher/cmake/target_reacherConfig-version.cmake
-- Up-to-date: /home/rohithvikram/C++learning/Turtlebot3-control-using-Ros2-and-Fiducial-marker/install/target_reacher/share/target_reacher/package.xml
