[0.036s] Invoking command in '/home/rohithvikram/C++learning/Turtlebot3-control-using-Ros2-and-Fiducial-marker/build/final_plugins': CMAKE_PREFIX_PATH=${CMAKE_PREFIX_PATH}:/home/rohithvikram/voidwalking/ros2_ws/install/waypoints:/opt/ros/humble /usr/bin/cmake /home/rohithvikram/C++learning/Turtlebot3-control-using-Ros2-and-Fiducial-marker/Turtlebot3_control/final_plugins -DCMAKE_INSTALL_PREFIX=/home/rohithvikram/C++learning/Turtlebot3-control-using-Ros2-and-Fiducial-marker/install/final_plugins
[0.517s] -- The C compiler identification is GNU 11.4.0
[0.517s] -- The CXX compiler identification is GNU 11.4.0
[0.517s] -- Detecting C compiler ABI info
[0.517s] -- Detecting C compiler ABI info - done
[0.517s] -- Check for working C compiler: /usr/bin/cc - skipped
[0.518s] -- Detecting C compile features
[0.518s] -- Detecting C compile features - done
[0.518s] -- Detecting CXX compiler ABI info
[0.518s] -- Detecting CXX compiler ABI info - done
[0.518s] -- Check for working CXX compiler: /usr/bin/c++ - skipped
[0.518s] -- Detecting CXX compile features
[0.518s] -- Detecting CXX compile features - done
[0.518s] -- Found ament_cmake: 1.3.11 (/opt/ros/humble/share/ament_cmake/cmake)
[0.518s] -- Found Python3: /usr/bin/python3 (found version "3.10.12") found components: Interpreter 
[0.519s] -- Found gazebo_msgs: 3.7.0 (/opt/ros/humble/share/gazebo_msgs/cmake)
[0.550s] -- Found rosidl_generator_c: 3.1.6 (/opt/ros/humble/share/rosidl_generator_c/cmake)
[0.558s] -- Found rosidl_adapter: 3.1.6 (/opt/ros/humble/share/rosidl_adapter/cmake)
[0.569s] -- Found rosidl_generator_cpp: 3.1.6 (/opt/ros/humble/share/rosidl_generator_cpp/cmake)
[0.584s] -- Using all available rosidl_typesupport_c: rosidl_typesupport_fastrtps_c;rosidl_typesupport_introspection_c
[0.604s] -- Using all available rosidl_typesupport_cpp: rosidl_typesupport_fastrtps_cpp;rosidl_typesupport_introspection_cpp
[0.692s] -- Found gazebo_ros: 3.7.0 (/opt/ros/humble/share/gazebo_ros/cmake)
[0.750s] -- Found rmw_implementation_cmake: 6.1.2 (/opt/ros/humble/share/rmw_implementation_cmake/cmake)
[0.755s] -- Found rmw_fastrtps_cpp: 6.2.7 (/opt/ros/humble/share/rmw_fastrtps_cpp/cmake)
[0.846s] -- Found OpenSSL: /usr/lib/x86_64-linux-gnu/libcrypto.so (found version "3.0.2")  
[0.878s] -- Found FastRTPS: /opt/ros/humble/include  
[0.924s] -- Using RMW implementation 'rmw_fastrtps_cpp' as default
[0.937s] -- Looking for pthread.h
[1.004s] -- Looking for pthread.h - found
[1.004s] -- Performing Test CMAKE_HAVE_LIBC_PTHREAD
[1.069s] -- Performing Test CMAKE_HAVE_LIBC_PTHREAD - Success
[1.070s] -- Found Threads: TRUE  
[1.103s] -- Found PkgConfig: /usr/bin/pkg-config (found version "0.29.2") 
[1.105s] -- Checking for module 'bullet>=2.82'
[1.113s] --   Found bullet, version 3.05
[1.179s] -- Found fcl: /usr/include (found suitable version "0.7.0", minimum required is "0.5.0") 
[1.222s] -- Found assimp: /usr/include (found version "5.2.0") 
[1.249s] -- Found DART: /usr/include (Required is at least version "6.6") found components: dart 
[1.284s] -- Found Boost: /usr/lib/x86_64-linux-gnu/cmake/Boost-1.74.0/BoostConfig.cmake (found suitable version "1.74.0", minimum required is "1.40.0") found components: thread system filesystem program_options regex iostreams date_time 
[1.298s] -- Found Protobuf: /usr/lib/x86_64-linux-gnu/libprotobuf.so (found version "3.12.4") 
[1.305s] -- Looking for ignition-math6 -- found version 6.15.1
[1.312s] -- Searching for dependencies of ignition-math6
[1.313s] -- Looking for OGRE...
[1.314s] -- OGRE_PREFIX_WATCH changed.
[1.318s] -- Checking for module 'OGRE'
[1.330s] --   Found OGRE, version 1.9.0
[1.357s] -- Found Ogre Ghadamon (1.9.0)
[1.365s] -- Found OGRE: optimized;/usr/lib/x86_64-linux-gnu/libOgreMain.so;debug;/usr/lib/x86_64-linux-gnu/libOgreMain.so
[1.374s] -- Looking for OGRE_Paging...
[1.381s] -- Found OGRE_Paging: optimized;/usr/lib/x86_64-linux-gnu/libOgrePaging.so;debug;/usr/lib/x86_64-linux-gnu/libOgrePaging.so
[1.381s] -- Looking for OGRE_Terrain...
[1.387s] -- Found OGRE_Terrain: optimized;/usr/lib/x86_64-linux-gnu/libOgreTerrain.so;debug;/usr/lib/x86_64-linux-gnu/libOgreTerrain.so
[1.387s] -- Looking for OGRE_Property...
[1.393s] -- Found OGRE_Property: optimized;/usr/lib/x86_64-linux-gnu/libOgreProperty.so;debug;/usr/lib/x86_64-linux-gnu/libOgreProperty.so
[1.393s] -- Looking for OGRE_RTShaderSystem...
[1.400s] -- Found OGRE_RTShaderSystem: optimized;/usr/lib/x86_64-linux-gnu/libOgreRTShaderSystem.so;debug;/usr/lib/x86_64-linux-gnu/libOgreRTShaderSystem.so
[1.400s] -- Looking for OGRE_Volume...
[1.406s] -- Found OGRE_Volume: optimized;/usr/lib/x86_64-linux-gnu/libOgreVolume.so;debug;/usr/lib/x86_64-linux-gnu/libOgreVolume.so
[1.406s] -- Looking for OGRE_Overlay...
[1.412s] -- Found OGRE_Overlay: optimized;/usr/lib/x86_64-linux-gnu/libOgreOverlay.so;debug;/usr/lib/x86_64-linux-gnu/libOgreOverlay.so
[1.553s] -- Looking for ignition-math6 -- found version 6.15.1
[1.557s] -- Looking for ignition-transport8 -- found version 8.2.1
[1.558s] -- Searching for dependencies of ignition-transport8
[1.577s] -- Found Protobuf: /usr/lib/x86_64-linux-gnu/libprotobuf.so (found suitable version "3.12.4", minimum required is "3") 
[1.591s] -- Config-file not installed for ZeroMQ -- checking for pkg-config
[1.595s] -- Checking for module 'libzmq >= 4'
[1.606s] --   Found libzmq , version 4.3.4
[1.634s] -- Found ZeroMQ: TRUE (Required is at least version "4") 
[1.639s] -- Checking for module 'uuid'
[1.649s] --   Found uuid, version 2.37.2
[1.675s] -- Found UUID: TRUE  
[1.679s] -- Looking for ignition-msgs5 -- found version 5.8.1
[1.679s] -- Searching for dependencies of ignition-msgs5
[1.700s] -- Looking for ignition-math6 -- found version 6.15.1
[1.705s] -- Checking for module 'tinyxml2'
[1.720s] --   Found tinyxml2, version 9.0.0
[1.752s] -- Looking for ignition-msgs5 -- found version 5.8.1
[1.756s] -- Looking for ignition-common3 -- found version 3.14.0
[1.757s] -- Searching for dependencies of ignition-common3
[1.757s] -- Looking for dlfcn.h - found
[1.758s] -- Looking for libdl - found
[1.760s] -- Found DL: TRUE  
[1.773s] -- Found tinyobjloader: /usr/lib/x86_64-linux-gnu/cmake/tinyobjloader/tinyobjloader-config.cmake (found version "2.0.0") 
[1.774s] -- Searching for <ignition-common3> component [graphics]
[1.778s] -- Looking for ignition-common3-graphics -- found version 3.14.0
[1.778s] -- Searching for dependencies of ignition-common3-graphics
[1.779s] -- Looking for ignition-math6 -- found version 6.15.1
[1.784s] -- Looking for ignition-fuel_tools4 -- found version 4.4.0
[1.784s] -- Searching for dependencies of ignition-fuel_tools4
[1.874s] -- Found CURL: /usr/lib/x86_64-linux-gnu/libcurl.so (found version "7.81.0")  
[1.885s] -- Checking for module 'jsoncpp'
[1.900s] --   Found jsoncpp, version 1.9.5
[1.937s] -- Found JSONCPP: TRUE  
[1.944s] -- Checking for module 'libzip'
[1.959s] --   Found libzip, version 1.7.3
[1.991s] -- Found ZIP: TRUE  
[1.992s] -- Looking for ignition-common3 -- found version 3.14.0
[1.992s] -- Looking for ignition-math6 -- found version 6.15.1
[1.993s] -- Looking for ignition-msgs5 -- found version 5.8.1
[1.999s] -- Gazebo version: 11.10
[1.999s] -- Checking for module 'tbb'
[2.015s] --   Found tbb, version 2021.5.0
[2.145s] -- Configuring done
[2.172s] -- Generating done
[2.178s] -- Build files have been written to: /home/rohithvikram/C++learning/Turtlebot3-control-using-Ros2-and-Fiducial-marker/build/final_plugins
[2.192s] Invoked command in '/home/rohithvikram/C++learning/Turtlebot3-control-using-Ros2-and-Fiducial-marker/build/final_plugins' returned '0': CMAKE_PREFIX_PATH=${CMAKE_PREFIX_PATH}:/home/rohithvikram/voidwalking/ros2_ws/install/waypoints:/opt/ros/humble /usr/bin/cmake /home/rohithvikram/C++learning/Turtlebot3-control-using-Ros2-and-Fiducial-marker/Turtlebot3_control/final_plugins -DCMAKE_INSTALL_PREFIX=/home/rohithvikram/C++learning/Turtlebot3-control-using-Ros2-and-Fiducial-marker/install/final_plugins
[2.194s] Invoking command in '/home/rohithvikram/C++learning/Turtlebot3-control-using-Ros2-and-Fiducial-marker/build/final_plugins': CMAKE_PREFIX_PATH=${CMAKE_PREFIX_PATH}:/home/rohithvikram/voidwalking/ros2_ws/install/waypoints:/opt/ros/humble /usr/bin/cmake --build /home/rohithvikram/C++learning/Turtlebot3-control-using-Ros2-and-Fiducial-marker/build/final_plugins -- -j20 -l20
[2.251s] [ 50%] [32mBuilding CXX object CMakeFiles/disable_shadows_plugin.dir/src/disable_shadows_plugin.cpp.o[0m
[8.431s] [100%] [32m[1mLinking CXX shared library libdisable_shadows_plugin.so[0m
[8.616s] [100%] Built target disable_shadows_plugin
[8.627s] Invoked command in '/home/rohithvikram/C++learning/Turtlebot3-control-using-Ros2-and-Fiducial-marker/build/final_plugins' returned '0': CMAKE_PREFIX_PATH=${CMAKE_PREFIX_PATH}:/home/rohithvikram/voidwalking/ros2_ws/install/waypoints:/opt/ros/humble /usr/bin/cmake --build /home/rohithvikram/C++learning/Turtlebot3-control-using-Ros2-and-Fiducial-marker/build/final_plugins -- -j20 -l20
[8.628s] Invoking command in '/home/rohithvikram/C++learning/Turtlebot3-control-using-Ros2-and-Fiducial-marker/build/final_plugins': CMAKE_PREFIX_PATH=${CMAKE_PREFIX_PATH}:/home/rohithvikram/voidwalking/ros2_ws/install/waypoints:/opt/ros/humble /usr/bin/cmake --install /home/rohithvikram/C++learning/Turtlebot3-control-using-Ros2-and-Fiducial-marker/build/final_plugins
[8.635s] -- Install configuration: ""
[8.635s] -- Installing: /home/rohithvikram/C++learning/Turtlebot3-control-using-Ros2-and-Fiducial-marker/install/final_plugins/share/final_plugins/environment/library_path.sh
[8.635s] -- Installing: /home/rohithvikram/C++learning/Turtlebot3-control-using-Ros2-and-Fiducial-marker/install/final_plugins/share/final_plugins/environment/library_path.dsv
[8.635s] -- Installing: /home/rohithvikram/C++learning/Turtlebot3-control-using-Ros2-and-Fiducial-marker/install/final_plugins/share/ament_index/resource_index/package_run_dependencies/final_plugins
[8.635s] -- Installing: /home/rohithvikram/C++learning/Turtlebot3-control-using-Ros2-and-Fiducial-marker/install/final_plugins/share/ament_index/resource_index/parent_prefix_path/final_plugins
[8.636s] -- Installing: /home/rohithvikram/C++learning/Turtlebot3-control-using-Ros2-and-Fiducial-marker/install/final_plugins/share/final_plugins/environment/ament_prefix_path.sh
[8.636s] -- Installing: /home/rohithvikram/C++learning/Turtlebot3-control-using-Ros2-and-Fiducial-marker/install/final_plugins/share/final_plugins/environment/ament_prefix_path.dsv
[8.636s] -- Installing: /home/rohithvikram/C++learning/Turtlebot3-control-using-Ros2-and-Fiducial-marker/install/final_plugins/share/final_plugins/environment/path.sh
[8.636s] -- Installing: /home/rohithvikram/C++learning/Turtlebot3-control-using-Ros2-and-Fiducial-marker/install/final_plugins/share/final_plugins/environment/path.dsv
[8.636s] -- Installing: /home/rohithvikram/C++learning/Turtlebot3-control-using-Ros2-and-Fiducial-marker/install/final_plugins/share/final_plugins/local_setup.bash
[8.636s] -- Installing: /home/rohithvikram/C++learning/Turtlebot3-control-using-Ros2-and-Fiducial-marker/install/final_plugins/share/final_plugins/local_setup.sh
[8.636s] -- Installing: /home/rohithvikram/C++learning/Turtlebot3-control-using-Ros2-and-Fiducial-marker/install/final_plugins/share/final_plugins/local_setup.zsh
[8.636s] -- Installing: /home/rohithvikram/C++learning/Turtlebot3-control-using-Ros2-and-Fiducial-marker/install/final_plugins/share/final_plugins/local_setup.dsv
[8.636s] -- Installing: /home/rohithvikram/C++learning/Turtlebot3-control-using-Ros2-and-Fiducial-marker/install/final_plugins/share/final_plugins/package.dsv
[8.636s] -- Installing: /home/rohithvikram/C++learning/Turtlebot3-control-using-Ros2-and-Fiducial-marker/install/final_plugins/share/ament_index/resource_index/packages/final_plugins
[8.636s] -- Installing: /home/rohithvikram/C++learning/Turtlebot3-control-using-Ros2-and-Fiducial-marker/install/final_plugins/share/final_plugins/cmake/ament_cmake_export_libraries-extras.cmake
[8.637s] -- Installing: /home/rohithvikram/C++learning/Turtlebot3-control-using-Ros2-and-Fiducial-marker/install/final_plugins/share/final_plugins/cmake/final_pluginsConfig.cmake
[8.637s] -- Installing: /home/rohithvikram/C++learning/Turtlebot3-control-using-Ros2-and-Fiducial-marker/install/final_plugins/share/final_plugins/cmake/final_pluginsConfig-version.cmake
[8.637s] -- Installing: /home/rohithvikram/C++learning/Turtlebot3-control-using-Ros2-and-Fiducial-marker/install/final_plugins/share/final_plugins/package.xml
[8.637s] -- Installing: /home/rohithvikram/C++learning/Turtlebot3-control-using-Ros2-and-Fiducial-marker/install/final_plugins/include
[8.637s] -- Installing: /home/rohithvikram/C++learning/Turtlebot3-control-using-Ros2-and-Fiducial-marker/install/final_plugins/include/disable_shadows_plugin.hpp
[8.637s] -- Installing: /home/rohithvikram/C++learning/Turtlebot3-control-using-Ros2-and-Fiducial-marker/install/final_plugins/lib/libdisable_shadows_plugin.so
[8.639s] -- Set runtime path of "/home/rohithvikram/C++learning/Turtlebot3-control-using-Ros2-and-Fiducial-marker/install/final_plugins/lib/libdisable_shadows_plugin.so" to ""
[8.640s] Invoked command in '/home/rohithvikram/C++learning/Turtlebot3-control-using-Ros2-and-Fiducial-marker/build/final_plugins' returned '0': CMAKE_PREFIX_PATH=${CMAKE_PREFIX_PATH}:/home/rohithvikram/voidwalking/ros2_ws/install/waypoints:/opt/ros/humble /usr/bin/cmake --install /home/rohithvikram/C++learning/Turtlebot3-control-using-Ros2-and-Fiducial-marker/build/final_plugins
