[0.033s] Invoking command in '/home/rohithvikram/C++learning/Turtlebot3-control-using-Ros2-and-Fiducial-marker/build/odom_updater': CMAKE_PREFIX_PATH=${CMAKE_PREFIX_PATH}:/home/rohithvikram/voidwalking/ros2_ws/install/waypoints:/opt/ros/humble /usr/bin/cmake /home/rohithvikram/C++learning/Turtlebot3-control-using-Ros2-and-Fiducial-marker/Turtlebot3_control/odom_updater -DCMAKE_INSTALL_PREFIX=/home/rohithvikram/C++learning/Turtlebot3-control-using-Ros2-and-Fiducial-marker/install/odom_updater
[0.516s] -- The C compiler identification is GNU 11.4.0
[0.516s] -- The CXX compiler identification is GNU 11.4.0
[0.516s] -- Detecting C compiler ABI info
[0.516s] -- Detecting C compiler ABI info - done
[0.516s] -- Check for working C compiler: /usr/bin/cc - skipped
[0.516s] -- Detecting C compile features
[0.517s] -- Detecting C compile features - done
[0.517s] -- Detecting CXX compiler ABI info
[0.517s] -- Detecting CXX compiler ABI info - done
[0.517s] -- Check for working CXX compiler: /usr/bin/c++ - skipped
[0.517s] -- Detecting CXX compile features
[0.517s] -- Detecting CXX compile features - done
[0.517s] -- Found ament_cmake: 1.3.11 (/opt/ros/humble/share/ament_cmake/cmake)
[0.517s] -- Found Python3: /usr/bin/python3 (found version "3.10.12") found components: Interpreter 
[0.517s] -- Found rclcpp: 16.0.11 (/opt/ros/humble/share/rclcpp/cmake)
[0.517s] -- Found rosidl_generator_c: 3.1.6 (/opt/ros/humble/share/rosidl_generator_c/cmake)
[0.519s] -- Found rosidl_adapter: 3.1.6 (/opt/ros/humble/share/rosidl_adapter/cmake)
[0.526s] -- Found rosidl_generator_cpp: 3.1.6 (/opt/ros/humble/share/rosidl_generator_cpp/cmake)
[0.543s] -- Using all available rosidl_typesupport_c: rosidl_typesupport_fastrtps_c;rosidl_typesupport_introspection_c
[0.557s] -- Using all available rosidl_typesupport_cpp: rosidl_typesupport_fastrtps_cpp;rosidl_typesupport_introspection_cpp
[0.590s] -- Found rmw_implementation_cmake: 6.1.2 (/opt/ros/humble/share/rmw_implementation_cmake/cmake)
[0.592s] -- Found rmw_fastrtps_cpp: 6.2.7 (/opt/ros/humble/share/rmw_fastrtps_cpp/cmake)
[0.651s] -- Found OpenSSL: /usr/lib/x86_64-linux-gnu/libcrypto.so (found version "3.0.2")  
[0.672s] -- Found FastRTPS: /opt/ros/humble/include  
[0.701s] -- Using RMW implementation 'rmw_fastrtps_cpp' as default
[0.708s] -- Looking for pthread.h
[0.756s] -- Looking for pthread.h - found
[0.756s] -- Performing Test CMAKE_HAVE_LIBC_PTHREAD
[0.803s] -- Performing Test CMAKE_HAVE_LIBC_PTHREAD - Success
[0.804s] -- Found Threads: TRUE  
[0.857s] -- Found geometry_msgs: 4.2.4 (/opt/ros/humble/share/geometry_msgs/cmake)
[0.866s] -- Found nav_msgs: 4.2.4 (/opt/ros/humble/share/nav_msgs/cmake)
[0.877s] -- Found tf2_ros: 0.25.9 (/opt/ros/humble/share/tf2_ros/cmake)
[1.012s] -- Configuring done
[1.018s] -- Generating done
[1.021s] -- Build files have been written to: /home/rohithvikram/C++learning/Turtlebot3-control-using-Ros2-and-Fiducial-marker/build/odom_updater
[1.028s] Invoked command in '/home/rohithvikram/C++learning/Turtlebot3-control-using-Ros2-and-Fiducial-marker/build/odom_updater' returned '0': CMAKE_PREFIX_PATH=${CMAKE_PREFIX_PATH}:/home/rohithvikram/voidwalking/ros2_ws/install/waypoints:/opt/ros/humble /usr/bin/cmake /home/rohithvikram/C++learning/Turtlebot3-control-using-Ros2-and-Fiducial-marker/Turtlebot3_control/odom_updater -DCMAKE_INSTALL_PREFIX=/home/rohithvikram/C++learning/Turtlebot3-control-using-Ros2-and-Fiducial-marker/install/odom_updater
[1.030s] Invoking command in '/home/rohithvikram/C++learning/Turtlebot3-control-using-Ros2-and-Fiducial-marker/build/odom_updater': CMAKE_PREFIX_PATH=${CMAKE_PREFIX_PATH}:/home/rohithvikram/voidwalking/ros2_ws/install/waypoints:/opt/ros/humble /usr/bin/cmake --build /home/rohithvikram/C++learning/Turtlebot3-control-using-Ros2-and-Fiducial-marker/build/odom_updater -- -j20 -l20
[1.059s] [ 66%] [32mBuilding CXX object CMakeFiles/odom_updater.dir/src/odom_updater.cpp.o[0m
[1.059s] [ 66%] [32mBuilding CXX object CMakeFiles/odom_updater.dir/src/main.cpp.o[0m
[6.352s] [100%] [32m[1mLinking CXX executable odom_updater[0m
[6.634s] [100%] Built target odom_updater
[6.644s] Invoked command in '/home/rohithvikram/C++learning/Turtlebot3-control-using-Ros2-and-Fiducial-marker/build/odom_updater' returned '0': CMAKE_PREFIX_PATH=${CMAKE_PREFIX_PATH}:/home/rohithvikram/voidwalking/ros2_ws/install/waypoints:/opt/ros/humble /usr/bin/cmake --build /home/rohithvikram/C++learning/Turtlebot3-control-using-Ros2-and-Fiducial-marker/build/odom_updater -- -j20 -l20
[6.645s] Invoking command in '/home/rohithvikram/C++learning/Turtlebot3-control-using-Ros2-and-Fiducial-marker/build/odom_updater': CMAKE_PREFIX_PATH=${CMAKE_PREFIX_PATH}:/home/rohithvikram/voidwalking/ros2_ws/install/waypoints:/opt/ros/humble /usr/bin/cmake --install /home/rohithvikram/C++learning/Turtlebot3-control-using-Ros2-and-Fiducial-marker/build/odom_updater
[6.651s] -- Install configuration: ""
[6.651s] -- Installing: /home/rohithvikram/C++learning/Turtlebot3-control-using-Ros2-and-Fiducial-marker/install/odom_updater/lib/odom_updater/odom_updater
[6.654s] -- Set runtime path of "/home/rohithvikram/C++learning/Turtlebot3-control-using-Ros2-and-Fiducial-marker/install/odom_updater/lib/odom_updater/odom_updater" to ""
[6.654s] -- Installing: /home/rohithvikram/C++learning/Turtlebot3-control-using-Ros2-and-Fiducial-marker/install/odom_updater/share/ament_index/resource_index/package_run_dependencies/odom_updater
[6.654s] -- Installing: /home/rohithvikram/C++learning/Turtlebot3-control-using-Ros2-and-Fiducial-marker/install/odom_updater/share/ament_index/resource_index/parent_prefix_path/odom_updater
[6.655s] -- Installing: /home/rohithvikram/C++learning/Turtlebot3-control-using-Ros2-and-Fiducial-marker/install/odom_updater/share/odom_updater/environment/ament_prefix_path.sh
[6.655s] -- Installing: /home/rohithvikram/C++learning/Turtlebot3-control-using-Ros2-and-Fiducial-marker/install/odom_updater/share/odom_updater/environment/ament_prefix_path.dsv
[6.655s] -- Installing: /home/rohithvikram/C++learning/Turtlebot3-control-using-Ros2-and-Fiducial-marker/install/odom_updater/share/odom_updater/environment/path.sh
[6.655s] -- Installing: /home/rohithvikram/C++learning/Turtlebot3-control-using-Ros2-and-Fiducial-marker/install/odom_updater/share/odom_updater/environment/path.dsv
[6.655s] -- Installing: /home/rohithvikram/C++learning/Turtlebot3-control-using-Ros2-and-Fiducial-marker/install/odom_updater/share/odom_updater/local_setup.bash
[6.655s] -- Installing: /home/rohithvikram/C++learning/Turtlebot3-control-using-Ros2-and-Fiducial-marker/install/odom_updater/share/odom_updater/local_setup.sh
[6.655s] -- Installing: /home/rohithvikram/C++learning/Turtlebot3-control-using-Ros2-and-Fiducial-marker/install/odom_updater/share/odom_updater/local_setup.zsh
[6.655s] -- Installing: /home/rohithvikram/C++learning/Turtlebot3-control-using-Ros2-and-Fiducial-marker/install/odom_updater/share/odom_updater/local_setup.dsv
[6.656s] -- Installing: /home/rohithvikram/C++learning/Turtlebot3-control-using-Ros2-and-Fiducial-marker/install/odom_updater/share/odom_updater/package.dsv
[6.656s] -- Installing: /home/rohithvikram/C++learning/Turtlebot3-control-using-Ros2-and-Fiducial-marker/install/odom_updater/share/ament_index/resource_index/packages/odom_updater
[6.656s] -- Installing: /home/rohithvikram/C++learning/Turtlebot3-control-using-Ros2-and-Fiducial-marker/install/odom_updater/share/odom_updater/cmake/odom_updaterConfig.cmake
[6.656s] -- Installing: /home/rohithvikram/C++learning/Turtlebot3-control-using-Ros2-and-Fiducial-marker/install/odom_updater/share/odom_updater/cmake/odom_updaterConfig-version.cmake
[6.656s] -- Installing: /home/rohithvikram/C++learning/Turtlebot3-control-using-Ros2-and-Fiducial-marker/install/odom_updater/share/odom_updater/package.xml
[6.658s] Invoked command in '/home/rohithvikram/C++learning/Turtlebot3-control-using-Ros2-and-Fiducial-marker/build/odom_updater' returned '0': CMAKE_PREFIX_PATH=${CMAKE_PREFIX_PATH}:/home/rohithvikram/voidwalking/ros2_ws/install/waypoints:/opt/ros/humble /usr/bin/cmake --install /home/rohithvikram/C++learning/Turtlebot3-control-using-Ros2-and-Fiducial-marker/build/odom_updater
