running egg_info
creating ../../../build/tb3_gazebo_spawner/tb3_gazebo_spawner.egg-info
writing ../../../build/tb3_gazebo_spawner/tb3_gazebo_spawner.egg-info/PKG-INFO
writing dependency_links to ../../../build/tb3_gazebo_spawner/tb3_gazebo_spawner.egg-info/dependency_links.txt
writing entry points to ../../../build/tb3_gazebo_spawner/tb3_gazebo_spawner.egg-info/entry_points.txt
writing requirements to ../../../build/tb3_gazebo_spawner/tb3_gazebo_spawner.egg-info/requires.txt
writing top-level names to ../../../build/tb3_gazebo_spawner/tb3_gazebo_spawner.egg-info/top_level.txt
writing manifest file '../../../build/tb3_gazebo_spawner/tb3_gazebo_spawner.egg-info/SOURCES.txt'
reading manifest file '../../../build/tb3_gazebo_spawner/tb3_gazebo_spawner.egg-info/SOURCES.txt'
writing manifest file '../../../build/tb3_gazebo_spawner/tb3_gazebo_spawner.egg-info/SOURCES.txt'
running build
running build_py
creating /home/rohithvikram/C++learning/Turtlebot3-control-using-Ros2-and-Fiducial-marker/build/tb3_gazebo_spawner/build
creating /home/rohithvikram/C++learning/Turtlebot3-control-using-Ros2-and-Fiducial-marker/build/tb3_gazebo_spawner/build/lib
creating /home/rohithvikram/C++learning/Turtlebot3-control-using-Ros2-and-Fiducial-marker/build/tb3_gazebo_spawner/build/lib/tb3_gazebo_spawner
copying tb3_gazebo_spawner/tb3_gazebo_spawner.py -> /home/rohithvikram/C++learning/Turtlebot3-control-using-Ros2-and-Fiducial-marker/build/tb3_gazebo_spawner/build/lib/tb3_gazebo_spawner
copying tb3_gazebo_spawner/__init__.py -> /home/rohithvikram/C++learning/Turtlebot3-control-using-Ros2-and-Fiducial-marker/build/tb3_gazebo_spawner/build/lib/tb3_gazebo_spawner
running install
running install_lib
creating /home/rohithvikram/C++learning/Turtlebot3-control-using-Ros2-and-Fiducial-marker/install/tb3_gazebo_spawner/lib/python3.10/site-packages/tb3_gazebo_spawner
copying /home/rohithvikram/C++learning/Turtlebot3-control-using-Ros2-and-Fiducial-marker/build/tb3_gazebo_spawner/build/lib/tb3_gazebo_spawner/tb3_gazebo_spawner.py -> /home/rohithvikram/C++learning/Turtlebot3-control-using-Ros2-and-Fiducial-marker/install/tb3_gazebo_spawner/lib/python3.10/site-packages/tb3_gazebo_spawner
copying /home/rohithvikram/C++learning/Turtlebot3-control-using-Ros2-and-Fiducial-marker/build/tb3_gazebo_spawner/build/lib/tb3_gazebo_spawner/__init__.py -> /home/rohithvikram/C++learning/Turtlebot3-control-using-Ros2-and-Fiducial-marker/install/tb3_gazebo_spawner/lib/python3.10/site-packages/tb3_gazebo_spawner
byte-compiling /home/rohithvikram/C++learning/Turtlebot3-control-using-Ros2-and-Fiducial-marker/install/tb3_gazebo_spawner/lib/python3.10/site-packages/tb3_gazebo_spawner/tb3_gazebo_spawner.py to tb3_gazebo_spawner.cpython-310.pyc
byte-compiling /home/rohithvikram/C++learning/Turtlebot3-control-using-Ros2-and-Fiducial-marker/install/tb3_gazebo_spawner/lib/python3.10/site-packages/tb3_gazebo_spawner/__init__.py to __init__.cpython-310.pyc
running install_data
creating /home/rohithvikram/C++learning/Turtlebot3-control-using-Ros2-and-Fiducial-marker/install/tb3_gazebo_spawner/share/ament_index
creating /home/rohithvikram/C++learning/Turtlebot3-control-using-Ros2-and-Fiducial-marker/install/tb3_gazebo_spawner/share/ament_index/resource_index
creating /home/rohithvikram/C++learning/Turtlebot3-control-using-Ros2-and-Fiducial-marker/install/tb3_gazebo_spawner/share/ament_index/resource_index/packages
copying resource/tb3_gazebo_spawner -> /home/rohithvikram/C++learning/Turtlebot3-control-using-Ros2-and-Fiducial-marker/install/tb3_gazebo_spawner/share/ament_index/resource_index/packages
copying package.xml -> /home/rohithvikram/C++learning/Turtlebot3-control-using-Ros2-and-Fiducial-marker/install/tb3_gazebo_spawner/share/tb3_gazebo_spawner
running install_egg_info
Copying ../../../build/tb3_gazebo_spawner/tb3_gazebo_spawner.egg-info to /home/rohithvikram/C++learning/Turtlebot3-control-using-Ros2-and-Fiducial-marker/install/tb3_gazebo_spawner/lib/python3.10/site-packages/tb3_gazebo_spawner-0.3.0-py3.10.egg-info
running install_scripts
Installing tb3_gazebo_spawner script to /home/rohithvikram/C++learning/Turtlebot3-control-using-Ros2-and-Fiducial-marker/install/tb3_gazebo_spawner/lib/tb3_gazebo_spawner
writing list of installed files to '/home/rohithvikram/C++learning/Turtlebot3-control-using-Ros2-and-Fiducial-marker/build/tb3_gazebo_spawner/install.log'
