[0.749s] Invoking command in '/home/rohithvikram/C++learning/Turtlebot3-control-using-Ros2-and-Fiducial-marker/Turtlebot3_control/tb3_bringup/tb3_gazebo_spawner': PYTHONPATH=/home/rohithvikram/C++learning/Turtlebot3-control-using-Ros2-and-Fiducial-marker/build/tb3_gazebo_spawner/prefix_override:/usr/lib/python3/dist-packages/colcon_core/task/python/colcon_distutils_commands:/home/rohithvikram/C++learning/Turtlebot3-control-using-Ros2-and-Fiducial-marker/install/tb3_gazebo_spawner/lib/python3.10/site-packages:${PYTHONPATH} /usr/bin/python3 -W ignore:setup.py install is deprecated -W ignore:easy_install command is deprecated setup.py egg_info --egg-base ../../../build/tb3_gazebo_spawner build --build-base /home/rohithvikram/C++learning/Turtlebot3-control-using-Ros2-and-Fiducial-marker/build/tb3_gazebo_spawner/build install --record /home/rohithvikram/C++learning/Turtlebot3-control-using-Ros2-and-Fiducial-marker/build/tb3_gazebo_spawner/install.log --install-scripts $base/lib/tb3_gazebo_spawner --single-version-externally-managed install_data
[0.916s] /home/rohithvikram/.local/lib/python3.10/site-packages/setuptools/dist.py:717: UserWarning: Usage of dash-separated 'script-dir' will not be supported in future versions. Please use the underscore name 'script_dir' instead
[0.916s]   warnings.warn(
[0.934s] running egg_info
[0.934s] creating ../../../build/tb3_gazebo_spawner/tb3_gazebo_spawner.egg-info
[0.934s] writing ../../../build/tb3_gazebo_spawner/tb3_gazebo_spawner.egg-info/PKG-INFO
[0.934s] writing dependency_links to ../../../build/tb3_gazebo_spawner/tb3_gazebo_spawner.egg-info/dependency_links.txt
[0.934s] writing entry points to ../../../build/tb3_gazebo_spawner/tb3_gazebo_spawner.egg-info/entry_points.txt
[0.934s] writing requirements to ../../../build/tb3_gazebo_spawner/tb3_gazebo_spawner.egg-info/requires.txt
[0.935s] writing top-level names to ../../../build/tb3_gazebo_spawner/tb3_gazebo_spawner.egg-info/top_level.txt
[0.935s] writing manifest file '../../../build/tb3_gazebo_spawner/tb3_gazebo_spawner.egg-info/SOURCES.txt'
[0.936s] reading manifest file '../../../build/tb3_gazebo_spawner/tb3_gazebo_spawner.egg-info/SOURCES.txt'
[0.936s] writing manifest file '../../../build/tb3_gazebo_spawner/tb3_gazebo_spawner.egg-info/SOURCES.txt'
[0.936s] running build
[0.936s] running build_py
[0.936s] creating /home/rohithvikram/C++learning/Turtlebot3-control-using-Ros2-and-Fiducial-marker/build/tb3_gazebo_spawner/build
[0.936s] creating /home/rohithvikram/C++learning/Turtlebot3-control-using-Ros2-and-Fiducial-marker/build/tb3_gazebo_spawner/build/lib
[0.937s] creating /home/rohithvikram/C++learning/Turtlebot3-control-using-Ros2-and-Fiducial-marker/build/tb3_gazebo_spawner/build/lib/tb3_gazebo_spawner
[0.937s] copying tb3_gazebo_spawner/tb3_gazebo_spawner.py -> /home/rohithvikram/C++learning/Turtlebot3-control-using-Ros2-and-Fiducial-marker/build/tb3_gazebo_spawner/build/lib/tb3_gazebo_spawner
[0.937s] copying tb3_gazebo_spawner/__init__.py -> /home/rohithvikram/C++learning/Turtlebot3-control-using-Ros2-and-Fiducial-marker/build/tb3_gazebo_spawner/build/lib/tb3_gazebo_spawner
[0.937s] running install
[0.937s] running install_lib
[0.937s] creating /home/rohithvikram/C++learning/Turtlebot3-control-using-Ros2-and-Fiducial-marker/install/tb3_gazebo_spawner/lib/python3.10/site-packages/tb3_gazebo_spawner
[0.937s] copying /home/rohithvikram/C++learning/Turtlebot3-control-using-Ros2-and-Fiducial-marker/build/tb3_gazebo_spawner/build/lib/tb3_gazebo_spawner/tb3_gazebo_spawner.py -> /home/rohithvikram/C++learning/Turtlebot3-control-using-Ros2-and-Fiducial-marker/install/tb3_gazebo_spawner/lib/python3.10/site-packages/tb3_gazebo_spawner
[0.937s] copying /home/rohithvikram/C++learning/Turtlebot3-control-using-Ros2-and-Fiducial-marker/build/tb3_gazebo_spawner/build/lib/tb3_gazebo_spawner/__init__.py -> /home/rohithvikram/C++learning/Turtlebot3-control-using-Ros2-and-Fiducial-marker/install/tb3_gazebo_spawner/lib/python3.10/site-packages/tb3_gazebo_spawner
[0.938s] byte-compiling /home/rohithvikram/C++learning/Turtlebot3-control-using-Ros2-and-Fiducial-marker/install/tb3_gazebo_spawner/lib/python3.10/site-packages/tb3_gazebo_spawner/tb3_gazebo_spawner.py to tb3_gazebo_spawner.cpython-310.pyc
[0.938s] byte-compiling /home/rohithvikram/C++learning/Turtlebot3-control-using-Ros2-and-Fiducial-marker/install/tb3_gazebo_spawner/lib/python3.10/site-packages/tb3_gazebo_spawner/__init__.py to __init__.cpython-310.pyc
[0.938s] running install_data
[0.939s] creating /home/rohithvikram/C++learning/Turtlebot3-control-using-Ros2-and-Fiducial-marker/install/tb3_gazebo_spawner/share/ament_index
[0.939s] creating /home/rohithvikram/C++learning/Turtlebot3-control-using-Ros2-and-Fiducial-marker/install/tb3_gazebo_spawner/share/ament_index/resource_index
[0.939s] creating /home/rohithvikram/C++learning/Turtlebot3-control-using-Ros2-and-Fiducial-marker/install/tb3_gazebo_spawner/share/ament_index/resource_index/packages
[0.939s] copying resource/tb3_gazebo_spawner -> /home/rohithvikram/C++learning/Turtlebot3-control-using-Ros2-and-Fiducial-marker/install/tb3_gazebo_spawner/share/ament_index/resource_index/packages
[0.939s] copying package.xml -> /home/rohithvikram/C++learning/Turtlebot3-control-using-Ros2-and-Fiducial-marker/install/tb3_gazebo_spawner/share/tb3_gazebo_spawner
[0.939s] running install_egg_info
[0.940s] Copying ../../../build/tb3_gazebo_spawner/tb3_gazebo_spawner.egg-info to /home/rohithvikram/C++learning/Turtlebot3-control-using-Ros2-and-Fiducial-marker/install/tb3_gazebo_spawner/lib/python3.10/site-packages/tb3_gazebo_spawner-0.3.0-py3.10.egg-info
[0.940s] running install_scripts
[0.954s] Installing tb3_gazebo_spawner script to /home/rohithvikram/C++learning/Turtlebot3-control-using-Ros2-and-Fiducial-marker/install/tb3_gazebo_spawner/lib/tb3_gazebo_spawner
[0.954s] writing list of installed files to '/home/rohithvikram/C++learning/Turtlebot3-control-using-Ros2-and-Fiducial-marker/build/tb3_gazebo_spawner/install.log'
[0.971s] Invoked command in '/home/rohithvikram/C++learning/Turtlebot3-control-using-Ros2-and-Fiducial-marker/Turtlebot3_control/tb3_bringup/tb3_gazebo_spawner' returned '0': PYTHONPATH=/home/rohithvikram/C++learning/Turtlebot3-control-using-Ros2-and-Fiducial-marker/build/tb3_gazebo_spawner/prefix_override:/usr/lib/python3/dist-packages/colcon_core/task/python/colcon_distutils_commands:/home/rohithvikram/C++learning/Turtlebot3-control-using-Ros2-and-Fiducial-marker/install/tb3_gazebo_spawner/lib/python3.10/site-packages:${PYTHONPATH} /usr/bin/python3 -W ignore:setup.py install is deprecated -W ignore:easy_install command is deprecated setup.py egg_info --egg-base ../../../build/tb3_gazebo_spawner build --build-base /home/rohithvikram/C++learning/Turtlebot3-control-using-Ros2-and-Fiducial-marker/build/tb3_gazebo_spawner/build install --record /home/rohithvikram/C++learning/Turtlebot3-control-using-Ros2-and-Fiducial-marker/build/tb3_gazebo_spawner/install.log --install-scripts $base/lib/tb3_gazebo_spawner --single-version-externally-managed install_data
