[0.006s] Invoking command in '/home/rohithvikram/C++learning/Turtlebot3-control-using-Ros2-and-Fiducial-marker/build/tb3_bringup': AMENT_PREFIX_PATH=/home/rohithvikram/C++learning/Turtlebot3-control-using-Ros2-and-Fiducial-marker/install/tb3_gazebo:${AMENT_PREFIX_PATH} CMAKE_PREFIX_PATH=/home/rohithvikram/C++learning/Turtlebot3-control-using-Ros2-and-Fiducial-marker/install/tb3_gazebo:/home/rohithvikram/voidwalking/ros2_ws/install/turtlebot3_tests:/home/rohithvikram/voidwalking/ros2_ws/install/tracking:/home/rohithvikram/voidwalking/ros2_ws/install/tf2_plugins:/home/rohithvikram/voidwalking/ros2_ws/install/spatio_temporal_voxel_layer:/home/rohithvikram/voidwalking/ros2_ws/install/main:/home/rohithvikram/voidwalking/ros2_ws/install/simulation:/home/rohithvikram/voidwalking/ros2_ws/install/rviz_satellite:/home/rohithvikram/voidwalking/ros2_ws/install/obstacle_avoidance:/home/rohithvikram/voidwalking/ros2_ws/install/nav2_turtlebot3:/home/rohithvikram/voidwalking/ros2_ws/install/custom_rover_tests:/home/rohithvikram/voidwalking/ros2_ws/install/mapping:/home/microros_ws/install/micro_ros_setup:/home/microros_ws/install/micro_ros_agent:/home/microros_ws/install/micro_ros_msgs:/home/rohithvikram/voidwalking/ros2_ws/install/waypoints:/opt/ros/humble /usr/bin/cmake /home/rohithvikram/C++learning/Turtlebot3-control-using-Ros2-and-Fiducial-marker/Turtlebot3_control/tb3_bringup/bringup -DCMAKE_INSTALL_PREFIX=/home/rohithvikram/C++learning/Turtlebot3-control-using-Ros2-and-Fiducial-marker/install/tb3_bringup
[0.052s] -- The C compiler identification is GNU 11.4.0
[0.099s] -- The CXX compiler identification is GNU 11.4.0
[0.105s] -- Detecting C compiler ABI info
[0.163s] -- Detecting C compiler ABI info - done
[0.170s] -- Check for working C compiler: /usr/bin/cc - skipped
[0.170s] -- Detecting C compile features
[0.170s] -- Detecting C compile features - done
[0.173s] -- Detecting CXX compiler ABI info
[0.238s] -- Detecting CXX compiler ABI info - done
[0.245s] -- Check for working CXX compiler: /usr/bin/c++ - skipped
[0.245s] -- Detecting CXX compile features
[0.246s] -- Detecting CXX compile features - done
[0.249s] -- Found ament_cmake: 1.3.11 (/opt/ros/humble/share/ament_cmake/cmake)
[0.390s] -- Found Python3: /usr/bin/python3 (found version "3.10.12") found components: Interpreter 
[0.486s] -- Found nav2_common: 1.1.17 (/opt/ros/humble/share/nav2_common/cmake)
[0.489s] -- Found navigation2: 1.1.17 (/opt/ros/humble/share/navigation2/cmake)
[0.489s] -- Setting build type to Release as none was specified.
[0.492s] -- Found ament_lint_auto: 0.12.11 (/opt/ros/humble/share/ament_lint_auto/cmake)
[0.602s] -- Added test 'copyright' to check source files copyright and LICENSE
[0.604s] -- Added test 'flake8' to check Python code syntax and style conventions
[0.605s] -- Added test 'lint_cmake' to check CMake code style
[0.606s] -- Added test 'pep257' to check Python code against some of the docstring style conventions in PEP 257
[0.608s] -- Added test 'xmllint' to check XML markup files
[0.609s] -- Configuring done
[0.611s] -- Generating done
[0.613s] -- Build files have been written to: /home/rohithvikram/C++learning/Turtlebot3-control-using-Ros2-and-Fiducial-marker/build/tb3_bringup
[0.617s] Invoked command in '/home/rohithvikram/C++learning/Turtlebot3-control-using-Ros2-and-Fiducial-marker/build/tb3_bringup' returned '0': AMENT_PREFIX_PATH=/home/rohithvikram/C++learning/Turtlebot3-control-using-Ros2-and-Fiducial-marker/install/tb3_gazebo:${AMENT_PREFIX_PATH} CMAKE_PREFIX_PATH=/home/rohithvikram/C++learning/Turtlebot3-control-using-Ros2-and-Fiducial-marker/install/tb3_gazebo:/home/rohithvikram/voidwalking/ros2_ws/install/turtlebot3_tests:/home/rohithvikram/voidwalking/ros2_ws/install/tracking:/home/rohithvikram/voidwalking/ros2_ws/install/tf2_plugins:/home/rohithvikram/voidwalking/ros2_ws/install/spatio_temporal_voxel_layer:/home/rohithvikram/voidwalking/ros2_ws/install/main:/home/rohithvikram/voidwalking/ros2_ws/install/simulation:/home/rohithvikram/voidwalking/ros2_ws/install/rviz_satellite:/home/rohithvikram/voidwalking/ros2_ws/install/obstacle_avoidance:/home/rohithvikram/voidwalking/ros2_ws/install/nav2_turtlebot3:/home/rohithvikram/voidwalking/ros2_ws/install/custom_rover_tests:/home/rohithvikram/voidwalking/ros2_ws/install/mapping:/home/microros_ws/install/micro_ros_setup:/home/microros_ws/install/micro_ros_agent:/home/microros_ws/install/micro_ros_msgs:/home/rohithvikram/voidwalking/ros2_ws/install/waypoints:/opt/ros/humble /usr/bin/cmake /home/rohithvikram/C++learning/Turtlebot3-control-using-Ros2-and-Fiducial-marker/Turtlebot3_control/tb3_bringup/bringup -DCMAKE_INSTALL_PREFIX=/home/rohithvikram/C++learning/Turtlebot3-control-using-Ros2-and-Fiducial-marker/install/tb3_bringup
[0.617s] Invoking command in '/home/rohithvikram/C++learning/Turtlebot3-control-using-Ros2-and-Fiducial-marker/build/tb3_bringup': AMENT_PREFIX_PATH=/home/rohithvikram/C++learning/Turtlebot3-control-using-Ros2-and-Fiducial-marker/install/tb3_gazebo:${AMENT_PREFIX_PATH} CMAKE_PREFIX_PATH=/home/rohithvikram/C++learning/Turtlebot3-control-using-Ros2-and-Fiducial-marker/install/tb3_gazebo:/home/rohithvikram/voidwalking/ros2_ws/install/turtlebot3_tests:/home/rohithvikram/voidwalking/ros2_ws/install/tracking:/home/rohithvikram/voidwalking/ros2_ws/install/tf2_plugins:/home/rohithvikram/voidwalking/ros2_ws/install/spatio_temporal_voxel_layer:/home/rohithvikram/voidwalking/ros2_ws/install/main:/home/rohithvikram/voidwalking/ros2_ws/install/simulation:/home/rohithvikram/voidwalking/ros2_ws/install/rviz_satellite:/home/rohithvikram/voidwalking/ros2_ws/install/obstacle_avoidance:/home/rohithvikram/voidwalking/ros2_ws/install/nav2_turtlebot3:/home/rohithvikram/voidwalking/ros2_ws/install/custom_rover_tests:/home/rohithvikram/voidwalking/ros2_ws/install/mapping:/home/microros_ws/install/micro_ros_setup:/home/microros_ws/install/micro_ros_agent:/home/microros_ws/install/micro_ros_msgs:/home/rohithvikram/voidwalking/ros2_ws/install/waypoints:/opt/ros/humble /usr/bin/cmake --build /home/rohithvikram/C++learning/Turtlebot3-control-using-Ros2-and-Fiducial-marker/build/tb3_bringup -- -j20 -l20
[0.647s] Invoked command in '/home/rohithvikram/C++learning/Turtlebot3-control-using-Ros2-and-Fiducial-marker/build/tb3_bringup' returned '0': AMENT_PREFIX_PATH=/home/rohithvikram/C++learning/Turtlebot3-control-using-Ros2-and-Fiducial-marker/install/tb3_gazebo:${AMENT_PREFIX_PATH} CMAKE_PREFIX_PATH=/home/rohithvikram/C++learning/Turtlebot3-control-using-Ros2-and-Fiducial-marker/install/tb3_gazebo:/home/rohithvikram/voidwalking/ros2_ws/install/turtlebot3_tests:/home/rohithvikram/voidwalking/ros2_ws/install/tracking:/home/rohithvikram/voidwalking/ros2_ws/install/tf2_plugins:/home/rohithvikram/voidwalking/ros2_ws/install/spatio_temporal_voxel_layer:/home/rohithvikram/voidwalking/ros2_ws/install/main:/home/rohithvikram/voidwalking/ros2_ws/install/simulation:/home/rohithvikram/voidwalking/ros2_ws/install/rviz_satellite:/home/rohithvikram/voidwalking/ros2_ws/install/obstacle_avoidance:/home/rohithvikram/voidwalking/ros2_ws/install/nav2_turtlebot3:/home/rohithvikram/voidwalking/ros2_ws/install/custom_rover_tests:/home/rohithvikram/voidwalking/ros2_ws/install/mapping:/home/microros_ws/install/micro_ros_setup:/home/microros_ws/install/micro_ros_agent:/home/microros_ws/install/micro_ros_msgs:/home/rohithvikram/voidwalking/ros2_ws/install/waypoints:/opt/ros/humble /usr/bin/cmake --build /home/rohithvikram/C++learning/Turtlebot3-control-using-Ros2-and-Fiducial-marker/build/tb3_bringup -- -j20 -l20
[0.647s] Invoking command in '/home/rohithvikram/C++learning/Turtlebot3-control-using-Ros2-and-Fiducial-marker/build/tb3_bringup': AMENT_PREFIX_PATH=/home/rohithvikram/C++learning/Turtlebot3-control-using-Ros2-and-Fiducial-marker/install/tb3_gazebo:${AMENT_PREFIX_PATH} CMAKE_PREFIX_PATH=/home/rohithvikram/C++learning/Turtlebot3-control-using-Ros2-and-Fiducial-marker/install/tb3_gazebo:/home/rohithvikram/voidwalking/ros2_ws/install/turtlebot3_tests:/home/rohithvikram/voidwalking/ros2_ws/install/tracking:/home/rohithvikram/voidwalking/ros2_ws/install/tf2_plugins:/home/rohithvikram/voidwalking/ros2_ws/install/spatio_temporal_voxel_layer:/home/rohithvikram/voidwalking/ros2_ws/install/main:/home/rohithvikram/voidwalking/ros2_ws/install/simulation:/home/rohithvikram/voidwalking/ros2_ws/install/rviz_satellite:/home/rohithvikram/voidwalking/ros2_ws/install/obstacle_avoidance:/home/rohithvikram/voidwalking/ros2_ws/install/nav2_turtlebot3:/home/rohithvikram/voidwalking/ros2_ws/install/custom_rover_tests:/home/rohithvikram/voidwalking/ros2_ws/install/mapping:/home/microros_ws/install/micro_ros_setup:/home/microros_ws/install/micro_ros_agent:/home/microros_ws/install/micro_ros_msgs:/home/rohithvikram/voidwalking/ros2_ws/install/waypoints:/opt/ros/humble /usr/bin/cmake --install /home/rohithvikram/C++learning/Turtlebot3-control-using-Ros2-and-Fiducial-marker/build/tb3_bringup
[0.654s] -- Install configuration: "Release"
[0.654s] -- Installing: /home/rohithvikram/C++learning/Turtlebot3-control-using-Ros2-and-Fiducial-marker/install/tb3_bringup/share/tb3_bringup/launch
[0.654s] -- Installing: /home/rohithvikram/C++learning/Turtlebot3-control-using-Ros2-and-Fiducial-marker/install/tb3_bringup/share/tb3_bringup/launch/bringup_launch.py
[0.654s] -- Installing: /home/rohithvikram/C++learning/Turtlebot3-control-using-Ros2-and-Fiducial-marker/install/tb3_bringup/share/tb3_bringup/launch/spawn_tb3_launch.py
[0.654s] -- Installing: /home/rohithvikram/C++learning/Turtlebot3-control-using-Ros2-and-Fiducial-marker/install/tb3_bringup/share/tb3_bringup/launch/final.launch.py
[0.654s] -- Installing: /home/rohithvikram/C++learning/Turtlebot3-control-using-Ros2-and-Fiducial-marker/install/tb3_bringup/share/tb3_bringup/launch/localization_launch.py
[0.655s] -- Installing: /home/rohithvikram/C++learning/Turtlebot3-control-using-Ros2-and-Fiducial-marker/install/tb3_bringup/share/tb3_bringup/launch/navigation_launch.py
[0.655s] -- Installing: /home/rohithvikram/C++learning/Turtlebot3-control-using-Ros2-and-Fiducial-marker/install/tb3_bringup/share/tb3_bringup/launch/rviz_launch.py
[0.655s] -- Installing: /home/rohithvikram/C++learning/Turtlebot3-control-using-Ros2-and-Fiducial-marker/install/tb3_bringup/share/tb3_bringup/launch/tb3_simulation_launch.py
[0.655s] -- Installing: /home/rohithvikram/C++learning/Turtlebot3-control-using-Ros2-and-Fiducial-marker/install/tb3_bringup/share/tb3_bringup/launch/slam_launch.py
[0.655s] -- Installing: /home/rohithvikram/C++learning/Turtlebot3-control-using-Ros2-and-Fiducial-marker/install/tb3_bringup/share/tb3_bringup/maps
[0.655s] -- Installing: /home/rohithvikram/C++learning/Turtlebot3-control-using-Ros2-and-Fiducial-marker/install/tb3_bringup/share/tb3_bringup/maps/turtlebot3_world.pgm
[0.656s] -- Installing: /home/rohithvikram/C++learning/Turtlebot3-control-using-Ros2-and-Fiducial-marker/install/tb3_bringup/share/tb3_bringup/maps/turtlebot3_world.yaml
[0.656s] -- Installing: /home/rohithvikram/C++learning/Turtlebot3-control-using-Ros2-and-Fiducial-marker/install/tb3_bringup/share/tb3_bringup/rviz
[0.656s] -- Installing: /home/rohithvikram/C++learning/Turtlebot3-control-using-Ros2-and-Fiducial-marker/install/tb3_bringup/share/tb3_bringup/rviz/robots.rviz
[0.656s] -- Installing: /home/rohithvikram/C++learning/Turtlebot3-control-using-Ros2-and-Fiducial-marker/install/tb3_bringup/share/tb3_bringup/rviz/nav2_namespaced_view.rviz
[0.656s] -- Installing: /home/rohithvikram/C++learning/Turtlebot3-control-using-Ros2-and-Fiducial-marker/install/tb3_bringup/share/tb3_bringup/rviz/robot1.rviz
[0.656s] -- Installing: /home/rohithvikram/C++learning/Turtlebot3-control-using-Ros2-and-Fiducial-marker/install/tb3_bringup/share/tb3_bringup/rviz/nav2_default_view.rviz
[0.656s] -- Installing: /home/rohithvikram/C++learning/Turtlebot3-control-using-Ros2-and-Fiducial-marker/install/tb3_bringup/share/tb3_bringup/worlds
[0.657s] -- Installing: /home/rohithvikram/C++learning/Turtlebot3-control-using-Ros2-and-Fiducial-marker/install/tb3_bringup/share/tb3_bringup/worlds/world_only.model
[0.657s] -- Installing: /home/rohithvikram/C++learning/Turtlebot3-control-using-Ros2-and-Fiducial-marker/install/tb3_bringup/share/tb3_bringup/worlds/empty_world.world
[0.657s] -- Installing: /home/rohithvikram/C++learning/Turtlebot3-control-using-Ros2-and-Fiducial-marker/install/tb3_bringup/share/tb3_bringup/worlds/waffle.model
[0.657s] -- Installing: /home/rohithvikram/C++learning/Turtlebot3-control-using-Ros2-and-Fiducial-marker/install/tb3_bringup/share/tb3_bringup/params
[0.657s] -- Installing: /home/rohithvikram/C++learning/Turtlebot3-control-using-Ros2-and-Fiducial-marker/install/tb3_bringup/share/tb3_bringup/params/nav2_multirobot_params_3yaml
[0.657s] -- Installing: /home/rohithvikram/C++learning/Turtlebot3-control-using-Ros2-and-Fiducial-marker/install/tb3_bringup/share/tb3_bringup/params/nav2_params.yaml
[0.657s] -- Installing: /home/rohithvikram/C++learning/Turtlebot3-control-using-Ros2-and-Fiducial-marker/install/tb3_bringup/share/tb3_bringup/params/nav2_multirobot_params_2.yaml
[0.657s] -- Installing: /home/rohithvikram/C++learning/Turtlebot3-control-using-Ros2-and-Fiducial-marker/install/tb3_bringup/share/tb3_bringup/params/nav2_multirobot_params_1.yaml
[0.658s] -- Installing: /home/rohithvikram/C++learning/Turtlebot3-control-using-Ros2-and-Fiducial-marker/install/tb3_bringup/share/tb3_bringup/urdf
[0.658s] -- Installing: /home/rohithvikram/C++learning/Turtlebot3-control-using-Ros2-and-Fiducial-marker/install/tb3_bringup/share/tb3_bringup/urdf/turtlebot3_waffle.urdf
[0.658s] -- Installing: /home/rohithvikram/C++learning/Turtlebot3-control-using-Ros2-and-Fiducial-marker/install/tb3_bringup/share/ament_index/resource_index/package_run_dependencies/tb3_bringup
[0.658s] -- Installing: /home/rohithvikram/C++learning/Turtlebot3-control-using-Ros2-and-Fiducial-marker/install/tb3_bringup/share/ament_index/resource_index/parent_prefix_path/tb3_bringup
[0.658s] -- Installing: /home/rohithvikram/C++learning/Turtlebot3-control-using-Ros2-and-Fiducial-marker/install/tb3_bringup/share/tb3_bringup/environment/ament_prefix_path.sh
[0.658s] -- Installing: /home/rohithvikram/C++learning/Turtlebot3-control-using-Ros2-and-Fiducial-marker/install/tb3_bringup/share/tb3_bringup/environment/ament_prefix_path.dsv
[0.658s] -- Installing: /home/rohithvikram/C++learning/Turtlebot3-control-using-Ros2-and-Fiducial-marker/install/tb3_bringup/share/tb3_bringup/environment/path.sh
[0.658s] -- Installing: /home/rohithvikram/C++learning/Turtlebot3-control-using-Ros2-and-Fiducial-marker/install/tb3_bringup/share/tb3_bringup/environment/path.dsv
[0.659s] -- Installing: /home/rohithvikram/C++learning/Turtlebot3-control-using-Ros2-and-Fiducial-marker/install/tb3_bringup/share/tb3_bringup/local_setup.bash
[0.659s] -- Installing: /home/rohithvikram/C++learning/Turtlebot3-control-using-Ros2-and-Fiducial-marker/install/tb3_bringup/share/tb3_bringup/local_setup.sh
[0.659s] -- Installing: /home/rohithvikram/C++learning/Turtlebot3-control-using-Ros2-and-Fiducial-marker/install/tb3_bringup/share/tb3_bringup/local_setup.zsh
[0.659s] -- Installing: /home/rohithvikram/C++learning/Turtlebot3-control-using-Ros2-and-Fiducial-marker/install/tb3_bringup/share/tb3_bringup/local_setup.dsv
[0.659s] -- Installing: /home/rohithvikram/C++learning/Turtlebot3-control-using-Ros2-and-Fiducial-marker/install/tb3_bringup/share/tb3_bringup/package.dsv
[0.659s] -- Installing: /home/rohithvikram/C++learning/Turtlebot3-control-using-Ros2-and-Fiducial-marker/install/tb3_bringup/share/ament_index/resource_index/packages/tb3_bringup
[0.659s] -- Installing: /home/rohithvikram/C++learning/Turtlebot3-control-using-Ros2-and-Fiducial-marker/install/tb3_bringup/share/tb3_bringup/cmake/tb3_bringupConfig.cmake
[0.659s] -- Installing: /home/rohithvikram/C++learning/Turtlebot3-control-using-Ros2-and-Fiducial-marker/install/tb3_bringup/share/tb3_bringup/cmake/tb3_bringupConfig-version.cmake
[0.659s] -- Installing: /home/rohithvikram/C++learning/Turtlebot3-control-using-Ros2-and-Fiducial-marker/install/tb3_bringup/share/tb3_bringup/package.xml
[0.661s] Invoked command in '/home/rohithvikram/C++learning/Turtlebot3-control-using-Ros2-and-Fiducial-marker/build/tb3_bringup' returned '0': AMENT_PREFIX_PATH=/home/rohithvikram/C++learning/Turtlebot3-control-using-Ros2-and-Fiducial-marker/install/tb3_gazebo:${AMENT_PREFIX_PATH} CMAKE_PREFIX_PATH=/home/rohithvikram/C++learning/Turtlebot3-control-using-Ros2-and-Fiducial-marker/install/tb3_gazebo:/home/rohithvikram/voidwalking/ros2_ws/install/turtlebot3_tests:/home/rohithvikram/voidwalking/ros2_ws/install/tracking:/home/rohithvikram/voidwalking/ros2_ws/install/tf2_plugins:/home/rohithvikram/voidwalking/ros2_ws/install/spatio_temporal_voxel_layer:/home/rohithvikram/voidwalking/ros2_ws/install/main:/home/rohithvikram/voidwalking/ros2_ws/install/simulation:/home/rohithvikram/voidwalking/ros2_ws/install/rviz_satellite:/home/rohithvikram/voidwalking/ros2_ws/install/obstacle_avoidance:/home/rohithvikram/voidwalking/ros2_ws/install/nav2_turtlebot3:/home/rohithvikram/voidwalking/ros2_ws/install/custom_rover_tests:/home/rohithvikram/voidwalking/ros2_ws/install/mapping:/home/microros_ws/install/micro_ros_setup:/home/microros_ws/install/micro_ros_agent:/home/microros_ws/install/micro_ros_msgs:/home/rohithvikram/voidwalking/ros2_ws/install/waypoints:/opt/ros/humble /usr/bin/cmake --install /home/rohithvikram/C++learning/Turtlebot3-control-using-Ros2-and-Fiducial-marker/build/tb3_bringup
