[0.502s] Invoking command in '/home/rohithvikram/C++learning/Turtlebot3-control-using-Ros2-and-Fiducial-marker/build/world_odom_broadcaster': CMAKE_PREFIX_PATH=${CMAKE_PREFIX_PATH}:/home/rohithvikram/voidwalking/ros2_ws/install/waypoints:/opt/ros/humble /usr/bin/cmake /home/rohithvikram/C++learning/Turtlebot3-control-using-Ros2-and-Fiducial-marker/Turtlebot3_control/world_odom_broadcaster -DCMAKE_INSTALL_PREFIX=/home/rohithvikram/C++learning/Turtlebot3-control-using-Ros2-and-Fiducial-marker/install/world_odom_broadcaster
[0.530s] -- The C compiler identification is GNU 11.4.0
[0.565s] -- The CXX compiler identification is GNU 11.4.0
[0.569s] -- Detecting C compiler ABI info
[0.624s] -- Detecting C compiler ABI info - done
[0.632s] -- Check for working C compiler: /usr/bin/cc - skipped
[0.632s] -- Detecting C compile features
[0.632s] -- Detecting C compile features - done
[0.635s] -- Detecting CXX compiler ABI info
[0.711s] -- Detecting CXX compiler ABI info - done
[0.719s] -- Check for working CXX compiler: /usr/bin/c++ - skipped
[0.719s] -- Detecting CXX compile features
[0.720s] -- Detecting CXX compile features - done
[0.724s] -- Found ament_cmake: 1.3.11 (/opt/ros/humble/share/ament_cmake/cmake)
[0.843s] -- Found Python3: /usr/bin/python3 (found version "3.10.12") found components: Interpreter 
[0.935s] -- Found rclcpp: 16.0.11 (/opt/ros/humble/share/rclcpp/cmake)
[0.994s] -- Found rosidl_generator_c: 3.1.6 (/opt/ros/humble/share/rosidl_generator_c/cmake)
[1.002s] -- Found rosidl_adapter: 3.1.6 (/opt/ros/humble/share/rosidl_adapter/cmake)
[1.013s] -- Found rosidl_generator_cpp: 3.1.6 (/opt/ros/humble/share/rosidl_generator_cpp/cmake)
[1.027s] -- Using all available rosidl_typesupport_c: rosidl_typesupport_fastrtps_c;rosidl_typesupport_introspection_c
[1.048s] -- Using all available rosidl_typesupport_cpp: rosidl_typesupport_fastrtps_cpp;rosidl_typesupport_introspection_cpp
[1.105s] -- Found rmw_implementation_cmake: 6.1.2 (/opt/ros/humble/share/rmw_implementation_cmake/cmake)
[1.110s] -- Found rmw_fastrtps_cpp: 6.2.7 (/opt/ros/humble/share/rmw_fastrtps_cpp/cmake)
[1.196s] -- Found OpenSSL: /usr/lib/x86_64-linux-gnu/libcrypto.so (found version "3.0.2")  
[1.226s] -- Found FastRTPS: /opt/ros/humble/include  
[1.271s] -- Using RMW implementation 'rmw_fastrtps_cpp' as default
[1.283s] -- Looking for pthread.h
[1.349s] -- Looking for pthread.h - found
[1.349s] -- Performing Test CMAKE_HAVE_LIBC_PTHREAD
[1.413s] -- Performing Test CMAKE_HAVE_LIBC_PTHREAD - Success
[1.414s] -- Found Threads: TRUE  
[1.452s] -- Found rclcpp_components: 16.0.11 (/opt/ros/humble/share/rclcpp_components/cmake)
[1.471s] -- Found rclpy: 3.3.15 (/opt/ros/humble/share/rclpy/cmake)
[1.472s] -- Found geometry_msgs: 4.2.4 (/opt/ros/humble/share/geometry_msgs/cmake)
[1.481s] -- Found tf2_ros: 0.25.9 (/opt/ros/humble/share/tf2_ros/cmake)
[1.533s] -- Found nav_msgs: 4.2.4 (/opt/ros/humble/share/nav_msgs/cmake)
[1.613s] -- Configuring done
[1.624s] -- Generating done
[1.629s] -- Build files have been written to: /home/rohithvikram/C++learning/Turtlebot3-control-using-Ros2-and-Fiducial-marker/build/world_odom_broadcaster
[1.639s] Invoked command in '/home/rohithvikram/C++learning/Turtlebot3-control-using-Ros2-and-Fiducial-marker/build/world_odom_broadcaster' returned '0': CMAKE_PREFIX_PATH=${CMAKE_PREFIX_PATH}:/home/rohithvikram/voidwalking/ros2_ws/install/waypoints:/opt/ros/humble /usr/bin/cmake /home/rohithvikram/C++learning/Turtlebot3-control-using-Ros2-and-Fiducial-marker/Turtlebot3_control/world_odom_broadcaster -DCMAKE_INSTALL_PREFIX=/home/rohithvikram/C++learning/Turtlebot3-control-using-Ros2-and-Fiducial-marker/install/world_odom_broadcaster
[1.640s] Invoking command in '/home/rohithvikram/C++learning/Turtlebot3-control-using-Ros2-and-Fiducial-marker/build/world_odom_broadcaster': CMAKE_PREFIX_PATH=${CMAKE_PREFIX_PATH}:/home/rohithvikram/voidwalking/ros2_ws/install/waypoints:/opt/ros/humble /usr/bin/cmake --build /home/rohithvikram/C++learning/Turtlebot3-control-using-Ros2-and-Fiducial-marker/build/world_odom_broadcaster -- -j20 -l20
[1.689s] [ 66%] [32mBuilding CXX object CMakeFiles/world_odom_broadcaster.dir/src/world_odom_broadcaster.cpp.o[0m
[1.690s] [ 66%] [32mBuilding CXX object CMakeFiles/world_odom_broadcaster.dir/src/main.cpp.o[0m
[4.391s] [100%] [32m[1mLinking CXX executable world_odom_broadcaster[0m
[4.567s] [100%] Built target world_odom_broadcaster
[4.576s] Invoked command in '/home/rohithvikram/C++learning/Turtlebot3-control-using-Ros2-and-Fiducial-marker/build/world_odom_broadcaster' returned '0': CMAKE_PREFIX_PATH=${CMAKE_PREFIX_PATH}:/home/rohithvikram/voidwalking/ros2_ws/install/waypoints:/opt/ros/humble /usr/bin/cmake --build /home/rohithvikram/C++learning/Turtlebot3-control-using-Ros2-and-Fiducial-marker/build/world_odom_broadcaster -- -j20 -l20
[4.578s] Invoking command in '/home/rohithvikram/C++learning/Turtlebot3-control-using-Ros2-and-Fiducial-marker/build/world_odom_broadcaster': CMAKE_PREFIX_PATH=${CMAKE_PREFIX_PATH}:/home/rohithvikram/voidwalking/ros2_ws/install/waypoints:/opt/ros/humble /usr/bin/cmake --install /home/rohithvikram/C++learning/Turtlebot3-control-using-Ros2-and-Fiducial-marker/build/world_odom_broadcaster
[4.584s] -- Install configuration: ""
[4.584s] -- Installing: /home/rohithvikram/C++learning/Turtlebot3-control-using-Ros2-and-Fiducial-marker/install/world_odom_broadcaster/lib/world_odom_broadcaster/world_odom_broadcaster
[4.585s] -- Set runtime path of "/home/rohithvikram/C++learning/Turtlebot3-control-using-Ros2-and-Fiducial-marker/install/world_odom_broadcaster/lib/world_odom_broadcaster/world_odom_broadcaster" to ""
[4.585s] -- Installing: /home/rohithvikram/C++learning/Turtlebot3-control-using-Ros2-and-Fiducial-marker/install/world_odom_broadcaster/share/ament_index/resource_index/package_run_dependencies/world_odom_broadcaster
[4.585s] -- Installing: /home/rohithvikram/C++learning/Turtlebot3-control-using-Ros2-and-Fiducial-marker/install/world_odom_broadcaster/share/ament_index/resource_index/parent_prefix_path/world_odom_broadcaster
[4.585s] -- Installing: /home/rohithvikram/C++learning/Turtlebot3-control-using-Ros2-and-Fiducial-marker/install/world_odom_broadcaster/share/world_odom_broadcaster/environment/ament_prefix_path.sh
[4.585s] -- Installing: /home/rohithvikram/C++learning/Turtlebot3-control-using-Ros2-and-Fiducial-marker/install/world_odom_broadcaster/share/world_odom_broadcaster/environment/ament_prefix_path.dsv
[4.585s] -- Installing: /home/rohithvikram/C++learning/Turtlebot3-control-using-Ros2-and-Fiducial-marker/install/world_odom_broadcaster/share/world_odom_broadcaster/environment/path.sh
[4.585s] -- Installing: /home/rohithvikram/C++learning/Turtlebot3-control-using-Ros2-and-Fiducial-marker/install/world_odom_broadcaster/share/world_odom_broadcaster/environment/path.dsv
[4.585s] -- Installing: /home/rohithvikram/C++learning/Turtlebot3-control-using-Ros2-and-Fiducial-marker/install/world_odom_broadcaster/share/world_odom_broadcaster/local_setup.bash
[4.585s] -- Installing: /home/rohithvikram/C++learning/Turtlebot3-control-using-Ros2-and-Fiducial-marker/install/world_odom_broadcaster/share/world_odom_broadcaster/local_setup.sh
[4.586s] -- Installing: /home/rohithvikram/C++learning/Turtlebot3-control-using-Ros2-and-Fiducial-marker/install/world_odom_broadcaster/share/world_odom_broadcaster/local_setup.zsh
[4.586s] -- Installing: /home/rohithvikram/C++learning/Turtlebot3-control-using-Ros2-and-Fiducial-marker/install/world_odom_broadcaster/share/world_odom_broadcaster/local_setup.dsv
[4.586s] -- Installing: /home/rohithvikram/C++learning/Turtlebot3-control-using-Ros2-and-Fiducial-marker/install/world_odom_broadcaster/share/world_odom_broadcaster/package.dsv
[4.586s] -- Installing: /home/rohithvikram/C++learning/Turtlebot3-control-using-Ros2-and-Fiducial-marker/install/world_odom_broadcaster/share/ament_index/resource_index/packages/world_odom_broadcaster
[4.586s] -- Installing: /home/rohithvikram/C++learning/Turtlebot3-control-using-Ros2-and-Fiducial-marker/install/world_odom_broadcaster/share/world_odom_broadcaster/cmake/world_odom_broadcasterConfig.cmake
[4.586s] -- Installing: /home/rohithvikram/C++learning/Turtlebot3-control-using-Ros2-and-Fiducial-marker/install/world_odom_broadcaster/share/world_odom_broadcaster/cmake/world_odom_broadcasterConfig-version.cmake
[4.586s] -- Installing: /home/rohithvikram/C++learning/Turtlebot3-control-using-Ros2-and-Fiducial-marker/install/world_odom_broadcaster/share/world_odom_broadcaster/package.xml
[4.588s] Invoked command in '/home/rohithvikram/C++learning/Turtlebot3-control-using-Ros2-and-Fiducial-marker/build/world_odom_broadcaster' returned '0': CMAKE_PREFIX_PATH=${CMAKE_PREFIX_PATH}:/home/rohithvikram/voidwalking/ros2_ws/install/waypoints:/opt/ros/humble /usr/bin/cmake --install /home/rohithvikram/C++learning/Turtlebot3-control-using-Ros2-and-Fiducial-marker/build/world_odom_broadcaster
